<?xml version="1.0" encoding="utf-8"?><testsuites name="pytest tests"><testsuite name="pytest" errors="0" failures="0" skipped="0" tests="11" time="5.251" timestamp="2026-08-07T02:33:51.519139+00:00" hostname="agent-env-5fe281d6-e733-4396-8458-ff3f45176e67"><testcase classname="tests.test_store_release2" name="test_register_returns_token_and_user_welcome_email_non_blocking" time="0.393" /><testcase classname="tests.test_store_release2" name="test_register_duplicate_returns_409" time="0.107" /><testcase classname="tests.test_store_release2" name="test_forgot_returns_ok_for_existing_email" time="0.363" /><testcase classname="tests.test_store_release2" name="test_forgot_returns_ok_for_unknown_email" time="0.106" /><testcase classname="tests.test_store_release2" name="test_reset_with_bad_token_returns_400" time="0.366" /><testcase classname="tests.test_store_release2" name="test_reset_with_missing_fields_returns_422" time="0.133" /><testcase classname="tests.test_store_release2" name="test_admin_patch_persists_shipped_and_tracking" time="1.237" /><testcase classname="tests.test_store_release2" name="test_admin_patch_invalid_fulfillment_returns_422" time="0.833" /><testcase classname="tests.test_store_release2" name="test_admin_patch_all_valid_statuses" time="1.149" /><testcase classname="tests.test_store_release2" name="test_admin_patch_unknown_order_returns_404" time="0.105" /><testcase classname="tests.test_store_release2" name="test_admin_orders_shape" time="0.107" /></testsuite></testsuites>