<?xml version="1.0" encoding="utf-8"?><testsuites name="pytest tests"><testsuite name="pytest" errors="0" failures="0" skipped="0" tests="25" time="8.010" timestamp="2026-08-07T02:10:40.989126+00:00" hostname="agent-env-5fe281d6-e733-4396-8458-ff3f45176e67"><testcase classname="tests.test_store" name="test_catalog_shape" time="0.214" /><testcase classname="tests.test_store" name="test_register_login_me" time="0.822" /><testcase classname="tests.test_store" name="test_register_duplicate_rejected" time="0.111" /><testcase classname="tests.test_store" name="test_login_wrong_password" time="0.370" /><testcase classname="tests.test_store" name="test_register_short_password" time="0.102" /><testcase classname="tests.test_store" name="test_me_requires_auth" time="0.151" /><testcase classname="tests.test_store" name="test_update_profile" time="0.234" /><testcase classname="tests.test_store" name="test_addresses_crud" time="0.659" /><testcase classname="tests.test_store" name="test_addresses_require_auth" time="0.111" /><testcase classname="tests.test_store" name="test_wishlist_toggle" time="0.316" /><testcase classname="tests.test_store" name="test_wishlist_unknown_product" time="0.099" /><testcase classname="tests.test_store" name="test_guest_checkout_creates_pending_order" time="1.065" /><testcase classname="tests.test_store" name="test_logged_in_checkout_attaches_user_id" time="1.046" /><testcase classname="tests.test_store" name="test_checkout_empty_cart_rejected" time="0.100" /><testcase classname="tests.test_store" name="test_checkout_bad_product_rejected" time="0.102" /><testcase classname="tests.test_store" name="test_customer_orders_only_paid" time="0.117" /><testcase classname="tests.test_store" name="test_customer_orders_requires_auth" time="0.108" /><testcase classname="tests.test_store" name="test_admin_orders_list" time="0.426" /><testcase classname="tests.test_store" name="test_admin_orders_unauth_rejected" time="0.108" /><testcase classname="tests.test_store" name="test_admin_orders_customer_token_rejected" time="0.118" /><testcase classname="tests.test_store" name="test_admin_patch_fulfillment" time="0.814" /><testcase classname="tests.test_store" name="test_admin_patch_missing_order" time="0.102" /><testcase classname="tests.test_store" name="test_regression_config_endpoint" time="0.100" /><testcase classname="tests.test_store" name="test_regression_public_inquiry" time="0.109" /><testcase classname="tests.test_store" name="test_regression_admin_inquiries" time="0.098" /></testsuite></testsuites>