<?xml version="1.0" encoding="utf-8"?><testsuites name="pytest tests"><testsuite name="pytest" errors="0" failures="0" skipped="0" tests="13" time="3.095" timestamp="2026-08-01T18:20:23.676441+00:00" hostname="agent-env-5fe281d6-e733-4396-8458-ff3f45176e67"><testcase classname="tests.backend_test" name="test_config_endpoint" time="0.186" /><testcase classname="tests.backend_test" name="test_create_inquiry_success" time="0.116" /><testcase classname="tests.backend_test" name="test_honeypot_no_store" time="0.656" /><testcase classname="tests.backend_test" name="test_invalid_email_rejected" time="0.107" /><testcase classname="tests.backend_test" name="test_missing_required_fields" time="0.140" /><testcase classname="tests.backend_test" name="test_upsert_by_email" time="0.349" /><testcase classname="tests.backend_test" name="test_login_wrong_password" time="0.325" /><testcase classname="tests.backend_test" name="test_admin_requires_auth" time="0.096" /><testcase classname="tests.backend_test" name="test_admin_list_ok" time="0.098" /><testcase classname="tests.backend_test" name="test_patch_updates_persist" time="0.346" /><testcase classname="tests.backend_test" name="test_patch_404_for_missing_id" time="0.097" /><testcase classname="tests.backend_test" name="test_export_csv" time="0.118" /><testcase classname="tests.backend_test" name="test_export_filtered" time="0.113" /></testsuite></testsuites>