<?xml version="1.0" encoding="utf-8"?><testsuites name="pytest tests"><testsuite name="pytest" errors="0" failures="0" skipped="0" tests="6" time="1.022" timestamp="2026-08-07T03:10:11.483285+00:00" hostname="agent-env-5fe281d6-e733-4396-8458-ff3f45176e67"><testcase classname="tests.test_shop_waitlist.TestWaitlist" name="test_join_waitlist_success" time="0.424" /><testcase classname="tests.test_shop_waitlist.TestWaitlist" name="test_join_waitlist_upsert_no_duplicates" time="0.098" /><testcase classname="tests.test_shop_waitlist.TestWaitlist" name="test_join_waitlist_invalid_email" time="0.043" /><testcase classname="tests.test_shop_waitlist.TestWaitlist" name="test_join_waitlist_missing_name" time="0.043" /><testcase classname="tests.test_shop_waitlist.TestWaitlist" name="test_admin_waitlist_requires_auth" time="0.044" /><testcase classname="tests.test_shop_waitlist.TestWaitlist" name="test_admin_waitlist_returns_signup" time="0.047" /></testsuite></testsuites>