<?xml version="1.0" encoding="utf-8"?><testsuites name="pytest tests"><testsuite name="pytest" errors="0" failures="0" skipped="0" tests="28" time="13.675" timestamp="2026-07-31T19:18:04.723311+00:00" hostname="agent-env-c2bf50cf-f451-41c8-8408-7664fcfd8a56"><testcase classname="tests.test_security_auth.TestAuthRegression" name="test_seeded_login_still_works[student@cynaiah.demo]" time="0.400" /><testcase classname="tests.test_security_auth.TestRoleEscalation" name="test_public_blocked_for_elevated_role[faculty]" time="0.411" /><testcase classname="tests.test_security_auth.TestAuthRegression" name="test_seeded_login_still_works[faculty@cynaiah.demo]" time="0.278" /><testcase classname="tests.test_security_auth.TestRoleEscalation" name="test_public_blocked_for_elevated_role[mentor]" time="0.279" /><testcase classname="tests.test_security_auth.TestAuthRegression" name="test_seeded_login_still_works[admin@cynaiah.demo]" time="0.280" /><testcase classname="tests.test_security_auth.TestRoleEscalation" name="test_public_blocked_for_elevated_role[institutional_admin]" time="0.281" /><testcase classname="tests.test_security_auth.TestAuthRegression" name="test_me_endpoint_works[student@cynaiah.demo-student]" time="0.331" /><testcase classname="tests.test_security_auth.TestRoleEscalation" name="test_public_blocked_for_elevated_role[platform_admin]" time="0.281" /><testcase classname="tests.test_security_auth.TestRoleEscalation" name="test_public_allowed_for_self_register_roles[student]" time="0.557" /><testcase classname="tests.test_security_auth.TestAuthRegression" name="test_me_endpoint_works[faculty@cynaiah.demo-faculty]" time="0.553" /><testcase classname="tests.test_security_auth.TestRoleEscalation" name="test_public_allowed_for_self_register_roles[collaborator]" time="0.282" /><testcase classname="tests.test_security_auth.TestAuthRegression" name="test_me_endpoint_works[admin@cynaiah.demo-platform_admin]" time="0.705" /><testcase classname="tests.test_security_auth.TestAuthRegression" name="test_wrong_password_valid_email_no_leak" time="0.501" /><testcase classname="tests.test_security_auth.TestRoleEscalation" name="test_admin_can_create_faculty" time="0.970" /><testcase classname="tests.test_security_auth.TestAuthRegression" name="test_wrong_email_same_detail_no_enumeration" time="0.515" /><testcase classname="tests.test_security_auth.TestSeedGuard" name="test_seed_no_token_401" time="0.059" /><testcase classname="tests.test_security_auth.TestRoleEscalation" name="test_student_token_cannot_create_faculty" time="0.567" /><testcase classname="tests.test_security_auth.TestPasswordStrength" name="test_too_short" time="0.277" /><testcase classname="tests.test_security_auth.TestSeedGuard" name="test_seed_student_token_403" time="0.319" /><testcase classname="tests.test_security_auth.TestPasswordStrength" name="test_no_letter" time="0.063" /><testcase classname="tests.test_security_auth.TestPasswordStrength" name="test_no_digit" time="0.264" /><testcase classname="tests.test_security_auth.TestPasswordStrength" name="test_valid_password_registers" time="0.293" /><testcase classname="tests.test_security_auth.TestSeedGuard" name="test_seed_admin_token_200" time="0.586" /><testcase classname="tests.test_security_auth.TestAncrRegression" name="test_link_registry" time="0.062" /><testcase classname="tests.test_security_auth.TestBruteForceLockout" name="test_lockout_after_8_fails" time="2.354" /><testcase classname="tests.test_security_auth.TestAncrRegression" name="test_resolve_link_unknown_404" time="0.229" /><testcase classname="tests.test_security_auth.TestBruteForceLockout" name="test_lockout_is_per_identifier" time="2.886" /><testcase classname="tests.test_security_auth.TestBruteForceLockout" name="test_lockout_clears_after_reset_and_next_login_success" time="2.878" /></testsuite></testsuites>