<?xml version="1.0" encoding="utf-8"?><testsuites name="pytest tests"><testsuite name="pytest" errors="0" failures="0" skipped="0" tests="11" time="3.549" timestamp="2026-07-31T19:28:58.093298+00:00" hostname="agent-env-c2bf50cf-f451-41c8-8408-7664fcfd8a56"><testcase classname="tests.test_admin_bootstrap.TestEnvironmentEndpoint" name="test_environment_no_auth_returns_posture" time="0.137" /><testcase classname="tests.test_admin_bootstrap.TestDemoModeContract" name="test_demo_admin_login_succeeds" time="0.414" /><testcase classname="tests.test_admin_bootstrap.TestEnvironmentEndpoint" name="test_environment_only_has_documented_keys" time="0.276" /><testcase classname="tests.test_admin_bootstrap.TestDemoModeContract" name="test_demo_warning_log_emitted_on_seed" time="0.370" /><testcase classname="tests.test_admin_bootstrap.TestEnvironmentEndpoint" name="test_environment_leaks_no_secrets" time="0.128" /><testcase classname="tests.test_admin_bootstrap.TestProductionRefusesDemoCreds" name="test_prod_with_demo_creds_refused" time="0.019" /><testcase classname="tests.test_admin_bootstrap.TestProductionRealBootstrap" name="test_prod_with_real_creds_creates_admin" time="0.829" /><testcase classname="tests.test_admin_bootstrap.TestElevatedRegistrationRegression" name="test_register_faculty_with_admin_token_succeeds" time="1.199" /><testcase classname="tests.test_admin_bootstrap.TestProductionMissingEnvVars" name="test_prod_no_env_vars_skips_bootstrap" time="0.004" /><testcase classname="tests.test_admin_bootstrap.TestDemoModeIdempotency" name="test_demo_mode_idempotent" time="0.793" /><testcase classname="tests.test_admin_bootstrap.TestElevatedRegistrationRegression" name="test_register_faculty_without_token_forbidden" time="0.144" /></testsuite></testsuites>