<?xml version="1.0" encoding="utf-8"?><testsuites name="pytest tests"><testsuite name="pytest" errors="0" failures="0" skipped="0" tests="17" time="32.086" timestamp="2026-08-01T00:19:00.891654+00:00" hostname="agent-env-c2bf50cf-f451-41c8-8408-7664fcfd8a56"><testcase classname="tests.test_cyna.TestCynaSessions" name="test_create_session" time="0.641" /><testcase classname="tests.test_cyna.TestCynaChat" name="test_chat_first_turn" time="13.480" /><testcase classname="tests.test_cyna.TestCynaSessions" name="test_list_sessions_contains_created" time="0.115" /><testcase classname="tests.test_cyna.TestCynaSessions" name="test_cross_owner_isolation" time="1.235" /><testcase classname="tests.test_cyna.TestCynaSessions" name="test_no_auth_returns_401" time="0.097" /><testcase classname="tests.test_cyna.TestCynaActionExecute" name="test_add_finishing_note" time="0.107" /><testcase classname="tests.test_cyna.TestCynaActionExecute" name="test_draft_script" time="0.102" /><testcase classname="tests.test_cyna.TestCynaActionExecute" name="test_unknown_kind_400" time="0.110" /><testcase classname="tests.test_cyna.TestCynaActionExecute" name="test_cross_project_404" time="0.111" /><testcase classname="tests.test_cyna.TestCynaProposedActions" name="test_general_qna_no_actions" time="14.610" /><testcase classname="tests.test_cyna.TestCynaChat" name="test_title_inferred_and_project_persisted" time="0.152" /><testcase classname="tests.test_cyna.TestCynaChat" name="test_history_preserved" time="0.325" /><testcase classname="tests.test_cyna.TestCynaChat" name="test_empty_message_400" time="0.105" /><testcase classname="tests.test_cyna.TestCynaChat" name="test_too_long_message_400" time="0.103" /><testcase classname="tests.test_cyna.TestCynaChat" name="test_cross_owner_chat_404" time="0.776" /><testcase classname="tests.test_cyna.TestCynaProposedActions" name="test_explicit_draft_produces_action" time="8.360" /><testcase classname="tests.test_cyna.TestCynaDelete" name="test_delete_session_and_cascade" time="6.041" /></testsuite></testsuites>