<?xml version="1.0" encoding="utf-8"?><testsuites name="pytest tests"><testsuite name="pytest" errors="0" failures="0" skipped="0" tests="118" time="45.289" timestamp="2026-07-31T19:29:06.220395+00:00" hostname="agent-env-c2bf50cf-f451-41c8-8408-7664fcfd8a56"><testcase classname="tests.test_ancr_envelope" name="test_link_registry_public_no_auth" time="0.119" /><testcase classname="tests.test_security_authz" name="test_cross_owner_get_nested_blocked[music]" time="0.576" /><testcase classname="tests.test_security_authz" name="test_cross_owner_get_nested_blocked[cues]" time="0.045" /><testcase classname="tests.test_ancr_envelope" name="test_resolve_link_valid_event" time="0.507" /><testcase classname="tests.test_security_authz" name="test_cross_owner_get_nested_blocked[rights]" time="0.046" /><testcase classname="tests.test_ancr_envelope" name="test_resolve_link_valid_project" time="0.048" /><testcase classname="tests.test_security_authz" name="test_cross_owner_get_nested_blocked[feedback]" time="0.085" /><testcase classname="tests.test_ancr_envelope" name="test_resolve_link_faculty_project" time="0.046" /><testcase classname="tests.test_ancr_envelope" name="test_resolve_link_faculty_dashboard" time="0.048" /><testcase classname="tests.test_security_authz" name="test_cross_owner_post_cues_blocked" time="0.084" /><testcase classname="tests.test_ancr_envelope" name="test_resolve_link_project_command_center" time="0.056" /><testcase classname="tests.test_ancr_envelope" name="test_resolve_link_unregistered_returns_404[/random/nowhere]" time="0.054" /><testcase classname="tests.test_security_authz" name="test_cross_owner_post_rights_blocked" time="0.049" /><testcase classname="tests.test_ancr_envelope" name="test_resolve_link_unregistered_returns_404[/reviews]" time="0.048" /><testcase classname="tests.test_security_authz" name="test_cross_owner_post_scripts_blocked" time="0.093" /><testcase classname="tests.test_ancr_envelope" name="test_resolve_link_unregistered_returns_404[/reviews?review=abc]" time="0.110" /><testcase classname="tests.test_security_authz" name="test_cross_owner_post_characters_blocked" time="0.048" /><testcase classname="tests.test_security_authz" name="test_cross_owner_post_storyboard_frames_blocked" time="0.048" /><testcase classname="tests.test_ancr_envelope" name="test_resolve_link_unregistered_returns_404[not-a-path]" time="0.087" /><testcase classname="tests.test_ancr_envelope" name="test_resolve_link_unregistered_returns_404[]" time="0.221" /><testcase classname="tests.test_ancr_envelope" name="test_resolve_link_requires_auth" time="0.097" /><testcase classname="tests.test_security_authz" name="test_cross_owner_patch_cue_blocked" time="0.368" /><testcase classname="tests.test_security_authz" name="test_cross_owner_delete_cue_blocked" time="0.051" /><testcase classname="tests.test_security_authz" name="test_cross_owner_delete_right_blocked" time="0.271" /><testcase classname="tests.test_security_authz" name="test_cross_owner_ai_script_no_save" time="6.022" /><testcase classname="tests.test_ancr_envelope" name="test_envelope_shape_per_kind[written]" time="0.739" /><testcase classname="tests.test_ancr_envelope" name="test_envelope_shape_per_kind[time_coded]" time="0.111" /><testcase classname="tests.test_ancr_envelope" name="test_envelope_shape_per_kind[coverage_response]" time="0.105" /><testcase classname="tests.test_ancr_envelope" name="test_envelope_shape_per_kind[rubric]" time="0.101" /><testcase classname="tests.test_ancr_envelope" name="test_envelope_shape_per_kind[status]" time="0.150" /><testcase classname="tests.test_ancr_envelope" name="test_five_reviews_produce_five_notifications" time="0.053" /><testcase classname="tests.test_ancr_envelope" name="test_envelope_cross_owner_404" time="0.384" /><testcase classname="tests.test_ancr_envelope" name="test_envelope_invalid_id_404" time="0.045" /><testcase classname="tests.test_ancr_envelope" name="test_envelope_requires_auth" time="0.103" /><testcase classname="tests.test_ancr_envelope" name="test_every_notification_link_resolves_for_student" time="4.474" /><testcase classname="tests.test_ancr_envelope" name="test_every_notification_link_resolves_for_faculty" time="0.047" /><testcase classname="tests.test_ancr_envelope" name="test_route_projects_reviews_owner_ok" time="0.060" /><testcase classname="tests.test_security_authz" name="test_cross_owner_ai_image_no_save" time="7.349" /><testcase classname="tests.test_ancr_envelope" name="test_route_faculty_project_assigned_ok" time="0.053" /><testcase classname="tests.test_ancr_envelope" name="test_route_faculty_project_unassigned_forbidden_for_attacker" time="0.055" /><testcase classname="tests.test_ancr_envelope" name="test_route_project_command_center_owner_ok" time="0.060" /><testcase classname="tests.test_ancr_envelope" name="test_regression_seeded_reviews_preserved" time="0.096" /><testcase classname="tests.test_review_notifications" name="test_baseline_seeded_reviews_present" time="0.497" /><testcase classname="tests.test_review_notifications" name="test_review_creates_notification[written]" time="0.639" /><testcase classname="tests.test_review_notifications" name="test_review_creates_notification[time_coded]" time="0.055" /><testcase classname="tests.test_review_notifications" name="test_review_creates_notification[coverage_response]" time="0.072" /><testcase classname="tests.test_review_notifications" name="test_review_creates_notification[rubric]" time="0.054" /><testcase classname="tests.test_review_notifications" name="test_review_creates_notification[status]" time="0.067" /><testcase classname="tests.test_review_notifications" name="test_notification_copy_written" time="0.066" /><testcase classname="tests.test_review_notifications" name="test_notification_copy_time_coded" time="0.061" /><testcase classname="tests.test_review_notifications" name="test_notification_copy_coverage_response" time="0.060" /><testcase classname="tests.test_review_notifications" name="test_notification_copy_rubric" time="0.064" /><testcase classname="tests.test_review_notifications" name="test_notification_copy_status" time="0.055" /><testcase classname="tests.test_review_notifications" name="test_get_notifications_sorted_desc" time="0.062" /><testcase classname="tests.test_review_notifications" name="test_get_notifications_has_deep_links" time="0.056" /><testcase classname="tests.test_review_notifications" name="test_mark_read_owner" time="0.223" /><testcase classname="tests.test_review_notifications" name="test_mark_read_cross_owner_is_noop" time="0.477" /><testcase classname="tests.test_review_notifications" name="test_mark_all_read" time="0.163" /><testcase classname="tests.test_review_notifications" name="test_mark_all_read_does_not_touch_others" time="0.239" /><testcase classname="tests.test_review_notifications" name="test_cross_owner_get_notifications_isolated" time="0.106" /><testcase classname="tests.test_review_notifications" name="test_seeded_reviews_untouched_after_notifications" time="0.060" /><testcase classname="tests.test_review_notifications" name="test_supersede_preserves_old_row" time="0.123" /><testcase classname="tests.test_review_notifications" name="test_review_row_not_mutated_by_notification" time="0.113" /><testcase classname="tests.test_review_notifications" name="test_reviews_endpoint_still_returns_seed_plus_new" time="0.055" /><testcase classname="tests.test_security_auth.TestRoleEscalation" name="test_public_blocked_for_elevated_role[faculty]" time="0.115" /><testcase classname="tests.test_security_auth.TestRoleEscalation" name="test_public_blocked_for_elevated_role[mentor]" time="0.050" /><testcase classname="tests.test_security_auth.TestRoleEscalation" name="test_public_blocked_for_elevated_role[institutional_admin]" time="0.056" /><testcase classname="tests.test_security_auth.TestRoleEscalation" name="test_public_blocked_for_elevated_role[platform_admin]" time="0.049" /><testcase classname="tests.test_security_auth.TestRoleEscalation" name="test_public_allowed_for_self_register_roles[student]" time="0.274" /><testcase classname="tests.test_security_auth.TestRoleEscalation" name="test_public_allowed_for_self_register_roles[collaborator]" time="0.283" /><testcase classname="tests.test_security_auth.TestRoleEscalation" name="test_admin_can_create_faculty" time="0.569" /><testcase classname="tests.test_security_auth.TestRoleEscalation" name="test_student_token_cannot_create_faculty" time="0.344" /><testcase classname="tests.test_security_auth.TestAuthRegression" name="test_seeded_login_still_works[student@cynaiah.demo]" time="0.295" /><testcase classname="tests.test_security_auth.TestAuthRegression" name="test_seeded_login_still_works[faculty@cynaiah.demo]" time="0.281" /><testcase classname="tests.test_security_auth.TestAuthRegression" name="test_seeded_login_still_works[admin@cynaiah.demo]" time="0.293" /><testcase classname="tests.test_security_auth.TestAuthRegression" name="test_me_endpoint_works[student@cynaiah.demo-student]" time="0.345" /><testcase classname="tests.test_security_auth.TestAuthRegression" name="test_me_endpoint_works[faculty@cynaiah.demo-faculty]" time="0.338" /><testcase classname="tests.test_security_auth.TestAuthRegression" name="test_me_endpoint_works[admin@cynaiah.demo-platform_admin]" time="0.350" /><testcase classname="tests.test_security_auth.TestAuthRegression" name="test_wrong_password_valid_email_no_leak" time="0.321" /><testcase classname="tests.test_security_authz" name="test_owner_get_music" time="0.263" /><testcase classname="tests.test_security_authz" name="test_owner_get_cues" time="0.051" /><testcase classname="tests.test_security_auth.TestAuthRegression" name="test_wrong_email_same_detail_no_enumeration" time="0.398" /><testcase classname="tests.test_security_authz" name="test_owner_get_rights" time="0.051" /><testcase classname="tests.test_security_authz" name="test_owner_get_feedback" time="0.230" /><testcase classname="tests.test_security_authz" name="test_owner_post_cue_and_cleanup" time="0.097" /><testcase classname="tests.test_security_authz" name="test_owner_post_right_and_cleanup" time="0.142" /><testcase classname="tests.test_security_auth.TestPasswordStrength" name="test_too_short" time="0.053" /><testcase classname="tests.test_security_auth.TestPasswordStrength" name="test_no_letter" time="0.049" /><testcase classname="tests.test_security_auth.TestPasswordStrength" name="test_no_digit" time="0.093" /><testcase classname="tests.test_security_authz" name="test_owner_post_script_and_cleanup" time="0.134" /><testcase classname="tests.test_security_auth.TestPasswordStrength" name="test_valid_password_registers" time="0.286" /><testcase classname="tests.test_security_authz" name="test_owner_post_character" time="0.210" /><testcase classname="tests.test_security_auth.TestSeedGuard" name="test_seed_no_token_401" time="0.052" /><testcase classname="tests.test_security_authz" name="test_owner_post_storyboard_frame" time="0.049" /><testcase classname="tests.test_security_authz" name="test_seeded_cues_unmodified" time="0.049" /><testcase classname="tests.test_security_auth.TestSeedGuard" name="test_seed_student_token_403" time="0.095" /><testcase classname="tests.test_security_authz" name="test_coverage_coach_still_works" time="27.097" /><testcase classname="tests.test_security_auth.TestSeedGuard" name="test_seed_admin_token_200" time="0.075" /><testcase classname="tests.test_security_auth.TestBruteForceLockout" name="test_lockout_after_8_fails" time="2.422" /><testcase classname="tests.test_security_auth.TestBruteForceLockout" name="test_lockout_is_per_identifier" time="3.033" /><testcase classname="tests.test_security_auth.TestBruteForceLockout" name="test_lockout_clears_after_reset_and_next_login_success" time="2.901" /><testcase classname="tests.test_security_auth.TestAncrRegression" name="test_link_registry" time="0.056" /><testcase classname="tests.test_security_auth.TestAncrRegression" name="test_resolve_link_unknown_404" time="0.052" /><testcase classname="tests.test_security_authz" name="test_faculty_dashboard_gate" time="0.367" /><testcase classname="tests.test_security_authz" name="test_faculty_reviews_seeded" time="0.059" /><testcase classname="tests.test_security_authz" name="test_no_token_returns_401[GET-/projects/proj-mv-neon-heart/music]" time="0.044" /><testcase classname="tests.test_security_authz" name="test_no_token_returns_401[GET-/projects/proj-mv-neon-heart/cues]" time="0.046" /><testcase classname="tests.test_security_authz" name="test_no_token_returns_401[GET-/projects/proj-mv-neon-heart/rights]" time="0.041" /><testcase classname="tests.test_security_authz" name="test_no_token_returns_401[GET-/projects/proj-mv-neon-heart/feedback]" time="0.044" /><testcase classname="tests.test_security_authz" name="test_no_token_returns_401[POST-/cues]" time="0.045" /><testcase classname="tests.test_security_authz" name="test_no_token_returns_401[POST-/rights]" time="0.044" /><testcase classname="tests.test_security_authz" name="test_no_token_returns_401[POST-/scripts]" time="0.044" /><testcase classname="tests.test_security_authz" name="test_no_token_returns_401[POST-/characters]" time="0.044" /><testcase classname="tests.test_security_authz" name="test_no_token_returns_401[POST-/storyboard-frames]" time="0.047" /><testcase classname="tests.test_security_authz" name="test_no_token_returns_401[DELETE-/cues/cue-1]" time="0.043" /><testcase classname="tests.test_security_authz" name="test_no_token_returns_401[DELETE-/rights/rt-1]" time="0.048" /><testcase classname="tests.test_security_authz" name="test_no_token_returns_401[PATCH-/cues/cue-1]" time="0.046" /><testcase classname="tests.test_security_authz" name="test_invalid_jwt_returns_401" time="0.044" /></testsuite></testsuites>