<?xml version="1.0" encoding="utf-8"?><testsuites name="pytest tests"><testsuite name="pytest" errors="0" failures="0" skipped="0" tests="5" time="27.509" timestamp="2026-07-31T02:29:50.879378+00:00" hostname="agent-env-c2bf50cf-f451-41c8-8408-7664fcfd8a56"><testcase classname="tests.test_production_studio" name="test_coverage_coach_requires_auth" time="0.136" /><testcase classname="tests.test_production_studio" name="test_coverage_coach_returns_advisory" time="26.663" /><testcase classname="tests.test_production_studio" name="test_coverage_coach_empty_project_returns_400" time="0.340" /><testcase classname="tests.test_production_studio" name="test_callsheet_pdf_download" time="0.206" /><testcase classname="tests.test_production_studio" name="test_callsheet_pdf_requires_auth" time="0.105" /></testsuite></testsuites>