<?xml version="1.0" encoding="utf-8"?><testsuites name="pytest tests"><testsuite name="pytest" errors="0" failures="1" skipped="0" tests="12" time="4.554" timestamp="2026-07-31T19:43:32.984387+00:00" hostname="agent-env-c2bf50cf-f451-41c8-8408-7664fcfd8a56"><testcase classname="tests.test_frame_feedback" name="test_link_registry_lists_six_including_storyboard_frame" time="0.180" /><testcase classname="tests.test_frame_feedback" name="test_resolve_link_storyboard_frame_ok" time="0.501" /><testcase classname="tests.test_frame_feedback" name="test_resolve_link_storyboard_frame_missing_query_404[/story-lab?project=proj-mv-neon-heart]" time="0.103" /><testcase classname="tests.test_frame_feedback" name="test_resolve_link_storyboard_frame_missing_query_404[/story-lab?frame=frame-proj-mv-neon-heart-0]" time="0.107" /><testcase classname="tests.test_frame_feedback" name="test_resolve_link_storyboard_frame_missing_query_404[/story-lab]" time="0.096" /><testcase classname="tests.test_frame_feedback" name="test_frame_feedback_missing_target_ref_400" time="0.477" /><testcase classname="tests.test_frame_feedback" name="test_frame_feedback_unknown_frame_404" time="0.119" /><testcase classname="tests.test_frame_feedback" name="test_frame_feedback_cross_project_frame_404" time="0.375" /><testcase classname="tests.test_frame_feedback" name="test_student_cannot_post_frame_feedback" time="0.283" /><testcase classname="tests.test_frame_feedback" name="test_second_student_cannot_list_reviews" time="0.432" /><testcase classname="tests.test_frame_feedback" name="test_frame_feedback_post_creates_review_and_notification" time="0.634"><failure message="TypeError: list indices must be integers or slices, not str">backend/tests/test_frame_feedback.py:198: in test_frame_feedback_post_creates_review_and_notification
    notes = r.json()["notifications"]
            ^^^^^^^^^^^^^^^^^^^^^^^^^
E   TypeError: list indices must be integers or slices, not str</failure></testcase><testcase classname="tests.test_frame_feedback" name="test_immutable_history_and_supersedes" time="0.717" /></testsuite></testsuites>