<?xml version="1.0" encoding="utf-8"?><testsuites name="pytest tests"><testsuite name="pytest" errors="0" failures="3" skipped="0" tests="192" time="80.886" timestamp="2026-07-31T19:54:28.701451+00:00" hostname="agent-env-c2bf50cf-f451-41c8-8408-7664fcfd8a56"><testcase classname="tests.test_cynaiah_backend" name="test_root" time="0.142" /><testcase classname="tests.test_cynaiah_backend" name="test_health" time="0.232" /><testcase classname="tests.test_security_authz" name="test_cross_owner_get_nested_blocked[music]" time="0.425" /><testcase classname="tests.test_cynaiah_backend" name="test_seed_idempotent" time="0.094"><failure message="assert 401 == 200&#10; +  where 401 = &lt;Response [401]&gt;.status_code">E   assert 401 == 200
     +  where 401 = &lt;Response [401]&gt;.status_code</failure></testcase><testcase classname="tests.test_security_authz" name="test_cross_owner_get_nested_blocked[cues]" time="0.056" /><testcase classname="tests.test_cynaiah_backend" name="test_login_demo_student" time="0.288" /><testcase classname="tests.test_security_authz" name="test_cross_owner_get_nested_blocked[rights]" time="0.275" /><testcase classname="tests.test_security_authz" name="test_cross_owner_get_nested_blocked[feedback]" time="0.047" /><testcase classname="tests.test_cynaiah_backend" name="test_login_demo_faculty" time="0.333" /><testcase classname="tests.test_security_authz" name="test_cross_owner_post_cues_blocked" time="0.242" /><testcase classname="tests.test_security_authz" name="test_cross_owner_post_rights_blocked" time="0.100" /><testcase classname="tests.test_cynaiah_backend" name="test_login_invalid" time="0.290" /><testcase classname="tests.test_security_authz" name="test_cross_owner_post_scripts_blocked" time="0.230" /><testcase classname="tests.test_security_authz" name="test_cross_owner_post_characters_blocked" time="0.056" /><testcase classname="tests.test_cynaiah_backend" name="test_register_and_duplicate" time="0.561" /><testcase classname="tests.test_security_authz" name="test_cross_owner_post_storyboard_frames_blocked" time="0.231" /><testcase classname="tests.test_cynaiah_backend" name="test_register_invalid_role" time="0.103" /><testcase classname="tests.test_security_authz" name="test_cross_owner_patch_cue_blocked" time="0.416" /><testcase classname="tests.test_security_authz" name="test_cross_owner_delete_cue_blocked" time="0.247" /><testcase classname="tests.test_cynaiah_backend" name="test_me_ok" time="0.342" /><testcase classname="tests.test_security_authz" name="test_cross_owner_delete_right_blocked" time="0.167" /><testcase classname="tests.test_cynaiah_backend" name="test_me_no_token" time="0.056" /><testcase classname="tests.test_cynaiah_backend" name="test_me_invalid_token" time="0.049" /><testcase classname="tests.test_cynaiah_backend" name="test_dashboard_summary" time="0.217" /><testcase classname="tests.test_security_authz" name="test_cross_owner_ai_script_no_save" time="5.153" /><testcase classname="tests.test_cynaiah_backend" name="test_projects_list_and_filter" time="0.244" /><testcase classname="tests.test_cynaiah_backend" name="test_project_crud_and_cascade" time="0.605" /><testcase classname="tests.test_cynaiah_backend" name="test_scripts_flow" time="0.999" /><testcase classname="tests.test_cynaiah_backend" name="test_music_default_and_seeded" time="0.143"><failure message="assert 404 == 200&#10; +  where 404 = &lt;Response [404]&gt;.status_code">E   assert 404 == 200
     +  where 404 = &lt;Response [404]&gt;.status_code</failure></testcase><testcase classname="tests.test_cynaiah_backend" name="test_cues_flow" time="0.193" /><testcase classname="tests.test_cynaiah_backend" name="test_rights_flow" time="0.203" /><testcase classname="tests.test_cynaiah_backend" name="test_courses_list" time="0.054" /><testcase classname="tests.test_cynaiah_backend" name="test_enrollments_and_idempotent_enroll" time="0.183" /><testcase classname="tests.test_cynaiah_backend" name="test_portfolio_flow" time="0.247" /><testcase classname="tests.test_cynaiah_backend" name="test_notifications_flow" time="0.131" /><testcase classname="tests.test_cynaiah_backend" name="test_protected_endpoints_require_auth[/auth/me]" time="0.058" /><testcase classname="tests.test_cynaiah_backend" name="test_protected_endpoints_require_auth[/dashboard/summary]" time="0.052" /><testcase classname="tests.test_cynaiah_backend" name="test_protected_endpoints_require_auth[/projects]" time="0.058" /><testcase classname="tests.test_cynaiah_backend" name="test_protected_endpoints_require_auth[/courses]" time="0.072" /><testcase classname="tests.test_cynaiah_backend" name="test_protected_endpoints_require_auth[/enrollments]" time="0.066" /><testcase classname="tests.test_cynaiah_backend" name="test_protected_endpoints_require_auth[/portfolio]" time="0.067" /><testcase classname="tests.test_cynaiah_backend" name="test_protected_endpoints_require_auth[/notifications]" time="0.052" /><testcase classname="tests.test_cynaiah_backend" name="test_protected_endpoints_require_auth[/calendar]" time="0.076" /><testcase classname="tests.test_cynaiah_backend" name="test_ai_script_logline" time="7.544" /><testcase classname="tests.test_security_authz" name="test_cross_owner_ai_image_no_save" time="1.471"><failure message="AssertionError: &lt;!DOCTYPE html&gt;&#10;  &lt;!--[if lt IE 7]&gt; &lt;html class=&quot;no-js ie6 oldie&quot; lang=&quot;en-US&quot;&gt; &lt;![endif]--&gt;&#10;  &lt;!--[if IE 7]&gt;    &lt;html class=&quot;no-js ie7 oldie&quot; lang=&quot;en-US&quot;&gt; &lt;![endif]--&gt;&#10;  &lt;!--[if IE 8]&gt;    &lt;html class=&quot;no-js ie8 oldie&quot; lang=&quot;en-US&quot;&gt; &lt;![endif]--&gt;&#10;  &lt;!--[if gt IE 8]&gt;&lt;!--&gt; &lt;html class=&quot;no-js&quot; lang=&quot;en-US&quot;&gt; &lt;!--&lt;![endif]--&gt;&#10;  &lt;head&gt;&#10;  &#10;  &lt;title&gt;preview.emergentagent.com | 502: Bad gateway&lt;/title&gt;&#10;  &lt;meta charset=&quot;UTF-8&quot; /&gt;&#10;  &lt;meta http-equiv=&quot;Content-Type&quot; content=&quot;text/html; charset=UTF-8&quot; /&gt;&#10;  &lt;meta http-equiv=&quot;X-UA-Compatible&quot; content=&quot;IE=Edge&quot; /&gt;&#10;  &lt;meta name=&quot;robots&quot; content=&quot;noindex, nofollow&quot; /&gt;&#10;  &lt;meta name=&quot;viewport&quot; content=&quot;width=device-width,initial-scale=1&quot; /&gt;&#10;  &lt;link rel=&quot;stylesheet&quot; id=&quot;cf_styles-css&quot; href=&quot;/cdn-cgi/styles/main.css&quot; /&gt;&#10;  &lt;/head&gt;&#10;  &lt;body&gt;&#10;  &lt;div id=&quot;cf-wrapper&quot;&gt;&#10;      &lt;div id=&quot;cf-error-details&quot; class=&quot;p-0&quot;&gt;&#10;          &lt;header class=&quot;mx-auto pt-10 lg:pt-6 lg:px-8 w-240 lg:w-full mb-8&quot;&gt;&#10;              &lt;h1 class=&quot;inline-block sm:block sm:mb-2 font-light text-60 lg:text-4xl text-black-dark leading-tight mr-2&quot;&gt;&#10;                  &lt;span class=&quot;inline-block&quot;&gt;Bad gateway&lt;/span&gt;&#10;                  &lt;span class=&quot;code-label&quot;&gt;Error code 502&lt;/span&gt;&#10;              &lt;/h1&gt;&#10;              &lt;div&gt;&#10;                  Visit &lt;a href=&quot;https://www.cloudflare.com/5xx-error-landing?utm_source=errorcode_502&amp;utm_campaign=vision-impact-lab.cluster-12.preview.emergentcf.cloud&quot; target=&quot;_blank&quot; rel=&quot;noopener noreferrer&quot;&gt;cloudflare.com&lt;/a&gt; for more information.&#10;              &lt;/div&gt;&#10;              &lt;div class=&quot;mt-3&quot;&gt;2026-07-31 19:54:38 UTC&lt;/div&gt;&#10;          &lt;/header&gt;&#10;          &lt;div class=&quot;my-8 bg-gradient-gray&quot;&gt;&#10;              &lt;div class=&quot;w-240 lg:w-full mx-auto&quot;&gt;&#10;                  &lt;div class=&quot;clearfix md:px-8&quot;&gt;&#10;                      &lt;div id=&quot;cf-browser-status&quot; class=&quot; relative w-1/3 md:w-full py-15 md:p-0 md:py-8 md:text-left md:border-solid md:border-0 md:border-b md:border-gray-400 overflow-hidden float-left md:float-none text-center&quot;&gt;&#10;    &lt;div class=&quot;relative mb-10 md:m-0&quot;&gt;&#10;      &#10;      &lt;span class=&quot;cf-icon-browser block md:hidden h-20 bg-center bg-no-repeat&quot;&gt;&lt;/span&gt;&#10;      &lt;span class=&quot;cf-icon-ok w-12 h-12 absolute left-1/2 md:left-auto md:right-0 md:top-0 -ml-6 -bottom-4&quot;&gt;&lt;/span&gt;&#10;      &#10;    &lt;/div&gt;&#10;    &lt;span class=&quot;md:block w-full truncate&quot;&gt;You&lt;/span&gt;&#10;    &lt;h3 class=&quot;md:inline-block mt-3 md:mt-0 text-2xl text-gray-600 font-light leading-1.3&quot;&gt;&#10;    &#10;      Browser&#10;    &#10;    &lt;/h3&gt;&#10;    &#10;    &lt;span class=&quot;leading-1.3 text-2xl text-green-success&quot;&gt;Working&lt;/span&gt;&#10;    &#10;  &lt;/div&gt;&#10;                      &lt;div id=&quot;cf-cloudflare-status&quot; class=&quot; relative w-1/3 md:w-full py-15 md:p-0 md:py-8 md:text-left md:border-solid md:border-0 md:border-b md:border-gray-400 overflow-hidden float-left md:float-none text-center&quot;&gt;&#10;    &lt;div class=&quot;relative mb-10 md:m-0&quot;&gt;&#10;      &lt;a href=&quot;https://www.cloudflare.com/5xx-error-landing?utm_source=errorcode_502&amp;#38;utm_campaign=vision-impact-lab.cluster-12.preview.emergentcf.cloud&quot; target=&quot;_blank&quot; rel=&quot;noopener noreferrer&quot;&gt;&#10;      &lt;span class=&quot;cf-icon-cloud block md:hidden h-20 bg-center bg-no-repeat&quot;&gt;&lt;/span&gt;&#10;      &lt;span class=&quot;cf-icon-ok w-12 h-12 absolute left-1/2 md:left-auto md:right-0 md:top-0 -ml-6 -bottom-4&quot;&gt;&lt;/span&gt;&#10;      &lt;/a&gt;&#10;    &lt;/div&gt;&#10;    &lt;span class=&quot;md:block w-full truncate&quot;&gt;Chicago&lt;/span&gt;&#10;    &lt;h3 class=&quot;md:inline-block mt-3 md:mt-0 text-2xl text-gray-600 font-light leading-1.3&quot;&gt;&#10;    &lt;a href=&quot;https://www.cloudflare.com/5xx-error-landing?utm_source=errorcode_502&amp;utm_campaign=vision-impact-lab.cluster-12.preview.emergentcf.cloud&quot; target=&quot;_blank&quot; rel=&quot;noopener noreferrer&quot;&gt;&#10;      Cloudflare&#10;    &lt;/a&gt;&#10;    &lt;/h3&gt;&#10;    &#10;    &lt;span class=&quot;leading-1.3 text-2xl text-green-success&quot;&gt;Working&lt;/span&gt;&#10;    &#10;  &lt;/div&gt;&#10;                      &lt;div id=&quot;cf-host-status&quot; class=&quot;cf-error-source relative w-1/3 md:w-full py-15 md:p-0 md:py-8 md:text-left md:border-solid md:border-0 md:border-b md:border-gray-400 overflow-hidden float-left md:float-none text-center&quot;&gt;&#10;    &lt;div class=&quot;relative mb-10 md:m-0&quot;&gt;&#10;      &#10;      &lt;span class=&quot;cf-icon-server block md:hidden h-20 bg-center bg-no-repeat&quot;&gt;&lt;/span&gt;&#10;      &lt;span class=&quot;cf-icon-error w-12 h-12 absolute left-1/2 md:left-auto md:right-0 md:top-0 -ml-6 -bottom-4&quot;&gt;&lt;/span&gt;&#10;      &#10;    &lt;/div&gt;&#10;    &lt;span class=&quot;md:block w-full truncate&quot;&gt;vision-impact-lab.cluster-12.preview.emergentcf.cloud&lt;/span&gt;&#10;    &lt;h3 class=&quot;md:inline-block mt-3 md:mt-0 text-2xl text-gray-600 font-light leading-1.3&quot;&gt;&#10;    &#10;      Host&#10;    &#10;    &lt;/h3&gt;&#10;    &#10;    &lt;span class=&quot;leading-1.3 text-2xl text-red-error&quot;&gt;Error&lt;/span&gt;&#10;    &#10;  &lt;/div&gt;&#10;                  &lt;/div&gt;&#10;              &lt;/div&gt;&#10;          &lt;/div&gt;&#10;  &#10;          &lt;div class=&quot;w-240 lg:w-full mx-auto mb-8 lg:px-8&quot;&gt;&#10;              &lt;div class=&quot;clearfix&quot;&gt;&#10;                  &lt;div class=&quot;w-1/2 md:w-full float-left pr-6 md:pb-10 md:pr-0 leading-relaxed&quot;&gt;&#10;                      &lt;h2 class=&quot;text-3xl font-normal leading-1.3 mb-4&quot;&gt;What happened?&lt;/h2&gt;&#10;                      &lt;p&gt;The web server reported a bad gateway error.&lt;/p&gt;&#10;                  &lt;/div&gt;&#10;                  &lt;div class=&quot;w-1/2 md:w-full float-left leading-relaxed&quot;&gt;&#10;                      &lt;h2 class=&quot;text-3xl font-normal leading-1.3 mb-4&quot;&gt;What can I do?&lt;/h2&gt;&#10;                      &lt;p class=&quot;mb-6&quot;&gt;Please try again in a few minutes.&lt;/p&gt;&#10;                  &lt;/div&gt;&#10;              &lt;/div&gt;&#10;          &lt;/div&gt;&#10;  &#10;          &lt;div class=&quot;cf-error-footer cf-wrapper w-240 lg:w-full py-10 sm:py-4 sm:px-8 mx-auto text-center sm:text-left border-solid border-0 border-t border-gray-300&quot;&gt;&#10;      &lt;p class=&quot;text-13&quot;&gt;&#10;        &lt;span class=&quot;cf-footer-item sm:block sm:mb-1&quot;&gt;Cloudflare Ray ID: &lt;strong class=&quot;font-semibold&quot;&gt;a23f27efba1710b6&lt;/strong&gt;&lt;/span&gt;&#10;        &lt;span class=&quot;cf-footer-separator sm:hidden&quot;&gt;&amp;bull;&lt;/span&gt;&#10;        &lt;span id=&quot;cf-footer-item-ip&quot; class=&quot;cf-footer-item hidden sm:block sm:mb-1&quot;&gt;&#10;          Your IP:&#10;          &lt;button type=&quot;button&quot; id=&quot;cf-footer-ip-reveal&quot; class=&quot;cf-footer-ip-reveal-btn&quot;&gt;Click to reveal&lt;/button&gt;&#10;          &lt;span class=&quot;hidden&quot; id=&quot;cf-footer-ip&quot;&gt;34.16.56.64&lt;/span&gt;&#10;          &lt;span class=&quot;cf-footer-separator sm:hidden&quot;&gt;&amp;bull;&lt;/span&gt;&#10;        &lt;/span&gt;&#10;        &lt;span class=&quot;cf-footer-item sm:block sm:mb-1&quot;&gt;&lt;span&gt;Performance &amp;amp; security by&lt;/span&gt; &lt;a rel=&quot;noopener noreferrer&quot; href=&quot;https://www.cloudflare.com/5xx-error-landing?utm_source=errorcode_502&amp;#38;utm_campaign=vision-impact-lab.cluster-12.preview.emergentcf.cloud&quot; id=&quot;brand_link&quot; target=&quot;_blank&quot;&gt;Cloudflare&lt;/a&gt;&lt;/span&gt;&#10;        &#10;      &lt;/p&gt;&#10;      &lt;script&gt;(function(){function d(){var b=a.getElementById(&quot;cf-footer-item-ip&quot;),c=a.getElementById(&quot;cf-footer-ip-reveal&quot;);b&amp;&amp;&quot;classList&quot;in b&amp;&amp;(b.classList.remove(&quot;hidden&quot;),c.addEventListener(&quot;click&quot;,function(){c.classList.add(&quot;hidden&quot;);a.getElementById(&quot;cf-footer-ip&quot;).classList.remove(&quot;hidden&quot;)}))}var a=document;document.addEventListener&amp;&amp;a.addEventListener(&quot;DOMContentLoaded&quot;,d)})();&lt;/script&gt;&#10;    &lt;/div&gt;&lt;!-- /.error-footer --&gt;&#10;  &#10;      &lt;/div&gt;&#10;  &lt;/div&gt;&#10;  &lt;script&gt;(function(){function c(){var b=a.contentDocument||(a.contentWindow&amp;&amp;a.contentWindow.document);if(b){var d=b.createElement('script');d.innerHTML=&quot;window.__CF$cv$params={r:'a23f27ef98a110b6',t:'MTc4NTUyNzY3Nw=='};var a=document.createElement('script');a.src='/cdn-cgi/challenge-platform/scripts/jsd/main.js';document.getElementsByTagName('head')[0].appendChild(a);&quot;;b.getElementsByTagName('head')[0].appendChild(d)}}if(document.body){var a=document.createElement('iframe');a.height=1;a.width=1;a.style.position='absolute';a.style.top=0;a.style.left=0;a.style.border='none';a.style.visibility='hidden';document.body.appendChild(a);if('loading'!==document.readyState)c();else if(window.addEventListener)document.addEventListener('DOMContentLoaded',c);else{var e=document.onreadystatechange||function(){};document.onreadystatechange=function(b){e(b);'loading'!==document.readyState&amp;&amp;(document.onreadystatechange=e,c())}}}})();&lt;/script&gt;&lt;/body&gt;&#10;  &lt;/html&gt;&#10;assert 502 in (403, 404)&#10; +  where 502 = &lt;Response [502]&gt;.status_code">E   AssertionError: &lt;!DOCTYPE html&gt;
      &lt;!--[if lt IE 7]&gt; &lt;html class="no-js ie6 oldie" lang="en-US"&gt; &lt;![endif]--&gt;
      &lt;!--[if IE 7]&gt;    &lt;html class="no-js ie7 oldie" lang="en-US"&gt; &lt;![endif]--&gt;
      &lt;!--[if IE 8]&gt;    &lt;html class="no-js ie8 oldie" lang="en-US"&gt; &lt;![endif]--&gt;
      &lt;!--[if gt IE 8]&gt;&lt;!--&gt; &lt;html class="no-js" lang="en-US"&gt; &lt;!--&lt;![endif]--&gt;
      &lt;head&gt;
      
      &lt;title&gt;preview.emergentagent.com | 502: Bad gateway&lt;/title&gt;
      &lt;meta charset="UTF-8" /&gt;
      &lt;meta http-equiv="Content-Type" content="text/html; charset=UTF-8" /&gt;
      &lt;meta http-equiv="X-UA-Compatible" content="IE=Edge" /&gt;
      &lt;meta name="robots" content="noindex, nofollow" /&gt;
      &lt;meta name="viewport" content="width=device-width,initial-scale=1" /&gt;
      &lt;link rel="stylesheet" id="cf_styles-css" href="/cdn-cgi/styles/main.css" /&gt;
      &lt;/head&gt;
      &lt;body&gt;
      &lt;div id="cf-wrapper"&gt;
          &lt;div id="cf-error-details" class="p-0"&gt;
              &lt;header class="mx-auto pt-10 lg:pt-6 lg:px-8 w-240 lg:w-full mb-8"&gt;
                  &lt;h1 class="inline-block sm:block sm:mb-2 font-light text-60 lg:text-4xl text-black-dark leading-tight mr-2"&gt;
                      &lt;span class="inline-block"&gt;Bad gateway&lt;/span&gt;
                      &lt;span class="code-label"&gt;Error code 502&lt;/span&gt;
                  &lt;/h1&gt;
                  &lt;div&gt;
                      Visit &lt;a href="https://www.cloudflare.com/5xx-error-landing?utm_source=errorcode_502&amp;utm_campaign=vision-impact-lab.cluster-12.preview.emergentcf.cloud" target="_blank" rel="noopener noreferrer"&gt;cloudflare.com&lt;/a&gt; for more information.
                  &lt;/div&gt;
                  &lt;div class="mt-3"&gt;2026-07-31 19:54:38 UTC&lt;/div&gt;
              &lt;/header&gt;
              &lt;div class="my-8 bg-gradient-gray"&gt;
                  &lt;div class="w-240 lg:w-full mx-auto"&gt;
                      &lt;div class="clearfix md:px-8"&gt;
                          &lt;div id="cf-browser-status" class=" relative w-1/3 md:w-full py-15 md:p-0 md:py-8 md:text-left md:border-solid md:border-0 md:border-b md:border-gray-400 overflow-hidden float-left md:float-none text-center"&gt;
        &lt;div class="relative mb-10 md:m-0"&gt;
          
          &lt;span class="cf-icon-browser block md:hidden h-20 bg-center bg-no-repeat"&gt;&lt;/span&gt;
          &lt;span class="cf-icon-ok w-12 h-12 absolute left-1/2 md:left-auto md:right-0 md:top-0 -ml-6 -bottom-4"&gt;&lt;/span&gt;
          
        &lt;/div&gt;
        &lt;span class="md:block w-full truncate"&gt;You&lt;/span&gt;
        &lt;h3 class="md:inline-block mt-3 md:mt-0 text-2xl text-gray-600 font-light leading-1.3"&gt;
        
          Browser
        
        &lt;/h3&gt;
        
        &lt;span class="leading-1.3 text-2xl text-green-success"&gt;Working&lt;/span&gt;
        
      &lt;/div&gt;
                          &lt;div id="cf-cloudflare-status" class=" relative w-1/3 md:w-full py-15 md:p-0 md:py-8 md:text-left md:border-solid md:border-0 md:border-b md:border-gray-400 overflow-hidden float-left md:float-none text-center"&gt;
        &lt;div class="relative mb-10 md:m-0"&gt;
          &lt;a href="https://www.cloudflare.com/5xx-error-landing?utm_source=errorcode_502&amp;#38;utm_campaign=vision-impact-lab.cluster-12.preview.emergentcf.cloud" target="_blank" rel="noopener noreferrer"&gt;
          &lt;span class="cf-icon-cloud block md:hidden h-20 bg-center bg-no-repeat"&gt;&lt;/span&gt;
          &lt;span class="cf-icon-ok w-12 h-12 absolute left-1/2 md:left-auto md:right-0 md:top-0 -ml-6 -bottom-4"&gt;&lt;/span&gt;
          &lt;/a&gt;
        &lt;/div&gt;
        &lt;span class="md:block w-full truncate"&gt;Chicago&lt;/span&gt;
        &lt;h3 class="md:inline-block mt-3 md:mt-0 text-2xl text-gray-600 font-light leading-1.3"&gt;
        &lt;a href="https://www.cloudflare.com/5xx-error-landing?utm_source=errorcode_502&amp;utm_campaign=vision-impact-lab.cluster-12.preview.emergentcf.cloud" target="_blank" rel="noopener noreferrer"&gt;
          Cloudflare
        &lt;/a&gt;
        &lt;/h3&gt;
        
        &lt;span class="leading-1.3 text-2xl text-green-success"&gt;Working&lt;/span&gt;
        
      &lt;/div&gt;
                          &lt;div id="cf-host-status" class="cf-error-source relative w-1/3 md:w-full py-15 md:p-0 md:py-8 md:text-left md:border-solid md:border-0 md:border-b md:border-gray-400 overflow-hidden float-left md:float-none text-center"&gt;
        &lt;div class="relative mb-10 md:m-0"&gt;
          
          &lt;span class="cf-icon-server block md:hidden h-20 bg-center bg-no-repeat"&gt;&lt;/span&gt;
          &lt;span class="cf-icon-error w-12 h-12 absolute left-1/2 md:left-auto md:right-0 md:top-0 -ml-6 -bottom-4"&gt;&lt;/span&gt;
          
        &lt;/div&gt;
        &lt;span class="md:block w-full truncate"&gt;vision-impact-lab.cluster-12.preview.emergentcf.cloud&lt;/span&gt;
        &lt;h3 class="md:inline-block mt-3 md:mt-0 text-2xl text-gray-600 font-light leading-1.3"&gt;
        
          Host
        
        &lt;/h3&gt;
        
        &lt;span class="leading-1.3 text-2xl text-red-error"&gt;Error&lt;/span&gt;
        
      &lt;/div&gt;
                      &lt;/div&gt;
                  &lt;/div&gt;
              &lt;/div&gt;
      
              &lt;div class="w-240 lg:w-full mx-auto mb-8 lg:px-8"&gt;
                  &lt;div class="clearfix"&gt;
                      &lt;div class="w-1/2 md:w-full float-left pr-6 md:pb-10 md:pr-0 leading-relaxed"&gt;
                          &lt;h2 class="text-3xl font-normal leading-1.3 mb-4"&gt;What happened?&lt;/h2&gt;
                          &lt;p&gt;The web server reported a bad gateway error.&lt;/p&gt;
                      &lt;/div&gt;
                      &lt;div class="w-1/2 md:w-full float-left leading-relaxed"&gt;
                          &lt;h2 class="text-3xl font-normal leading-1.3 mb-4"&gt;What can I do?&lt;/h2&gt;
                          &lt;p class="mb-6"&gt;Please try again in a few minutes.&lt;/p&gt;
                      &lt;/div&gt;
                  &lt;/div&gt;
              &lt;/div&gt;
      
              &lt;div class="cf-error-footer cf-wrapper w-240 lg:w-full py-10 sm:py-4 sm:px-8 mx-auto text-center sm:text-left border-solid border-0 border-t border-gray-300"&gt;
          &lt;p class="text-13"&gt;
            &lt;span class="cf-footer-item sm:block sm:mb-1"&gt;Cloudflare Ray ID: &lt;strong class="font-semibold"&gt;a23f27efba1710b6&lt;/strong&gt;&lt;/span&gt;
            &lt;span class="cf-footer-separator sm:hidden"&gt;&amp;bull;&lt;/span&gt;
            &lt;span id="cf-footer-item-ip" class="cf-footer-item hidden sm:block sm:mb-1"&gt;
              Your IP:
              &lt;button type="button" id="cf-footer-ip-reveal" class="cf-footer-ip-reveal-btn"&gt;Click to reveal&lt;/button&gt;
              &lt;span class="hidden" id="cf-footer-ip"&gt;34.16.56.64&lt;/span&gt;
              &lt;span class="cf-footer-separator sm:hidden"&gt;&amp;bull;&lt;/span&gt;
            &lt;/span&gt;
            &lt;span class="cf-footer-item sm:block sm:mb-1"&gt;&lt;span&gt;Performance &amp;amp; security by&lt;/span&gt; &lt;a rel="noopener noreferrer" href="https://www.cloudflare.com/5xx-error-landing?utm_source=errorcode_502&amp;#38;utm_campaign=vision-impact-lab.cluster-12.preview.emergentcf.cloud" id="brand_link" target="_blank"&gt;Cloudflare&lt;/a&gt;&lt;/span&gt;
            
          &lt;/p&gt;
          &lt;script&gt;(function(){function d(){var b=a.getElementById("cf-footer-item-ip"),c=a.getElementById("cf-footer-ip-reveal");b&amp;&amp;"classList"in b&amp;&amp;(b.classList.remove("hidden"),c.addEventListener("click",function(){c.classList.add("hidden");a.getElementById("cf-footer-ip").classList.remove("hidden")}))}var a=document;document.addEventListener&amp;&amp;a.addEventListener("DOMContentLoaded",d)})();&lt;/script&gt;
        &lt;/div&gt;&lt;!-- /.error-footer --&gt;
      
          &lt;/div&gt;
      &lt;/div&gt;
      &lt;script&gt;(function(){function c(){var b=a.contentDocument||(a.contentWindow&amp;&amp;a.contentWindow.document);if(b){var d=b.createElement('script');d.innerHTML="window.__CF$cv$params={r:'a23f27ef98a110b6',t:'MTc4NTUyNzY3Nw=='};var a=document.createElement('script');a.src='/cdn-cgi/challenge-platform/scripts/jsd/main.js';document.getElementsByTagName('head')[0].appendChild(a);";b.getElementsByTagName('head')[0].appendChild(d)}}if(document.body){var a=document.createElement('iframe');a.height=1;a.width=1;a.style.position='absolute';a.style.top=0;a.style.left=0;a.style.border='none';a.style.visibility='hidden';document.body.appendChild(a);if('loading'!==document.readyState)c();else if(window.addEventListener)document.addEventListener('DOMContentLoaded',c);else{var e=document.onreadystatechange||function(){};document.onreadystatechange=function(b){e(b);'loading'!==document.readyState&amp;&amp;(document.onreadystatechange=e,c())}}}})();&lt;/script&gt;&lt;/body&gt;
      &lt;/html&gt;
    assert 502 in (403, 404)
     +  where 502 = &lt;Response [502]&gt;.status_code</failure></testcase><testcase classname="tests.test_security_authz" name="test_owner_get_music" time="0.054" /><testcase classname="tests.test_security_authz" name="test_owner_get_cues" time="0.049" /><testcase classname="tests.test_security_authz" name="test_owner_get_rights" time="0.071" /><testcase classname="tests.test_security_authz" name="test_owner_get_feedback" time="0.053" /><testcase classname="tests.test_security_authz" name="test_owner_post_cue_and_cleanup" time="0.106" /><testcase classname="tests.test_security_authz" name="test_owner_post_right_and_cleanup" time="0.112" /><testcase classname="tests.test_security_authz" name="test_owner_post_script_and_cleanup" time="0.096" /><testcase classname="tests.test_security_authz" name="test_owner_post_character" time="0.044" /><testcase classname="tests.test_security_authz" name="test_owner_post_storyboard_frame" time="0.048" /><testcase classname="tests.test_security_authz" name="test_seeded_cues_unmodified" time="0.053" /><testcase classname="tests.test_security_authz" name="test_coverage_coach_still_works" time="30.016" /><testcase classname="tests.test_cynaiah_backend" name="test_ai_script_saved" time="5.992" /><testcase classname="tests.test_cynaiah_backend" name="test_ai_image" time="10.397" /><testcase classname="tests.test_ancr_envelope" name="test_link_registry_public_no_auth" time="0.188" /><testcase classname="tests.test_ancr_envelope" name="test_resolve_link_valid_event" time="0.355" /><testcase classname="tests.test_ancr_envelope" name="test_resolve_link_valid_project" time="0.056" /><testcase classname="tests.test_ancr_envelope" name="test_resolve_link_faculty_project" time="0.055" /><testcase classname="tests.test_ancr_envelope" name="test_resolve_link_faculty_dashboard" time="0.054" /><testcase classname="tests.test_ancr_envelope" name="test_resolve_link_project_command_center" time="0.061" /><testcase classname="tests.test_ancr_envelope" name="test_resolve_link_unregistered_returns_404[/random/nowhere]" time="0.057" /><testcase classname="tests.test_ancr_envelope" name="test_resolve_link_unregistered_returns_404[/reviews]" time="0.055" /><testcase classname="tests.test_ancr_envelope" name="test_resolve_link_unregistered_returns_404[/reviews?review=abc]" time="0.054" /><testcase classname="tests.test_ancr_envelope" name="test_resolve_link_unregistered_returns_404[not-a-path]" time="0.057" /><testcase classname="tests.test_ancr_envelope" name="test_resolve_link_unregistered_returns_404[]" time="0.052" /><testcase classname="tests.test_ancr_envelope" name="test_resolve_link_requires_auth" time="0.054" /><testcase classname="tests.test_ancr_envelope" name="test_envelope_shape_per_kind[written]" time="0.687" /><testcase classname="tests.test_ancr_envelope" name="test_envelope_shape_per_kind[time_coded]" time="0.111" /><testcase classname="tests.test_ancr_envelope" name="test_envelope_shape_per_kind[coverage_response]" time="0.115" /><testcase classname="tests.test_ancr_envelope" name="test_envelope_shape_per_kind[rubric]" time="0.111" /><testcase classname="tests.test_ancr_envelope" name="test_envelope_shape_per_kind[status]" time="0.130" /><testcase classname="tests.test_ancr_envelope" name="test_five_reviews_produce_five_notifications" time="0.067" /><testcase classname="tests.test_ancr_envelope" name="test_envelope_cross_owner_404" time="0.383" /><testcase classname="tests.test_ancr_envelope" name="test_envelope_invalid_id_404" time="0.053" /><testcase classname="tests.test_ancr_envelope" name="test_envelope_requires_auth" time="0.108" /><testcase classname="tests.test_ancr_envelope" name="test_every_notification_link_resolves_for_student" time="5.694" /><testcase classname="tests.test_ancr_envelope" name="test_every_notification_link_resolves_for_faculty" time="0.055" /><testcase classname="tests.test_ancr_envelope" name="test_route_projects_reviews_owner_ok" time="0.065" /><testcase classname="tests.test_ancr_envelope" name="test_route_faculty_project_assigned_ok" time="0.063" /><testcase classname="tests.test_ancr_envelope" name="test_route_faculty_project_unassigned_forbidden_for_attacker" time="0.052" /><testcase classname="tests.test_ancr_envelope" name="test_route_project_command_center_owner_ok" time="0.050" /><testcase classname="tests.test_ancr_envelope" name="test_regression_seeded_reviews_preserved" time="0.061" /><testcase classname="tests.test_review_notifications" name="test_baseline_seeded_reviews_present" time="0.472" /><testcase classname="tests.test_security_authz" name="test_faculty_dashboard_gate" time="0.395" /><testcase classname="tests.test_security_authz" name="test_faculty_reviews_seeded" time="0.067" /><testcase classname="tests.test_security_authz" name="test_no_token_returns_401[GET-/projects/proj-mv-neon-heart/music]" time="0.056" /><testcase classname="tests.test_security_authz" name="test_no_token_returns_401[GET-/projects/proj-mv-neon-heart/cues]" time="0.096" /><testcase classname="tests.test_review_notifications" name="test_review_creates_notification[written]" time="0.871" /><testcase classname="tests.test_review_notifications" name="test_review_creates_notification[time_coded]" time="0.052" /><testcase classname="tests.test_security_authz" name="test_no_token_returns_401[GET-/projects/proj-mv-neon-heart/rights]" time="0.096" /><testcase classname="tests.test_review_notifications" name="test_review_creates_notification[coverage_response]" time="0.050" /><testcase classname="tests.test_review_notifications" name="test_review_creates_notification[rubric]" time="0.130" /><testcase classname="tests.test_security_authz" name="test_no_token_returns_401[GET-/projects/proj-mv-neon-heart/feedback]" time="0.065" /><testcase classname="tests.test_security_authz" name="test_no_token_returns_401[POST-/cues]" time="0.099" /><testcase classname="tests.test_review_notifications" name="test_review_creates_notification[status]" time="0.050" /><testcase classname="tests.test_security_authz" name="test_no_token_returns_401[POST-/rights]" time="0.134" /><testcase classname="tests.test_review_notifications" name="test_notification_copy_written" time="0.047" /><testcase classname="tests.test_review_notifications" name="test_notification_copy_time_coded" time="0.055" /><testcase classname="tests.test_review_notifications" name="test_notification_copy_coverage_response" time="0.057" /><testcase classname="tests.test_security_authz" name="test_no_token_returns_401[POST-/scripts]" time="0.060" /><testcase classname="tests.test_review_notifications" name="test_notification_copy_rubric" time="0.050" /><testcase classname="tests.test_security_authz" name="test_no_token_returns_401[POST-/characters]" time="0.052" /><testcase classname="tests.test_review_notifications" name="test_notification_copy_status" time="0.192" /><testcase classname="tests.test_security_authz" name="test_no_token_returns_401[POST-/storyboard-frames]" time="0.110" /><testcase classname="tests.test_security_authz" name="test_no_token_returns_401[DELETE-/cues/cue-1]" time="0.059" /><testcase classname="tests.test_review_notifications" name="test_get_notifications_sorted_desc" time="0.059" /><testcase classname="tests.test_security_authz" name="test_no_token_returns_401[DELETE-/rights/rt-1]" time="0.094" /><testcase classname="tests.test_review_notifications" name="test_get_notifications_has_deep_links" time="0.051" /><testcase classname="tests.test_security_authz" name="test_no_token_returns_401[PATCH-/cues/cue-1]" time="0.093" /><testcase classname="tests.test_review_notifications" name="test_mark_read_owner" time="0.138" /><testcase classname="tests.test_security_authz" name="test_invalid_jwt_returns_401" time="0.318" /><testcase classname="tests.test_review_notifications" name="test_mark_read_cross_owner_is_noop" time="0.407" /><testcase classname="tests.test_faculty_reviews" name="test_rubric_competencies_public" time="0.158" /><testcase classname="tests.test_review_notifications" name="test_mark_all_read" time="0.390" /><testcase classname="tests.test_faculty_reviews" name="test_faculty_dashboard_student_forbidden" time="0.432" /><testcase classname="tests.test_review_notifications" name="test_mark_all_read_does_not_touch_others" time="0.414" /><testcase classname="tests.test_review_notifications" name="test_cross_owner_get_notifications_isolated" time="0.091" /><testcase classname="tests.test_faculty_reviews" name="test_faculty_dashboard_faculty_ok" time="0.499" /><testcase classname="tests.test_review_notifications" name="test_seeded_reviews_untouched_after_notifications" time="0.051" /><testcase classname="tests.test_review_notifications" name="test_supersede_preserves_old_row" time="0.108" /><testcase classname="tests.test_faculty_reviews" name="test_faculty_project_view_student_forbidden" time="0.109" /><testcase classname="tests.test_review_notifications" name="test_review_row_not_mutated_by_notification" time="0.096" /><testcase classname="tests.test_faculty_reviews" name="test_faculty_project_view_ok" time="0.126" /><testcase classname="tests.test_review_notifications" name="test_reviews_endpoint_still_returns_seed_plus_new" time="0.073" /><testcase classname="tests.test_faculty_reviews" name="test_post_review_student_forbidden" time="0.113" /><testcase classname="tests.test_frame_feedback" name="test_link_registry_lists_six_including_storyboard_frame" time="0.120" /><testcase classname="tests.test_faculty_reviews" name="test_append_only_and_supersedes" time="0.644" /><testcase classname="tests.test_frame_feedback" name="test_resolve_link_storyboard_frame_ok" time="0.528" /><testcase classname="tests.test_frame_feedback" name="test_resolve_link_storyboard_frame_missing_query_404[/story-lab?project=proj-mv-neon-heart]" time="0.138" /><testcase classname="tests.test_faculty_reviews" name="test_rubric_missing_scores_400" time="0.102" /><testcase classname="tests.test_frame_feedback" name="test_resolve_link_storyboard_frame_missing_query_404[/story-lab?frame=frame-proj-mv-neon-heart-0]" time="0.102" /><testcase classname="tests.test_faculty_reviews" name="test_status_invalid_400" time="0.147" /><testcase classname="tests.test_frame_feedback" name="test_resolve_link_storyboard_frame_missing_query_404[/story-lab]" time="0.106" /><testcase classname="tests.test_faculty_reviews" name="test_time_coded_missing_timestamp_400" time="0.106" /><testcase classname="tests.test_faculty_reviews" name="test_project_reviews_student_owner" time="0.279" /><testcase classname="tests.test_frame_feedback" name="test_frame_feedback_missing_target_ref_400" time="0.523" /><testcase classname="tests.test_faculty_reviews" name="test_project_reviews_faculty" time="0.113" /><testcase classname="tests.test_faculty_reviews" name="test_student_reviews_summary" time="0.096" /><testcase classname="tests.test_frame_feedback" name="test_frame_feedback_unknown_frame_404" time="0.104" /><testcase classname="tests.test_security_auth.TestRoleEscalation" name="test_public_blocked_for_elevated_role[faculty]" time="0.100" /><testcase classname="tests.test_frame_feedback" name="test_frame_feedback_cross_project_frame_404" time="0.543" /><testcase classname="tests.test_security_auth.TestRoleEscalation" name="test_public_blocked_for_elevated_role[mentor]" time="0.059" /><testcase classname="tests.test_security_auth.TestRoleEscalation" name="test_public_blocked_for_elevated_role[institutional_admin]" time="0.083" /><testcase classname="tests.test_security_auth.TestRoleEscalation" name="test_public_blocked_for_elevated_role[platform_admin]" time="0.084" /><testcase classname="tests.test_security_auth.TestRoleEscalation" name="test_public_allowed_for_self_register_roles[student]" time="0.270" /><testcase classname="tests.test_security_auth.TestRoleEscalation" name="test_public_allowed_for_self_register_roles[collaborator]" time="0.283" /><testcase classname="tests.test_frame_feedback" name="test_student_cannot_post_frame_feedback" time="0.579" /><testcase classname="tests.test_security_auth.TestRoleEscalation" name="test_admin_can_create_faculty" time="0.605" /><testcase classname="tests.test_frame_feedback" name="test_second_student_cannot_list_reviews" time="0.801" /><testcase classname="tests.test_security_auth.TestRoleEscalation" name="test_student_token_cannot_create_faculty" time="0.577" /><testcase classname="tests.test_frame_feedback" name="test_frame_feedback_post_creates_review_and_notification" time="0.672" /><testcase classname="tests.test_security_auth.TestAuthRegression" name="test_seeded_login_still_works[student@cynaiah.demo]" time="0.275" /><testcase classname="tests.test_security_auth.TestAuthRegression" name="test_seeded_login_still_works[faculty@cynaiah.demo]" time="0.306" /><testcase classname="tests.test_security_auth.TestAuthRegression" name="test_seeded_login_still_works[admin@cynaiah.demo]" time="0.280" /><testcase classname="tests.test_frame_feedback" name="test_immutable_history_and_supersedes" time="1.597" /><testcase classname="tests.test_security_auth.TestAuthRegression" name="test_me_endpoint_works[student@cynaiah.demo-student]" time="0.335" /><testcase classname="tests.test_security_auth.TestAuthRegression" name="test_me_endpoint_works[faculty@cynaiah.demo-faculty]" time="0.318" /><testcase classname="tests.test_security_auth.TestAuthRegression" name="test_me_endpoint_works[admin@cynaiah.demo-platform_admin]" time="0.358" /><testcase classname="tests.test_security_auth.TestAuthRegression" name="test_wrong_password_valid_email_no_leak" time="0.292" /><testcase classname="tests.test_security_auth.TestAuthRegression" name="test_wrong_email_same_detail_no_enumeration" time="0.333" /><testcase classname="tests.test_production_studio" name="test_coverage_coach_requires_auth" time="0.268" /><testcase classname="tests.test_security_auth.TestPasswordStrength" name="test_too_short" time="0.044" /><testcase classname="tests.test_security_auth.TestPasswordStrength" name="test_no_letter" time="0.045" /><testcase classname="tests.test_security_auth.TestPasswordStrength" name="test_no_digit" time="0.040" /><testcase classname="tests.test_security_auth.TestPasswordStrength" name="test_valid_password_registers" time="0.492" /><testcase classname="tests.test_admin_bootstrap.TestEnvironmentEndpoint" name="test_environment_no_auth_returns_posture" time="0.113" /><testcase classname="tests.test_production_studio" name="test_coverage_coach_returns_advisory" time="29.883" /><testcase classname="tests.test_admin_bootstrap.TestEnvironmentEndpoint" name="test_environment_only_has_documented_keys" time="0.095" /><testcase classname="tests.test_admin_bootstrap.TestEnvironmentEndpoint" name="test_environment_leaks_no_secrets" time="0.098" /><testcase classname="tests.test_security_auth.TestSeedGuard" name="test_seed_no_token_401" time="0.098" /><testcase classname="tests.test_security_auth.TestSeedGuard" name="test_seed_student_token_403" time="0.315" /><testcase classname="tests.test_security_auth.TestSeedGuard" name="test_seed_admin_token_200" time="0.322" /><testcase classname="tests.test_security_auth.TestBruteForceLockout" name="test_lockout_after_8_fails" time="2.291" /><testcase classname="tests.test_security_auth.TestBruteForceLockout" name="test_lockout_is_per_identifier" time="2.818" /><testcase classname="tests.test_security_auth.TestBruteForceLockout" name="test_lockout_clears_after_reset_and_next_login_success" time="2.816" /><testcase classname="tests.test_admin_bootstrap.TestDemoModeContract" name="test_demo_admin_login_succeeds" time="0.345" /><testcase classname="tests.test_admin_bootstrap.TestDemoModeContract" name="test_demo_warning_log_emitted_on_seed" time="0.245" /><testcase classname="tests.test_admin_bootstrap.TestElevatedRegistrationRegression" name="test_register_faculty_with_admin_token_succeeds" time="0.666" /><testcase classname="tests.test_admin_bootstrap.TestElevatedRegistrationRegression" name="test_register_faculty_without_token_forbidden" time="0.105" /><testcase classname="tests.test_security_auth.TestAncrRegression" name="test_link_registry" time="0.398" /><testcase classname="tests.test_security_auth.TestAncrRegression" name="test_resolve_link_unknown_404" time="0.045" /><testcase classname="tests.test_admin_bootstrap.TestProductionRefusesDemoCreds" name="test_prod_with_demo_creds_refused" time="0.004" /><testcase classname="tests.test_admin_bootstrap.TestProductionRealBootstrap" name="test_prod_with_real_creds_creates_admin" time="0.462" /><testcase classname="tests.test_admin_bootstrap.TestProductionMissingEnvVars" name="test_prod_no_env_vars_skips_bootstrap" time="0.004" /><testcase classname="tests.test_admin_bootstrap.TestDemoModeIdempotency" name="test_demo_mode_idempotent" time="0.471" /><testcase classname="tests.test_production_studio" name="test_coverage_coach_empty_project_returns_400" time="0.406" /><testcase classname="tests.test_production_studio" name="test_callsheet_pdf_download" time="0.229" /><testcase classname="tests.test_production_studio" name="test_callsheet_pdf_requires_auth" time="0.102" /></testsuite></testsuites>