<?xml version="1.0" encoding="utf-8"?><testsuites name="pytest tests"><testsuite name="pytest" errors="0" failures="0" skipped="0" tests="33" time="27.309" timestamp="2026-07-31T00:51:05.997173+00:00" hostname="agent-env-c2bf50cf-f451-41c8-8408-7664fcfd8a56"><testcase classname="tests.test_cynaiah_backend" name="test_root" time="0.154" /><testcase classname="tests.test_cynaiah_backend" name="test_health" time="0.047" /><testcase classname="tests.test_cynaiah_backend" name="test_seed_idempotent" time="0.097" /><testcase classname="tests.test_cynaiah_backend" name="test_login_demo_student" time="0.275" /><testcase classname="tests.test_cynaiah_backend" name="test_login_demo_faculty" time="0.273" /><testcase classname="tests.test_cynaiah_backend" name="test_login_invalid" time="0.271" /><testcase classname="tests.test_cynaiah_backend" name="test_register_and_duplicate" time="0.318" /><testcase classname="tests.test_cynaiah_backend" name="test_register_invalid_role" time="0.049" /><testcase classname="tests.test_cynaiah_backend" name="test_me_ok" time="0.317" /><testcase classname="tests.test_cynaiah_backend" name="test_me_no_token" time="0.043" /><testcase classname="tests.test_cynaiah_backend" name="test_me_invalid_token" time="0.046" /><testcase classname="tests.test_cynaiah_backend" name="test_dashboard_summary" time="0.103" /><testcase classname="tests.test_cynaiah_backend" name="test_projects_list_and_filter" time="0.196" /><testcase classname="tests.test_cynaiah_backend" name="test_project_crud_and_cascade" time="0.337" /><testcase classname="tests.test_cynaiah_backend" name="test_scripts_flow" time="0.195" /><testcase classname="tests.test_cynaiah_backend" name="test_music_default_and_seeded" time="0.110" /><testcase classname="tests.test_cynaiah_backend" name="test_cues_flow" time="0.155" /><testcase classname="tests.test_cynaiah_backend" name="test_rights_flow" time="0.155" /><testcase classname="tests.test_cynaiah_backend" name="test_courses_list" time="0.051" /><testcase classname="tests.test_cynaiah_backend" name="test_enrollments_and_idempotent_enroll" time="0.140" /><testcase classname="tests.test_cynaiah_backend" name="test_portfolio_flow" time="0.202" /><testcase classname="tests.test_cynaiah_backend" name="test_notifications_flow" time="0.091" /><testcase classname="tests.test_cynaiah_backend" name="test_protected_endpoints_require_auth[/auth/me]" time="0.043" /><testcase classname="tests.test_cynaiah_backend" name="test_protected_endpoints_require_auth[/dashboard/summary]" time="0.043" /><testcase classname="tests.test_cynaiah_backend" name="test_protected_endpoints_require_auth[/projects]" time="0.054" /><testcase classname="tests.test_cynaiah_backend" name="test_protected_endpoints_require_auth[/courses]" time="0.044" /><testcase classname="tests.test_cynaiah_backend" name="test_protected_endpoints_require_auth[/enrollments]" time="0.044" /><testcase classname="tests.test_cynaiah_backend" name="test_protected_endpoints_require_auth[/portfolio]" time="0.044" /><testcase classname="tests.test_cynaiah_backend" name="test_protected_endpoints_require_auth[/notifications]" time="0.044" /><testcase classname="tests.test_cynaiah_backend" name="test_protected_endpoints_require_auth[/calendar]" time="0.047" /><testcase classname="tests.test_cynaiah_backend" name="test_ai_script_logline" time="8.145" /><testcase classname="tests.test_cynaiah_backend" name="test_ai_script_saved" time="7.299" /><testcase classname="tests.test_cynaiah_backend" name="test_ai_image" time="7.251" /></testsuite></testsuites>