<?xml version="1.0" encoding="utf-8"?><testsuites name="pytest tests"><testsuite name="pytest" errors="0" failures="0" skipped="0" tests="192" time="86.315" timestamp="2026-07-31T19:58:21.718252+00:00" hostname="agent-env-c2bf50cf-f451-41c8-8408-7664fcfd8a56"><testcase classname="tests.test_cynaiah_backend" name="test_root" time="0.174" /><testcase classname="tests.test_cynaiah_backend" name="test_health" time="0.225" /><testcase classname="tests.test_cynaiah_backend" name="test_seed_idempotent" time="0.391" /><testcase classname="tests.test_security_authz" name="test_cross_owner_get_nested_blocked[music]" time="0.679" /><testcase classname="tests.test_security_authz" name="test_cross_owner_get_nested_blocked[cues]" time="0.056" /><testcase classname="tests.test_security_authz" name="test_cross_owner_get_nested_blocked[rights]" time="0.064" /><testcase classname="tests.test_cynaiah_backend" name="test_login_demo_student" time="0.285" /><testcase classname="tests.test_security_authz" name="test_cross_owner_get_nested_blocked[feedback]" time="0.276" /><testcase classname="tests.test_cynaiah_backend" name="test_login_demo_faculty" time="0.295" /><testcase classname="tests.test_security_authz" name="test_cross_owner_post_cues_blocked" time="0.288" /><testcase classname="tests.test_security_authz" name="test_cross_owner_post_rights_blocked" time="0.054" /><testcase classname="tests.test_cynaiah_backend" name="test_login_invalid" time="0.277" /><testcase classname="tests.test_security_authz" name="test_cross_owner_post_scripts_blocked" time="0.225" /><testcase classname="tests.test_security_authz" name="test_cross_owner_post_characters_blocked" time="0.056" /><testcase classname="tests.test_cynaiah_backend" name="test_register_and_duplicate" time="0.570" /><testcase classname="tests.test_security_authz" name="test_cross_owner_post_storyboard_frames_blocked" time="0.235" /><testcase classname="tests.test_cynaiah_backend" name="test_register_invalid_role" time="0.109" /><testcase classname="tests.test_security_authz" name="test_cross_owner_patch_cue_blocked" time="0.401" /><testcase classname="tests.test_security_authz" name="test_cross_owner_delete_cue_blocked" time="0.265" /><testcase classname="tests.test_cynaiah_backend" name="test_me_ok" time="0.331" /><testcase classname="tests.test_cynaiah_backend" name="test_me_no_token" time="0.054" /><testcase classname="tests.test_security_authz" name="test_cross_owner_delete_right_blocked" time="0.115" /><testcase classname="tests.test_cynaiah_backend" name="test_me_invalid_token" time="0.051" /><testcase classname="tests.test_security_authz" name="test_cross_owner_ai_script_no_save" time="6.794" /><testcase classname="tests.test_cynaiah_backend" name="test_dashboard_summary" time="0.126" /><testcase classname="tests.test_cynaiah_backend" name="test_projects_list_and_filter" time="0.200" /><testcase classname="tests.test_cynaiah_backend" name="test_project_crud_and_cascade" time="0.354" /><testcase classname="tests.test_cynaiah_backend" name="test_scripts_flow" time="0.222" /><testcase classname="tests.test_cynaiah_backend" name="test_music_default_and_seeded" time="0.106" /><testcase classname="tests.test_cynaiah_backend" name="test_cues_flow" time="0.140" /><testcase classname="tests.test_cynaiah_backend" name="test_rights_flow" time="0.144" /><testcase classname="tests.test_cynaiah_backend" name="test_courses_list" time="0.046" /><testcase classname="tests.test_cynaiah_backend" name="test_enrollments_and_idempotent_enroll" time="0.146" /><testcase classname="tests.test_cynaiah_backend" name="test_portfolio_flow" time="0.194" /><testcase classname="tests.test_cynaiah_backend" name="test_notifications_flow" time="0.109" /><testcase classname="tests.test_cynaiah_backend" name="test_protected_endpoints_require_auth[/auth/me]" time="0.047" /><testcase classname="tests.test_cynaiah_backend" name="test_protected_endpoints_require_auth[/dashboard/summary]" time="0.054" /><testcase classname="tests.test_cynaiah_backend" name="test_protected_endpoints_require_auth[/projects]" time="0.046" /><testcase classname="tests.test_cynaiah_backend" name="test_protected_endpoints_require_auth[/courses]" time="0.051" /><testcase classname="tests.test_cynaiah_backend" name="test_protected_endpoints_require_auth[/enrollments]" time="0.045" /><testcase classname="tests.test_cynaiah_backend" name="test_protected_endpoints_require_auth[/portfolio]" time="0.496" /><testcase classname="tests.test_cynaiah_backend" name="test_protected_endpoints_require_auth[/notifications]" time="0.046" /><testcase classname="tests.test_cynaiah_backend" name="test_protected_endpoints_require_auth[/calendar]" time="0.047" /><testcase classname="tests.test_cynaiah_backend" name="test_ai_script_logline" time="7.879" /><testcase classname="tests.test_security_authz" name="test_cross_owner_ai_image_no_save" time="8.310" /><testcase classname="tests.test_cynaiah_backend" name="test_ai_script_saved" time="6.532" /><testcase classname="tests.test_security_authz" name="test_owner_get_music" time="0.076" /><testcase classname="tests.test_security_authz" name="test_owner_get_cues" time="0.060" /><testcase classname="tests.test_security_authz" name="test_owner_get_rights" time="0.074" /><testcase classname="tests.test_security_authz" name="test_owner_get_feedback" time="0.098" /><testcase classname="tests.test_security_authz" name="test_owner_post_cue_and_cleanup" time="0.111" /><testcase classname="tests.test_security_authz" name="test_owner_post_right_and_cleanup" time="0.122" /><testcase classname="tests.test_security_authz" name="test_owner_post_script_and_cleanup" time="0.135" /><testcase classname="tests.test_security_authz" name="test_owner_post_character" time="0.057" /><testcase classname="tests.test_security_authz" name="test_owner_post_storyboard_frame" time="0.066" /><testcase classname="tests.test_security_authz" name="test_seeded_cues_unmodified" time="0.065" /><testcase classname="tests.test_security_authz" name="test_coverage_coach_still_works" time="34.709" /><testcase classname="tests.test_cynaiah_backend" name="test_ai_image" time="7.813" /><testcase classname="tests.test_ancr_envelope" name="test_link_registry_public_no_auth" time="0.122" /><testcase classname="tests.test_ancr_envelope" name="test_resolve_link_valid_event" time="0.324" /><testcase classname="tests.test_ancr_envelope" name="test_resolve_link_valid_project" time="0.049" /><testcase classname="tests.test_ancr_envelope" name="test_resolve_link_faculty_project" time="0.069" /><testcase classname="tests.test_ancr_envelope" name="test_resolve_link_faculty_dashboard" time="0.049" /><testcase classname="tests.test_ancr_envelope" name="test_resolve_link_project_command_center" time="0.049" /><testcase classname="tests.test_ancr_envelope" name="test_resolve_link_unregistered_returns_404[/random/nowhere]" time="0.044" /><testcase classname="tests.test_ancr_envelope" name="test_resolve_link_unregistered_returns_404[/reviews]" time="0.048" /><testcase classname="tests.test_ancr_envelope" name="test_resolve_link_unregistered_returns_404[/reviews?review=abc]" time="0.046" /><testcase classname="tests.test_ancr_envelope" name="test_resolve_link_unregistered_returns_404[not-a-path]" time="0.044" /><testcase classname="tests.test_ancr_envelope" name="test_resolve_link_unregistered_returns_404[]" time="0.043" /><testcase classname="tests.test_ancr_envelope" name="test_resolve_link_requires_auth" time="0.048" /><testcase classname="tests.test_ancr_envelope" name="test_envelope_shape_per_kind[written]" time="0.670" /><testcase classname="tests.test_ancr_envelope" name="test_envelope_shape_per_kind[time_coded]" time="0.098" /><testcase classname="tests.test_ancr_envelope" name="test_envelope_shape_per_kind[coverage_response]" time="0.101" /><testcase classname="tests.test_ancr_envelope" name="test_envelope_shape_per_kind[rubric]" time="0.112" /><testcase classname="tests.test_ancr_envelope" name="test_envelope_shape_per_kind[status]" time="0.103" /><testcase classname="tests.test_ancr_envelope" name="test_five_reviews_produce_five_notifications" time="0.052" /><testcase classname="tests.test_ancr_envelope" name="test_envelope_cross_owner_404" time="0.418" /><testcase classname="tests.test_ancr_envelope" name="test_envelope_invalid_id_404" time="0.046" /><testcase classname="tests.test_ancr_envelope" name="test_envelope_requires_auth" time="0.102" /><testcase classname="tests.test_ancr_envelope" name="test_every_notification_link_resolves_for_student" time="5.547" /><testcase classname="tests.test_ancr_envelope" name="test_every_notification_link_resolves_for_faculty" time="0.049" /><testcase classname="tests.test_ancr_envelope" name="test_route_projects_reviews_owner_ok" time="0.058" /><testcase classname="tests.test_ancr_envelope" name="test_route_faculty_project_assigned_ok" time="0.053" /><testcase classname="tests.test_ancr_envelope" name="test_route_faculty_project_unassigned_forbidden_for_attacker" time="0.058" /><testcase classname="tests.test_ancr_envelope" name="test_route_project_command_center_owner_ok" time="0.048" /><testcase classname="tests.test_ancr_envelope" name="test_regression_seeded_reviews_preserved" time="0.059" /><testcase classname="tests.test_review_notifications" name="test_baseline_seeded_reviews_present" time="0.554" /><testcase classname="tests.test_review_notifications" name="test_review_creates_notification[written]" time="0.621" /><testcase classname="tests.test_review_notifications" name="test_review_creates_notification[time_coded]" time="0.061" /><testcase classname="tests.test_review_notifications" name="test_review_creates_notification[coverage_response]" time="0.060" /><testcase classname="tests.test_review_notifications" name="test_review_creates_notification[rubric]" time="0.070" /><testcase classname="tests.test_review_notifications" name="test_review_creates_notification[status]" time="0.059" /><testcase classname="tests.test_review_notifications" name="test_notification_copy_written" time="0.063" /><testcase classname="tests.test_review_notifications" name="test_notification_copy_time_coded" time="0.060" /><testcase classname="tests.test_review_notifications" name="test_notification_copy_coverage_response" time="0.063" /><testcase classname="tests.test_review_notifications" name="test_notification_copy_rubric" time="0.062" /><testcase classname="tests.test_review_notifications" name="test_notification_copy_status" time="0.068" /><testcase classname="tests.test_review_notifications" name="test_get_notifications_sorted_desc" time="0.062" /><testcase classname="tests.test_review_notifications" name="test_get_notifications_has_deep_links" time="0.061" /><testcase classname="tests.test_review_notifications" name="test_mark_read_owner" time="0.181" /><testcase classname="tests.test_review_notifications" name="test_mark_read_cross_owner_is_noop" time="0.459" /><testcase classname="tests.test_review_notifications" name="test_mark_all_read" time="0.184" /><testcase classname="tests.test_review_notifications" name="test_mark_all_read_does_not_touch_others" time="0.228" /><testcase classname="tests.test_review_notifications" name="test_cross_owner_get_notifications_isolated" time="0.113" /><testcase classname="tests.test_review_notifications" name="test_seeded_reviews_untouched_after_notifications" time="0.080" /><testcase classname="tests.test_review_notifications" name="test_supersede_preserves_old_row" time="0.148" /><testcase classname="tests.test_review_notifications" name="test_review_row_not_mutated_by_notification" time="0.126" /><testcase classname="tests.test_review_notifications" name="test_reviews_endpoint_still_returns_seed_plus_new" time="0.064" /><testcase classname="tests.test_faculty_reviews" name="test_rubric_competencies_public" time="0.103" /><testcase classname="tests.test_faculty_reviews" name="test_faculty_dashboard_student_forbidden" time="0.434" /><testcase classname="tests.test_faculty_reviews" name="test_faculty_dashboard_faculty_ok" time="0.440" /><testcase classname="tests.test_faculty_reviews" name="test_faculty_project_view_student_forbidden" time="0.134" /><testcase classname="tests.test_faculty_reviews" name="test_faculty_project_view_ok" time="0.126" /><testcase classname="tests.test_faculty_reviews" name="test_post_review_student_forbidden" time="0.094" /><testcase classname="tests.test_faculty_reviews" name="test_append_only_and_supersedes" time="0.528" /><testcase classname="tests.test_faculty_reviews" name="test_rubric_missing_scores_400" time="0.114" /><testcase classname="tests.test_faculty_reviews" name="test_status_invalid_400" time="0.103" /><testcase classname="tests.test_faculty_reviews" name="test_time_coded_missing_timestamp_400" time="0.120" /><testcase classname="tests.test_faculty_reviews" name="test_project_reviews_student_owner" time="0.106" /><testcase classname="tests.test_faculty_reviews" name="test_project_reviews_faculty" time="0.108" /><testcase classname="tests.test_faculty_reviews" name="test_student_reviews_summary" time="0.099" /><testcase classname="tests.test_frame_feedback" name="test_link_registry_lists_six_including_storyboard_frame" time="0.105" /><testcase classname="tests.test_frame_feedback" name="test_resolve_link_storyboard_frame_ok" time="0.432" /><testcase classname="tests.test_frame_feedback" name="test_resolve_link_storyboard_frame_missing_query_404[/story-lab?project=proj-mv-neon-heart]" time="0.101" /><testcase classname="tests.test_frame_feedback" name="test_resolve_link_storyboard_frame_missing_query_404[/story-lab?frame=frame-proj-mv-neon-heart-0]" time="0.100" /><testcase classname="tests.test_frame_feedback" name="test_resolve_link_storyboard_frame_missing_query_404[/story-lab]" time="0.114" /><testcase classname="tests.test_frame_feedback" name="test_frame_feedback_missing_target_ref_400" time="0.433" /><testcase classname="tests.test_frame_feedback" name="test_frame_feedback_unknown_frame_404" time="0.101" /><testcase classname="tests.test_frame_feedback" name="test_frame_feedback_cross_project_frame_404" time="0.337" /><testcase classname="tests.test_frame_feedback" name="test_student_cannot_post_frame_feedback" time="0.220" /><testcase classname="tests.test_frame_feedback" name="test_second_student_cannot_list_reviews" time="0.439" /><testcase classname="tests.test_frame_feedback" name="test_frame_feedback_post_creates_review_and_notification" time="0.609" /><testcase classname="tests.test_frame_feedback" name="test_immutable_history_and_supersedes" time="0.707" /><testcase classname="tests.test_security_auth.TestRoleEscalation" name="test_public_blocked_for_elevated_role[faculty]" time="0.116" /><testcase classname="tests.test_security_auth.TestRoleEscalation" name="test_public_blocked_for_elevated_role[mentor]" time="0.046" /><testcase classname="tests.test_security_auth.TestRoleEscalation" name="test_public_blocked_for_elevated_role[institutional_admin]" time="0.043" /><testcase classname="tests.test_security_auth.TestRoleEscalation" name="test_public_blocked_for_elevated_role[platform_admin]" time="0.046" /><testcase classname="tests.test_security_auth.TestRoleEscalation" name="test_public_allowed_for_self_register_roles[student]" time="0.274" /><testcase classname="tests.test_security_auth.TestRoleEscalation" name="test_public_allowed_for_self_register_roles[collaborator]" time="0.272" /><testcase classname="tests.test_security_auth.TestRoleEscalation" name="test_admin_can_create_faculty" time="0.548" /><testcase classname="tests.test_security_auth.TestRoleEscalation" name="test_student_token_cannot_create_faculty" time="0.348" /><testcase classname="tests.test_security_auth.TestAuthRegression" name="test_seeded_login_still_works[student@cynaiah.demo]" time="0.273" /><testcase classname="tests.test_security_auth.TestAuthRegression" name="test_seeded_login_still_works[faculty@cynaiah.demo]" time="0.274" /><testcase classname="tests.test_security_auth.TestAuthRegression" name="test_seeded_login_still_works[admin@cynaiah.demo]" time="0.276" /><testcase classname="tests.test_security_auth.TestAuthRegression" name="test_me_endpoint_works[student@cynaiah.demo-student]" time="0.321" /><testcase classname="tests.test_security_auth.TestAuthRegression" name="test_me_endpoint_works[faculty@cynaiah.demo-faculty]" time="0.327" /><testcase classname="tests.test_security_auth.TestAuthRegression" name="test_me_endpoint_works[admin@cynaiah.demo-platform_admin]" time="0.317" /><testcase classname="tests.test_security_auth.TestAuthRegression" name="test_wrong_password_valid_email_no_leak" time="0.277" /><testcase classname="tests.test_security_auth.TestAuthRegression" name="test_wrong_email_same_detail_no_enumeration" time="0.355" /><testcase classname="tests.test_production_studio" name="test_coverage_coach_requires_auth" time="0.128" /><testcase classname="tests.test_production_studio" name="test_coverage_coach_returns_advisory" time="34.289" /><testcase classname="tests.test_security_authz" name="test_faculty_dashboard_gate" time="0.420" /><testcase classname="tests.test_security_authz" name="test_faculty_reviews_seeded" time="0.069" /><testcase classname="tests.test_security_authz" name="test_no_token_returns_401[GET-/projects/proj-mv-neon-heart/music]" time="0.051" /><testcase classname="tests.test_security_authz" name="test_no_token_returns_401[GET-/projects/proj-mv-neon-heart/cues]" time="0.055" /><testcase classname="tests.test_security_authz" name="test_no_token_returns_401[GET-/projects/proj-mv-neon-heart/rights]" time="0.059" /><testcase classname="tests.test_security_authz" name="test_no_token_returns_401[GET-/projects/proj-mv-neon-heart/feedback]" time="0.062" /><testcase classname="tests.test_security_authz" name="test_no_token_returns_401[POST-/cues]" time="0.058" /><testcase classname="tests.test_security_authz" name="test_no_token_returns_401[POST-/rights]" time="0.056" /><testcase classname="tests.test_security_authz" name="test_no_token_returns_401[POST-/scripts]" time="0.069" /><testcase classname="tests.test_security_authz" name="test_no_token_returns_401[POST-/characters]" time="0.055" /><testcase classname="tests.test_security_authz" name="test_no_token_returns_401[POST-/storyboard-frames]" time="0.048" /><testcase classname="tests.test_security_authz" name="test_no_token_returns_401[DELETE-/cues/cue-1]" time="0.054" /><testcase classname="tests.test_security_authz" name="test_no_token_returns_401[DELETE-/rights/rt-1]" time="0.051" /><testcase classname="tests.test_security_authz" name="test_no_token_returns_401[PATCH-/cues/cue-1]" time="0.054" /><testcase classname="tests.test_security_authz" name="test_invalid_jwt_returns_401" time="0.050" /><testcase classname="tests.test_security_auth.TestPasswordStrength" name="test_too_short" time="0.105" /><testcase classname="tests.test_security_auth.TestPasswordStrength" name="test_no_letter" time="0.048" /><testcase classname="tests.test_security_auth.TestPasswordStrength" name="test_no_digit" time="0.049" /><testcase classname="tests.test_security_auth.TestPasswordStrength" name="test_valid_password_registers" time="0.276" /><testcase classname="tests.test_admin_bootstrap.TestEnvironmentEndpoint" name="test_environment_no_auth_returns_posture" time="0.388" /><testcase classname="tests.test_admin_bootstrap.TestEnvironmentEndpoint" name="test_environment_only_has_documented_keys" time="0.098" /><testcase classname="tests.test_admin_bootstrap.TestEnvironmentEndpoint" name="test_environment_leaks_no_secrets" time="0.096" /><testcase classname="tests.test_security_auth.TestSeedGuard" name="test_seed_no_token_401" time="0.101" /><testcase classname="tests.test_security_auth.TestSeedGuard" name="test_seed_student_token_403" time="0.325" /><testcase classname="tests.test_security_auth.TestSeedGuard" name="test_seed_admin_token_200" time="0.319" /><testcase classname="tests.test_security_auth.TestBruteForceLockout" name="test_lockout_after_8_fails" time="2.302" /><testcase classname="tests.test_security_auth.TestBruteForceLockout" name="test_lockout_is_per_identifier" time="2.855" /><testcase classname="tests.test_security_auth.TestBruteForceLockout" name="test_lockout_clears_after_reset_and_next_login_success" time="2.869" /><testcase classname="tests.test_admin_bootstrap.TestDemoModeContract" name="test_demo_admin_login_succeeds" time="0.339" /><testcase classname="tests.test_admin_bootstrap.TestDemoModeContract" name="test_demo_warning_log_emitted_on_seed" time="0.243" /><testcase classname="tests.test_admin_bootstrap.TestElevatedRegistrationRegression" name="test_register_faculty_with_admin_token_succeeds" time="0.688" /><testcase classname="tests.test_admin_bootstrap.TestElevatedRegistrationRegression" name="test_register_faculty_without_token_forbidden" time="0.100" /><testcase classname="tests.test_security_auth.TestAncrRegression" name="test_link_registry" time="0.397" /><testcase classname="tests.test_security_auth.TestAncrRegression" name="test_resolve_link_unknown_404" time="0.046" /><testcase classname="tests.test_admin_bootstrap.TestProductionRefusesDemoCreds" name="test_prod_with_demo_creds_refused" time="0.004" /><testcase classname="tests.test_admin_bootstrap.TestProductionRealBootstrap" name="test_prod_with_real_creds_creates_admin" time="0.463" /><testcase classname="tests.test_admin_bootstrap.TestProductionMissingEnvVars" name="test_prod_no_env_vars_skips_bootstrap" time="0.004" /><testcase classname="tests.test_admin_bootstrap.TestDemoModeIdempotency" name="test_demo_mode_idempotent" time="0.469" /><testcase classname="tests.test_production_studio" name="test_coverage_coach_empty_project_returns_400" time="0.405" /><testcase classname="tests.test_production_studio" name="test_callsheet_pdf_download" time="0.232" /><testcase classname="tests.test_production_studio" name="test_callsheet_pdf_requires_auth" time="0.098" /></testsuite></testsuites>