<?xml version="1.0" encoding="utf-8"?><testsuites name="pytest tests"><testsuite name="pytest" errors="0" failures="0" skipped="0" tests="22" time="3.429" timestamp="2026-07-31T18:46:43.835372+00:00" hostname="agent-env-c2bf50cf-f451-41c8-8408-7664fcfd8a56"><testcase classname="tests.test_review_notifications" name="test_baseline_seeded_reviews_present" time="0.485" /><testcase classname="tests.test_review_notifications" name="test_review_creates_notification[written]" time="0.569" /><testcase classname="tests.test_review_notifications" name="test_review_creates_notification[time_coded]" time="0.047" /><testcase classname="tests.test_review_notifications" name="test_review_creates_notification[coverage_response]" time="0.047" /><testcase classname="tests.test_review_notifications" name="test_review_creates_notification[rubric]" time="0.056" /><testcase classname="tests.test_review_notifications" name="test_review_creates_notification[status]" time="0.050" /><testcase classname="tests.test_review_notifications" name="test_notification_copy_written" time="0.049" /><testcase classname="tests.test_review_notifications" name="test_notification_copy_time_coded" time="0.055" /><testcase classname="tests.test_review_notifications" name="test_notification_copy_coverage_response" time="0.047" /><testcase classname="tests.test_review_notifications" name="test_notification_copy_rubric" time="0.055" /><testcase classname="tests.test_review_notifications" name="test_notification_copy_status" time="0.057" /><testcase classname="tests.test_review_notifications" name="test_get_notifications_sorted_desc" time="0.052" /><testcase classname="tests.test_review_notifications" name="test_get_notifications_has_deep_links" time="0.057" /><testcase classname="tests.test_review_notifications" name="test_mark_read_owner" time="0.146" /><testcase classname="tests.test_review_notifications" name="test_mark_read_cross_owner_is_noop" time="0.413" /><testcase classname="tests.test_review_notifications" name="test_mark_all_read" time="0.142" /><testcase classname="tests.test_review_notifications" name="test_mark_all_read_does_not_touch_others" time="0.215" /><testcase classname="tests.test_review_notifications" name="test_cross_owner_get_notifications_isolated" time="0.093" /><testcase classname="tests.test_review_notifications" name="test_seeded_reviews_untouched_after_notifications" time="0.050" /><testcase classname="tests.test_review_notifications" name="test_supersede_preserves_old_row" time="0.105" /><testcase classname="tests.test_review_notifications" name="test_review_row_not_mutated_by_notification" time="0.095" /><testcase classname="tests.test_review_notifications" name="test_reviews_endpoint_still_returns_seed_plus_new" time="0.047" /></testsuite></testsuites>