<?xml version="1.0" encoding="utf-8"?><testsuites name="pytest tests"><testsuite name="pytest" errors="0" failures="0" skipped="0" tests="40" time="56.790" timestamp="2026-07-31T18:31:35.089151+00:00" hostname="agent-env-c2bf50cf-f451-41c8-8408-7664fcfd8a56"><testcase classname="tests.test_security_authz" name="test_cross_owner_get_nested_blocked[music]" time="0.461" /><testcase classname="tests.test_security_authz" name="test_cross_owner_get_nested_blocked[cues]" time="0.070" /><testcase classname="tests.test_security_authz" name="test_cross_owner_get_nested_blocked[rights]" time="0.063" /><testcase classname="tests.test_security_authz" name="test_cross_owner_get_nested_blocked[feedback]" time="0.062" /><testcase classname="tests.test_security_authz" name="test_cross_owner_post_cues_blocked" time="0.066" /><testcase classname="tests.test_security_authz" name="test_cross_owner_post_rights_blocked" time="0.067" /><testcase classname="tests.test_security_authz" name="test_cross_owner_post_scripts_blocked" time="0.059" /><testcase classname="tests.test_security_authz" name="test_cross_owner_post_characters_blocked" time="0.062" /><testcase classname="tests.test_security_authz" name="test_cross_owner_post_storyboard_frames_blocked" time="0.073" /><testcase classname="tests.test_security_authz" name="test_cross_owner_patch_cue_blocked" time="0.413" /><testcase classname="tests.test_security_authz" name="test_cross_owner_delete_cue_blocked" time="0.064" /><testcase classname="tests.test_security_authz" name="test_cross_owner_delete_right_blocked" time="0.114" /><testcase classname="tests.test_security_authz" name="test_cross_owner_ai_script_no_save" time="6.888" /><testcase classname="tests.test_security_authz" name="test_cross_owner_ai_image_no_save" time="13.329" /><testcase classname="tests.test_security_authz" name="test_owner_get_music" time="0.063" /><testcase classname="tests.test_security_authz" name="test_owner_get_cues" time="0.067" /><testcase classname="tests.test_security_authz" name="test_owner_get_rights" time="0.055" /><testcase classname="tests.test_security_authz" name="test_owner_get_feedback" time="0.066" /><testcase classname="tests.test_security_authz" name="test_owner_post_cue_and_cleanup" time="0.115" /><testcase classname="tests.test_security_authz" name="test_owner_post_right_and_cleanup" time="0.118" /><testcase classname="tests.test_security_authz" name="test_owner_post_script_and_cleanup" time="0.113" /><testcase classname="tests.test_security_authz" name="test_owner_post_character" time="0.057" /><testcase classname="tests.test_security_authz" name="test_owner_post_storyboard_frame" time="0.052" /><testcase classname="tests.test_security_authz" name="test_seeded_cues_unmodified" time="0.055" /><testcase classname="tests.test_security_authz" name="test_coverage_coach_still_works" time="32.471" /><testcase classname="tests.test_security_authz" name="test_faculty_dashboard_gate" time="0.403" /><testcase classname="tests.test_security_authz" name="test_faculty_reviews_seeded" time="0.058" /><testcase classname="tests.test_security_authz" name="test_no_token_returns_401[GET-/projects/proj-mv-neon-heart/music]" time="0.052" /><testcase classname="tests.test_security_authz" name="test_no_token_returns_401[GET-/projects/proj-mv-neon-heart/cues]" time="0.059" /><testcase classname="tests.test_security_authz" name="test_no_token_returns_401[GET-/projects/proj-mv-neon-heart/rights]" time="0.055" /><testcase classname="tests.test_security_authz" name="test_no_token_returns_401[GET-/projects/proj-mv-neon-heart/feedback]" time="0.062" /><testcase classname="tests.test_security_authz" name="test_no_token_returns_401[POST-/cues]" time="0.051" /><testcase classname="tests.test_security_authz" name="test_no_token_returns_401[POST-/rights]" time="0.056" /><testcase classname="tests.test_security_authz" name="test_no_token_returns_401[POST-/scripts]" time="0.063" /><testcase classname="tests.test_security_authz" name="test_no_token_returns_401[POST-/characters]" time="0.068" /><testcase classname="tests.test_security_authz" name="test_no_token_returns_401[POST-/storyboard-frames]" time="0.071" /><testcase classname="tests.test_security_authz" name="test_no_token_returns_401[DELETE-/cues/cue-1]" time="0.062" /><testcase classname="tests.test_security_authz" name="test_no_token_returns_401[DELETE-/rights/rt-1]" time="0.062" /><testcase classname="tests.test_security_authz" name="test_no_token_returns_401[PATCH-/cues/cue-1]" time="0.057" /><testcase classname="tests.test_security_authz" name="test_invalid_jwt_returns_401" time="0.058" /></testsuite></testsuites>