<?xml version="1.0" encoding="utf-8"?><testsuites name="pytest tests"><testsuite name="pytest" errors="0" failures="0" skipped="0" tests="15" time="3.167" timestamp="2026-07-08T18:02:39.216650+00:00" hostname="agent-env-ad9abd17-d61b-4cc1-b0e7-bfd27b25bef1"><testcase classname="tests.test_iter4" name="test_mobility_profile_unauth" time="0.213" /><testcase classname="tests.test_iter4" name="test_mobility_profile_keys" time="0.413" /><testcase classname="tests.test_iter4" name="test_mobility_patch_valid" time="0.112" /><testcase classname="tests.test_iter4" name="test_mobility_patch_invalid_section" time="0.056" /><testcase classname="tests.test_iter4" name="test_travel_suggestions" time="0.056" /><testcase classname="tests.test_iter4" name="test_packet_create_unauth" time="0.111" /><testcase classname="tests.test_iter4" name="test_packet_create_and_public_fetch" time="0.220" /><testcase classname="tests.test_iter4" name="test_packet_public_invalid_token" time="0.128" /><testcase classname="tests.test_iter4" name="test_packet_include_emergency_true" time="0.217" /><testcase classname="tests.test_iter4" name="test_packet_public_permission_minimal" time="0.267" /><testcase classname="tests.test_iter4" name="test_list_and_revoke_packet" time="0.306" /><testcase classname="tests.test_iter4" name="test_regression_login" time="0.326" /><testcase classname="tests.test_iter4" name="test_regression_public_creator" time="0.109" /><testcase classname="tests.test_iter4" name="test_regression_journey" time="0.058" /><testcase classname="tests.test_iter4" name="test_regression_sso_clients" time="0.054" /></testsuite></testsuites>