<?xml version="1.0" encoding="utf-8"?><testsuites name="pytest tests"><testsuite name="pytest" errors="0" failures="0" skipped="0" tests="12" time="3.502" timestamp="2026-07-07T23:03:05.309679+00:00" hostname="agent-env-ad9abd17-d61b-4cc1-b0e7-bfd27b25bef1"><testcase classname="tests.test_iter2" name="test_public_creator_aaron" time="0.323" /><testcase classname="tests.test_iter2" name="test_public_creator_unknown_returns_404" time="0.126" /><testcase classname="tests.test_iter2" name="test_upload_unauth_401" time="0.111" /><testcase classname="tests.test_iter2" name="test_upload_reject_non_image" time="0.401" /><testcase classname="tests.test_iter2" name="test_upload_reject_oversize" time="0.359" /><testcase classname="tests.test_iter2" name="test_upload_and_fetch" time="0.621" /><testcase classname="tests.test_iter2" name="test_sso_clients_list" time="0.114" /><testcase classname="tests.test_iter2" name="test_sso_authorize_and_verify" time="0.163" /><testcase classname="tests.test_iter2" name="test_sso_verify_invalid" time="0.133" /><testcase classname="tests.test_iter2" name="test_sso_authorize_unauth" time="0.105" /><testcase classname="tests.test_iter2" name="test_sso_authorize_unknown_client" time="0.055" /><testcase classname="tests.test_iter2" name="test_signup_returns_handle_and_ancrid" time="0.339" /></testsuite></testsuites>