<?xml version="1.0" encoding="utf-8"?><testsuites name="pytest tests"><testsuite name="pytest" errors="0" failures="0" skipped="0" tests="14" time="1.756" timestamp="2026-07-07T23:13:55.549407+00:00" hostname="agent-env-ad9abd17-d61b-4cc1-b0e7-bfd27b25bef1"><testcase classname="tests.test_iter3" name="test_journey_unauth_401" time="0.128" /><testcase classname="tests.test_iter3" name="test_journey_shape" time="0.371" /><testcase classname="tests.test_iter3" name="test_public_creator_includes_journey" time="0.099" /><testcase classname="tests.test_iter3" name="test_overview_9_ecosystem" time="0.045" /><testcase classname="tests.test_iter3" name="test_ancrid_endpoints_200[/api/ancrid/portfolio]" time="0.046" /><testcase classname="tests.test_iter3" name="test_ancrid_endpoints_200[/api/ancrid/timeline]" time="0.043" /><testcase classname="tests.test_iter3" name="test_ancrid_endpoints_200[/api/ancrid/passport]" time="0.053" /><testcase classname="tests.test_iter3" name="test_ancrid_endpoints_200[/api/ancrid/collaborations]" time="0.054" /><testcase classname="tests.test_iter3" name="test_ancrid_endpoints_200[/api/ancrid/skills]" time="0.043" /><testcase classname="tests.test_iter3" name="test_ancrid_endpoints_200[/api/ancrid/education]" time="0.064" /><testcase classname="tests.test_iter3" name="test_ancrid_endpoints_200[/api/ancrid/history]" time="0.045" /><testcase classname="tests.test_iter3" name="test_ancrid_endpoints_200[/api/ancrid/achievements]" time="0.042" /><testcase classname="tests.test_iter3" name="test_ancrid_endpoints_200[/api/ancrid/credentials]" time="0.039" /><testcase classname="tests.test_iter3" name="test_sso_clients_still_9" time="0.096" /></testsuite></testsuites>