<?xml version="1.0" encoding="utf-8"?><testsuites name="pytest tests"><testsuite name="pytest" errors="0" failures="0" skipped="0" tests="27" time="4.185" timestamp="2026-07-07T22:45:10.124370+00:00" hostname="agent-env-ad9abd17-d61b-4cc1-b0e7-bfd27b25bef1"><testcase classname="tests.backend_test" name="test_root" time="0.286" /><testcase classname="tests.backend_test" name="test_login_invalid" time="0.363" /><testcase classname="tests.backend_test" name="test_login_success_sets_cookies" time="0.266" /><testcase classname="tests.backend_test" name="test_me" time="0.308" /><testcase classname="tests.backend_test" name="test_unauth_blocked" time="0.111" /><testcase classname="tests.backend_test" name="test_ancrid_endpoint[/overview]" time="0.045" /><testcase classname="tests.backend_test" name="test_ancrid_endpoint[/identity]" time="0.044" /><testcase classname="tests.backend_test" name="test_ancrid_endpoint[/portfolio]" time="0.045" /><testcase classname="tests.backend_test" name="test_ancrid_endpoint[/timeline]" time="0.043" /><testcase classname="tests.backend_test" name="test_ancrid_endpoint[/passport]" time="0.045" /><testcase classname="tests.backend_test" name="test_ancrid_endpoint[/collaborations]" time="0.044" /><testcase classname="tests.backend_test" name="test_ancrid_endpoint[/skills]" time="0.044" /><testcase classname="tests.backend_test" name="test_ancrid_endpoint[/education]" time="0.042" /><testcase classname="tests.backend_test" name="test_ancrid_endpoint[/history]" time="0.044" /><testcase classname="tests.backend_test" name="test_ancrid_endpoint[/achievements]" time="0.044" /><testcase classname="tests.backend_test" name="test_ancrid_endpoint[/credentials]" time="0.044" /><testcase classname="tests.backend_test" name="test_ancrid_endpoint[/ecosystem]" time="0.047" /><testcase classname="tests.backend_test" name="test_ancrid_endpoint[/ai/insights]" time="0.050" /><testcase classname="tests.backend_test" name="test_ancrid_endpoint[/network]" time="0.043" /><testcase classname="tests.backend_test" name="test_overview_shape" time="0.043" /><testcase classname="tests.backend_test" name="test_network_search" time="0.041" /><testcase classname="tests.backend_test" name="test_network_filter_discipline" time="0.040" /><testcase classname="tests.backend_test" name="test_identity_patch_persists" time="0.093" /><testcase classname="tests.backend_test" name="test_signup_new_user" time="0.398" /><testcase classname="tests.backend_test" name="test_signup_duplicate_email" time="0.127" /><testcase classname="tests.backend_test" name="test_refresh_token" time="0.404" /><testcase classname="tests.backend_test" name="test_logout_clears_cookies" time="0.503" /></testsuite></testsuites>