<?xml version="1.0" encoding="utf-8"?><testsuites name="pytest tests"><testsuite name="pytest" errors="0" failures="0" skipped="0" tests="27" time="19.394" timestamp="2026-07-08T19:48:39.588255+00:00" hostname="agent-env-f12263d8-5249-4aac-8571-6fbba75c6176"><testcase classname="tests.backend_test" name="test_healthz" time="0.125" /><testcase classname="tests.backend_test" name="test_login_success" time="0.359" /><testcase classname="tests.backend_test" name="test_login_bad_creds" time="0.325" /><testcase classname="tests.backend_test" name="test_auth_me" time="0.372" /><testcase classname="tests.backend_test" name="test_demo_login" time="0.110" /><testcase classname="tests.backend_test" name="test_emergent_bad_session" time="0.782" /><testcase classname="tests.backend_test" name="test_professionals" time="0.051" /><testcase classname="tests.backend_test" name="test_professionals_featured" time="0.051" /><testcase classname="tests.backend_test" name="test_professional_by_id" time="0.101" /><testcase classname="tests.backend_test" name="test_students_list" time="0.422" /><testcase classname="tests.backend_test" name="test_supervision_mine" time="0.061" /><testcase classname="tests.backend_test" name="test_student_detail" time="0.076" /><testcase classname="tests.backend_test" name="test_cohorts" time="0.095" /><testcase classname="tests.backend_test" name="test_sessions" time="0.099" /><testcase classname="tests.backend_test" name="test_sessions_upcoming" time="0.046" /><testcase classname="tests.backend_test" name="test_reviews_list" time="0.045" /><testcase classname="tests.backend_test" name="test_review_create" time="0.050" /><testcase classname="tests.backend_test" name="test_opportunities" time="0.093" /><testcase classname="tests.backend_test" name="test_recommendations" time="0.046" /><testcase classname="tests.backend_test" name="test_creative_teams" time="0.045" /><testcase classname="tests.backend_test" name="test_calendar" time="0.044" /><testcase classname="tests.backend_test" name="test_resources" time="0.046" /><testcase classname="tests.backend_test" name="test_threads_and_message" time="0.138" /><testcase classname="tests.backend_test" name="test_dashboard_overview" time="0.053" /><testcase classname="tests.backend_test" name="test_institution_overview" time="0.372" /><testcase classname="tests.backend_test" name="test_aiah_generate" time="14.864" /><testcase classname="tests.backend_test" name="test_notifications" time="0.055" /></testsuite></testsuites>