<?xml version="1.0" encoding="utf-8"?><testsuites name="pytest tests"><testsuite name="pytest" errors="0" failures="0" skipped="0" tests="27" time="17.283" timestamp="2026-07-08T18:58:53.664537+00:00" hostname="agent-env-f12263d8-5249-4aac-8571-6fbba75c6176"><testcase classname="tests.backend_test" name="test_healthz" time="0.124" /><testcase classname="tests.backend_test" name="test_login_success" time="0.322" /><testcase classname="tests.backend_test" name="test_login_bad_creds" time="0.364" /><testcase classname="tests.backend_test" name="test_auth_me" time="0.387" /><testcase classname="tests.backend_test" name="test_demo_login" time="0.159" /><testcase classname="tests.backend_test" name="test_emergent_bad_session" time="0.217" /><testcase classname="tests.backend_test" name="test_professionals" time="0.054" /><testcase classname="tests.backend_test" name="test_professionals_featured" time="0.052" /><testcase classname="tests.backend_test" name="test_professional_by_id" time="0.096" /><testcase classname="tests.backend_test" name="test_students_list" time="0.392" /><testcase classname="tests.backend_test" name="test_supervision_mine" time="0.056" /><testcase classname="tests.backend_test" name="test_student_detail" time="0.052" /><testcase classname="tests.backend_test" name="test_cohorts" time="0.094" /><testcase classname="tests.backend_test" name="test_sessions" time="0.107" /><testcase classname="tests.backend_test" name="test_sessions_upcoming" time="0.051" /><testcase classname="tests.backend_test" name="test_reviews_list" time="0.050" /><testcase classname="tests.backend_test" name="test_review_create" time="0.053" /><testcase classname="tests.backend_test" name="test_opportunities" time="0.105" /><testcase classname="tests.backend_test" name="test_recommendations" time="0.046" /><testcase classname="tests.backend_test" name="test_creative_teams" time="0.046" /><testcase classname="tests.backend_test" name="test_calendar" time="0.047" /><testcase classname="tests.backend_test" name="test_resources" time="0.047" /><testcase classname="tests.backend_test" name="test_threads_and_message" time="0.147" /><testcase classname="tests.backend_test" name="test_dashboard_overview" time="0.054" /><testcase classname="tests.backend_test" name="test_institution_overview" time="0.389" /><testcase classname="tests.backend_test" name="test_aiah_generate" time="13.178" /><testcase classname="tests.backend_test" name="test_notifications" time="0.049" /></testsuite></testsuites>