<?xml version="1.0" encoding="utf-8"?><testsuites name="pytest tests"><testsuite name="pytest" errors="0" failures="0" skipped="0" tests="46" time="90.578" timestamp="2026-08-19T19:48:06.191868+00:00" hostname="agent-env-94cdc595-5562-48e7-a0f5-9fc0aee8c0e1"><testcase classname="tests.backend_test.TestMusicStatic" name="test_overview" time="0.360" /><testcase classname="tests.backend_test.TestDestinations" name="test_list" time="0.318" /><testcase classname="tests.backend_test.TestDestinations" name="test_search_filter" time="0.091" /><testcase classname="tests.backend_test.TestMusicStatic" name="test_traditions" time="0.143" /><testcase classname="tests.backend_test.TestDestinations" name="test_japan_detail" time="0.088" /><testcase classname="tests.backend_test.TestDestinations" name="test_unknown_destination_404" time="0.087" /><testcase classname="tests.backend_test.TestMusicStatic" name="test_tradition_detail" time="0.078" /><testcase classname="tests.backend_test.TestMusicStatic" name="test_tradition_404" time="0.131" /><testcase classname="tests.backend_test.TestDestinations" name="test_save_toggle_and_persistence" time="0.763" /><testcase classname="tests.backend_test.TestMusicStatic" name="test_comparisons" time="0.129" /><testcase classname="tests.backend_test.TestMusicStatic" name="test_rhythms" time="0.121" /><testcase classname="tests.backend_test.TestMusicStatic" name="test_instruments" time="0.155" /><testcase classname="tests.backend_test.TestMusicStatic" name="test_session_phrases" time="0.376" /><testcase classname="tests.backend_test.TestTrips" name="test_list_trips" time="0.086" /><testcase classname="tests.backend_test.TestTrips" name="test_trip_detail" time="0.087" /><testcase classname="tests.backend_test.TestMusicStatic" name="test_music_classroom" time="0.088" /><testcase classname="tests.backend_test.TestTrips" name="test_trip_404" time="0.090" /><testcase classname="tests.backend_test.TestMusicStatic" name="test_pathway" time="0.130" /><testcase classname="tests.backend_test.TestTrips" name="test_trip_mode" time="0.087" /><testcase classname="tests.backend_test.TestTrips" name="test_safety_and_location_sharing" time="0.703" /><testcase classname="tests.backend_test.TestMusicStatic" name="test_pathway_404" time="0.143" /><testcase classname="tests.backend_test.TestMusicAI" name="test_compare" time="22.011" /><testcase classname="tests.backend_test.TestCore" name="test_root" time="0.099" /><testcase classname="tests.backend_test.TestCore" name="test_me" time="0.092" /><testcase classname="tests.backend_test.TestCore" name="test_dashboard" time="0.095" /><testcase classname="tests.backend_test.TestCore" name="test_notifications" time="0.103" /><testcase classname="tests.backend_test.TestCourses" name="test_list_courses" time="0.100" /><testcase classname="tests.backend_test.TestCourses" name="test_course_detail" time="0.096" /><testcase classname="tests.backend_test.TestCourses" name="test_unknown_course_404" time="0.092" /><testcase classname="tests.backend_test.TestCourses" name="test_complete_all_lessons_awards_certificate_and_badge" time="0.970" /><testcase classname="tests.backend_test.TestTranslator" name="test_translate_conversation" time="4.888" /><testcase classname="tests.backend_test.TestTranslator" name="test_translate_lyrics" time="9.754" /><testcase classname="tests.backend_test.TestTranslator" name="test_phrase_crud" time="0.365" /><testcase classname="tests.backend_test.TestTranslator" name="test_creative_phrases" time="0.091" /><testcase classname="tests.backend_test.TestChecklist" name="test_default_and_discipline_adaptive" time="0.184" /><testcase classname="tests.backend_test.TestChecklist" name="test_patch_toggles_and_percent" time="0.372" /><testcase classname="tests.backend_test.TestNetwork" name="test_list_and_filters" time="0.287" /><testcase classname="tests.backend_test.TestNetwork" name="test_connect_toggle" time="0.398" /><testcase classname="tests.backend_test.TestClassroom" name="test_classroom" time="0.089" /><testcase classname="tests.backend_test.TestClassroom" name="test_create_assignment" time="0.185" /><testcase classname="tests.backend_test.TestJournal" name="test_crud" time="0.386" /><testcase classname="tests.backend_test.TestPassport" name="test_passport" time="0.095" /><testcase classname="tests.backend_test.TestMusicAI" name="test_compare_404" time="0.078" /><testcase classname="tests.backend_test.TestMusicAI" name="test_session_translate" time="13.083" /><testcase classname="tests.backend_test.TestMusicAI" name="test_rehearsal_plan" time="18.680" /><testcase classname="tests.backend_test.TestMusicAI" name="test_knowledge_translate" time="34.477" /></testsuite></testsuites>