<?xml version="1.0" encoding="utf-8"?><testsuites name="pytest tests"><testsuite name="pytest" errors="0" failures="6" skipped="0" tests="46" time="4.538" timestamp="2026-08-19T17:57:17.528850+00:00" hostname="agent-env-94cdc595-5562-48e7-a0f5-9fc0aee8c0e1"><testcase classname="tests.backend_test.TestDestinations" name="test_list" time="0.170" /><testcase classname="tests.backend_test.TestMusicStatic" name="test_overview" time="0.206" /><testcase classname="tests.backend_test.TestDestinations" name="test_search_filter" time="0.133" /><testcase classname="tests.backend_test.TestMusicStatic" name="test_traditions" time="0.067" /><testcase classname="tests.backend_test.TestMusicStatic" name="test_tradition_detail" time="0.062" /><testcase classname="tests.backend_test.TestDestinations" name="test_japan_detail" time="0.118" /><testcase classname="tests.backend_test.TestMusicStatic" name="test_tradition_404" time="0.079" /><testcase classname="tests.backend_test.TestMusicStatic" name="test_comparisons" time="0.072" /><testcase classname="tests.backend_test.TestDestinations" name="test_unknown_destination_404" time="0.079" /><testcase classname="tests.backend_test.TestMusicStatic" name="test_rhythms" time="0.061" /><testcase classname="tests.backend_test.TestDestinations" name="test_save_toggle_and_persistence" time="0.845" /><testcase classname="tests.backend_test.TestMusicStatic" name="test_instruments" time="0.064" /><testcase classname="tests.backend_test.TestMusicStatic" name="test_session_phrases" time="0.104" /><testcase classname="tests.backend_test.TestMusicStatic" name="test_music_classroom" time="0.067" /><testcase classname="tests.backend_test.TestMusicStatic" name="test_pathway" time="0.067" /><testcase classname="tests.backend_test.TestMusicStatic" name="test_pathway_404" time="0.062" /><testcase classname="tests.backend_test.TestMusicAI" name="test_compare" time="0.104"><failure message="AssertionError: Internal Server Error&#10;assert 500 == 200&#10; +  where 500 = &lt;Response [500]&gt;.status_code">E   AssertionError: Internal Server Error
    assert 500 == 200
     +  where 500 = &lt;Response [500]&gt;.status_code</failure></testcase><testcase classname="tests.backend_test.TestMusicAI" name="test_compare_404" time="0.061" /><testcase classname="tests.backend_test.TestMusicAI" name="test_session_translate" time="0.104"><failure message="AssertionError: Internal Server Error&#10;assert 500 == 200&#10; +  where 500 = &lt;Response [500]&gt;.status_code">E   AssertionError: Internal Server Error
    assert 500 == 200
     +  where 500 = &lt;Response [500]&gt;.status_code</failure></testcase><testcase classname="tests.backend_test.TestMusicAI" name="test_rehearsal_plan" time="0.101"><failure message="AssertionError: Internal Server Error&#10;assert 500 == 200&#10; +  where 500 = &lt;Response [500]&gt;.status_code">E   AssertionError: Internal Server Error
    assert 500 == 200
     +  where 500 = &lt;Response [500]&gt;.status_code</failure></testcase><testcase classname="tests.backend_test.TestMusicAI" name="test_knowledge_translate" time="0.096"><failure message="AssertionError: Internal Server Error&#10;assert 500 == 200&#10; +  where 500 = &lt;Response [500]&gt;.status_code">E   AssertionError: Internal Server Error
    assert 500 == 200
     +  where 500 = &lt;Response [500]&gt;.status_code</failure></testcase><testcase classname="tests.backend_test.TestTrips" name="test_list_trips" time="0.083" /><testcase classname="tests.backend_test.TestCore" name="test_root" time="0.063" /><testcase classname="tests.backend_test.TestTrips" name="test_trip_detail" time="0.083" /><testcase classname="tests.backend_test.TestCore" name="test_me" time="0.063" /><testcase classname="tests.backend_test.TestCore" name="test_dashboard" time="0.063" /><testcase classname="tests.backend_test.TestTrips" name="test_trip_404" time="0.079" /><testcase classname="tests.backend_test.TestCore" name="test_notifications" time="0.066" /><testcase classname="tests.backend_test.TestTrips" name="test_trip_mode" time="0.080" /><testcase classname="tests.backend_test.TestCourses" name="test_list_courses" time="0.069" /><testcase classname="tests.backend_test.TestTrips" name="test_safety_and_location_sharing" time="0.432" /><testcase classname="tests.backend_test.TestCourses" name="test_course_detail" time="0.074" /><testcase classname="tests.backend_test.TestCourses" name="test_unknown_course_404" time="0.071" /><testcase classname="tests.backend_test.TestCourses" name="test_complete_all_lessons_awards_certificate_and_badge" time="0.910" /><testcase classname="tests.backend_test.TestTranslator" name="test_translate_conversation" time="0.330"><failure message="AssertionError: Internal Server Error&#10;assert 500 == 200&#10; +  where 500 = &lt;Response [500]&gt;.status_code">E   AssertionError: Internal Server Error
    assert 500 == 200
     +  where 500 = &lt;Response [500]&gt;.status_code</failure></testcase><testcase classname="tests.backend_test.TestTranslator" name="test_translate_lyrics" time="0.398"><failure message="AssertionError: Internal Server Error&#10;assert 500 == 200&#10; +  where 500 = &lt;Response [500]&gt;.status_code">E   AssertionError: Internal Server Error
    assert 500 == 200
     +  where 500 = &lt;Response [500]&gt;.status_code</failure></testcase><testcase classname="tests.backend_test.TestChecklist" name="test_default_and_discipline_adaptive" time="0.132" /><testcase classname="tests.backend_test.TestTranslator" name="test_phrase_crud" time="0.420" /><testcase classname="tests.backend_test.TestChecklist" name="test_patch_toggles_and_percent" time="0.301" /><testcase classname="tests.backend_test.TestNetwork" name="test_list_and_filters" time="0.189" /><testcase classname="tests.backend_test.TestTranslator" name="test_creative_phrases" time="0.079" /><testcase classname="tests.backend_test.TestClassroom" name="test_classroom" time="0.077" /><testcase classname="tests.backend_test.TestNetwork" name="test_connect_toggle" time="0.288" /><testcase classname="tests.backend_test.TestClassroom" name="test_create_assignment" time="0.197" /><testcase classname="tests.backend_test.TestPassport" name="test_passport" time="0.080" /><testcase classname="tests.backend_test.TestJournal" name="test_crud" time="0.268" /></testsuite></testsuites>