<?xml version="1.0" encoding="utf-8"?><testsuites name="pytest tests"><testsuite name="pytest" errors="0" failures="0" skipped="0" tests="26" time="2.144" timestamp="2026-08-08T02:12:14.714745+00:00" hostname="agent-env-c6110a55-a323-4984-b57c-abea565ec2a9"><testcase classname="tests.test_cei_v2" name="test_post_full_creative_version" time="0.522" /><testcase classname="tests.test_cei_v2" name="test_post_legacy_label_notes" time="0.043" /><testcase classname="tests.test_cei_v2" name="test_post_rejects_empty_title" time="0.047" /><testcase classname="tests.test_cei_v2" name="test_post_with_parent_backfills_child" time="0.091" /><testcase classname="tests.test_cei_v2" name="test_post_unknown_parent_returns_400" time="0.045" /><testcase classname="tests.test_cei_v2" name="test_get_list_hydrated" time="0.048" /><testcase classname="tests.test_cei_v2" name="test_get_single_ok" time="0.047" /><testcase classname="tests.test_cei_v2" name="test_get_single_404" time="0.050" /><testcase classname="tests.test_cei_v2" name="test_get_forbidden_session" time="0.045" /><testcase classname="tests.test_cei_v2" name="test_add_evidence_kinds[rich_text-extra0]" time="0.046" /><testcase classname="tests.test_cei_v2" name="test_add_evidence_kinds[lyrics-extra1]" time="0.046" /><testcase classname="tests.test_cei_v2" name="test_add_evidence_kinds[audio-extra2]" time="0.050" /><testcase classname="tests.test_cei_v2" name="test_add_evidence_kinds[cloud_link-extra3]" time="0.049" /><testcase classname="tests.test_cei_v2" name="test_add_evidence_unknown_kind_400" time="0.066" /><testcase classname="tests.test_cei_v2" name="test_version_get_shows_artifacts" time="0.047" /><testcase classname="tests.test_cei_v2" name="test_add_acknowledgement_full" time="0.048" /><testcase classname="tests.test_cei_v2" name="test_ack_all_kinds[written]" time="0.047" /><testcase classname="tests.test_cei_v2" name="test_ack_all_kinds[audio]" time="0.046" /><testcase classname="tests.test_cei_v2" name="test_ack_all_kinds[video]" time="0.047" /><testcase classname="tests.test_cei_v2" name="test_ack_all_kinds[producer_note]" time="0.047" /><testcase classname="tests.test_cei_v2" name="test_ack_all_kinds[engineer_note]" time="0.047" /><testcase classname="tests.test_cei_v2" name="test_ack_all_kinds[witness]" time="0.047" /><testcase classname="tests.test_cei_v2" name="test_ack_all_kinds[ai_summary]" time="0.046" /><testcase classname="tests.test_cei_v2" name="test_ack_unknown_kind_400" time="0.046" /><testcase classname="tests.test_cei_v2" name="test_status_frozen_after_full_documentation" time="0.046" /><testcase classname="tests.test_cei_v2" name="test_cleanup" time="0.052" /></testsuite></testsuites>