<?xml version="1.0" encoding="utf-8"?><testsuites name="pytest tests"><testsuite name="pytest" errors="0" failures="0" skipped="0" tests="16" time="1.955" timestamp="2026-08-08T19:48:22.863472+00:00" hostname="agent-env-c6110a55-a323-4984-b57c-abea565ec2a9"><testcase classname="tests.test_comparison_v3_1.TestErrorCases" name="test_unknown_session" time="0.629" /><testcase classname="tests.test_comparison_v3_1.TestRegressionAdjacentModules" name="test_mci_get" time="0.789" /><testcase classname="tests.test_comparison_v3_1.TestErrorCases" name="test_unknown_version" time="0.050" /><testcase classname="tests.test_comparison_v3_1.TestErrorCases" name="test_missing_query_param_a" time="0.043" /><testcase classname="tests.test_comparison_v3_1.TestErrorCases" name="test_missing_query_param_b" time="0.059" /><testcase classname="tests.test_comparison_v3_1.TestErrorCases" name="test_cross_user_access_denied" time="0.435" /><testcase classname="tests.test_comparison_v3_1.TestRegressionAdjacentModules" name="test_mci_refresh" time="0.053" /><testcase classname="tests.test_comparison_v3_1.TestRegressionAdjacentModules" name="test_versions_list" time="0.336" /><testcase classname="tests.test_comparison_v3_1.TestRegressionAdjacentModules" name="test_evidence_event_create_and_list" time="0.156" /><testcase classname="tests.test_comparison_v3_1.TestComparisonHappyPath" name="test_full_shape_and_keys" time="0.050" /><testcase classname="tests.test_comparison_v3_1.TestComparisonHappyPath" name="test_between_events_window_bounds" time="0.059" /><testcase classname="tests.test_comparison_v3_1.TestComparisonHappyPath" name="test_guardrail_no_splits_or_ownership" time="0.048" /><testcase classname="tests.test_comparison_v3_1.TestRegressionAdjacentModules" name="test_voice_recordings_list" time="0.058" /><testcase classname="tests.test_comparison_v3_1.TestLineage" name="test_relationship_value_valid" time="0.052" /><testcase classname="tests.test_comparison_v3_1.TestDeterminismAndOrdering" name="test_repeat_call_equivalent" time="0.113" /><testcase classname="tests.test_comparison_v3_1.TestDeterminismAndOrdering" name="test_swap_ab_reordered_by_created_at" time="0.100" /></testsuite></testsuites>