<?xml version="1.0" encoding="utf-8"?><testsuites name="pytest tests"><testsuite name="pytest" errors="0" failures="3" skipped="2" tests="84" time="21.606" timestamp="2026-08-08T03:41:53.279358+00:00" hostname="agent-env-c6110a55-a323-4984-b57c-abea565ec2a9"><testcase classname="tests.test_songright_api" name="test_root" time="0.349" /><testcase classname="tests.test_cei_v2" name="test_post_full_creative_version" time="0.625" /><testcase classname="tests.test_songright_api" name="test_login_seeded" time="0.268" /><testcase classname="tests.test_songright_api" name="test_login_invalid" time="0.276" /><testcase classname="tests.test_cei_v2" name="test_post_legacy_label_notes" time="0.271" /><testcase classname="tests.test_songright_api" name="test_register_new_user" time="0.312" /><testcase classname="tests.test_cei_v2" name="test_post_rejects_empty_title" time="0.043" /><testcase classname="tests.test_cei_v2" name="test_post_with_parent_backfills_child" time="0.280" /><testcase classname="tests.test_songright_api" name="test_register_duplicate" time="0.087" /><testcase classname="tests.test_cei_v2" name="test_post_unknown_parent_returns_400" time="0.046" /><testcase classname="tests.test_cei_v2" name="test_get_list_hydrated" time="0.094" /><testcase classname="tests.test_songright_api" name="test_auth_me" time="0.045" /><testcase classname="tests.test_songright_api" name="test_auth_me_no_token" time="0.088" /><testcase classname="tests.test_cei_v2" name="test_get_single_ok" time="0.043" /><testcase classname="tests.test_cei_v2" name="test_get_single_404" time="0.087" /><testcase classname="tests.test_songright_api" name="test_profile_update_and_persist" time="0.144" /><testcase classname="tests.test_cei_v2" name="test_get_forbidden_session" time="0.044" /><testcase classname="tests.test_cei_v2" name="test_add_evidence_kinds[rich_text-extra0]" time="0.047" /><testcase classname="tests.test_songright_api" name="test_create_session" time="0.049" /><testcase classname="tests.test_cei_v2" name="test_add_evidence_kinds[lyrics-extra1]" time="0.114" /><testcase classname="tests.test_songright_api" name="test_list_sessions" time="0.048" /><testcase classname="tests.test_songright_api" name="test_get_session" time="0.049" /><testcase classname="tests.test_cei_v2" name="test_add_evidence_kinds[audio-extra2]" time="0.046" /><testcase classname="tests.test_songright_api" name="test_collab_join_by_code" time="0.049" /><testcase classname="tests.test_cei_v2" name="test_add_evidence_kinds[cloud_link-extra3]" time="0.089" /><testcase classname="tests.test_songright_api" name="test_add_contribution_owner" time="0.045" /><testcase classname="tests.test_songright_api" name="test_add_contribution_collab" time="0.046" /><testcase classname="tests.test_cei_v2" name="test_add_evidence_unknown_kind_400" time="0.084" /><testcase classname="tests.test_songright_api" name="test_list_contributions" time="0.048" /><testcase classname="tests.test_songright_api" name="test_suggest_splits" time="5.055" /><testcase classname="tests.test_cei_v2" name="test_version_get_shows_artifacts" time="0.047" /><testcase classname="tests.test_cei_v2" name="test_add_acknowledgement_full" time="0.051" /><testcase classname="tests.test_cei_v2" name="test_ack_all_kinds[written]" time="0.053" /><testcase classname="tests.test_cei_v2" name="test_ack_all_kinds[audio]" time="0.046" /><testcase classname="tests.test_cei_v2" name="test_ack_all_kinds[video]" time="0.046" /><testcase classname="tests.test_cei_v2" name="test_ack_all_kinds[producer_note]" time="0.045" /><testcase classname="tests.test_cei_v2" name="test_ack_all_kinds[engineer_note]" time="0.047" /><testcase classname="tests.test_cei_v2" name="test_ack_all_kinds[witness]" time="0.047" /><testcase classname="tests.test_cei_v2" name="test_ack_all_kinds[ai_summary]" time="0.063" /><testcase classname="tests.test_cei_v2" name="test_ack_unknown_kind_400" time="0.045" /><testcase classname="tests.test_cei_v2" name="test_status_frozen_after_full_documentation" time="0.049" /><testcase classname="tests.test_cei_v2" name="test_cleanup" time="0.086" /><testcase classname="tests.test_auto_doc_v2_1" name="test_evidence_module_imports" time="0.001" /><testcase classname="tests.test_auto_doc_v2_1" name="test_lyric_line_creates_creative_evidence_and_mirror" time="0.784" /><testcase classname="tests.test_auto_doc_v2_1" name="test_lyric_line_edit_and_remove_events" time="0.676" /><testcase classname="tests.test_auto_doc_v2_1" name="test_debounce_merges_two_edits" time="1.423" /><testcase classname="tests.test_auto_doc_v2_1" name="test_chat_message_is_sensitive_hash_only" time="0.308" /><testcase classname="tests.test_auto_doc_v2_1" name="test_identifier_generated_event" time="0.324" /><testcase classname="tests.test_auto_doc_v2_1" name="test_splits_updated_and_approved_events" time="0.679" /><testcase classname="tests.test_auto_doc_v2_1" name="test_rightprint_updated_event_null_session" time="0.311" /><testcase classname="tests.test_songright_api" name="test_set_splits" time="0.049" /><testcase classname="tests.test_songright_api" name="test_approve_splits_owner" time="0.050" /><testcase classname="tests.test_auto_doc_v2_1" name="test_file_uploaded_event" time="0.705" /><testcase classname="tests.test_songright_api" name="test_approve_splits_collab_finalizes" time="0.050" /><testcase classname="tests.test_songright_api" name="test_royalties" time="0.047" /><testcase classname="tests.test_songright_api" name="test_logout" time="0.280" /><testcase classname="tests.test_auto_doc_v2_1" name="test_evidence_stream_filters" time="0.531" /><testcase classname="tests.test_auto_doc_v2_1" name="test_checkpoints_and_close_on_version_submit" time="0.054"><failure message="AssertionError: no open checkpoint found — auto-checkpoint bookkeeping failed&#10;assert []">E   AssertionError: no open checkpoint found — auto-checkpoint bookkeeping failed
    assert []</failure></testcase><testcase classname="tests.test_auto_doc_v2_1" name="test_populate_since" time="0.055" /><testcase classname="tests.test_auto_doc_v2_1" name="test_version_with_source_arrays" time="0.832" /><testcase classname="tests.test_auto_doc_v2_1" name="test_version_evidence_added_event" time="0.000"><failure message="KeyError: 'vid'">E   KeyError: 'vid'</failure></testcase><testcase classname="tests.test_auto_doc_v2_1" name="test_acknowledgement_submitted_event" time="0.000"><failure message="KeyError: 'vid'">E   KeyError: 'vid'</failure></testcase><testcase classname="tests.test_auto_doc_v2_1" name="test_legacy_events_mirror_still_populated" time="0.073" /><testcase classname="tests.test_voice_evidence_v2_2.TestModuleSurface" name="test_media_evidence_imports" time="0.001" /><testcase classname="tests.test_voice_evidence_v2_2.TestModuleSurface" name="test_server_imports_asyncio_and_pydub_reachable" time="0.311" /><testcase classname="tests.test_voice_evidence_v2_2.TestModuleSurface" name="test_split_fast_path" time="0.128" /><testcase classname="tests.test_voice_evidence_v2_2.TestReviewFlows" name="test_review_unknown_action_400" time="6.014" /><testcase classname="tests.test_voice_evidence_v2_2.TestReviewFlows" name="test_review_unknown_moment_404" time="0.047" /><testcase classname="tests.test_voice_evidence_v2_2.TestReviewFlows" name="test_confirm_harmony_emits_chord_progression_changed" time="0.097" /><testcase classname="tests.test_voice_evidence_v2_2.TestReviewFlows" name="test_dispute_rights_no_downstream" time="0.149" /><testcase classname="tests.test_voice_evidence_v2_2.TestReviewFlows" name="test_final_approval_confirm_is_sensitive_and_hides_excerpt" time="0.146" /><testcase classname="tests.test_voice_evidence_v2_2.TestReviewFlows" name="test_annotate_no_downstream" time="0.046"><skipped type="pytest.skip" message="no unconfirmed moment left">/app/backend/tests/test_voice_evidence_v2_2.py:305: no unconfirmed moment left</skipped></testcase><testcase classname="tests.test_voice_evidence_v2_2.TestReviewFlows" name="test_correct_maps_to_new_kind" time="0.050"><skipped type="pytest.skip" message="no unconfirmed moment left to correct">/app/backend/tests/test_voice_evidence_v2_2.py:322: no unconfirmed moment left to correct</skipped></testcase><testcase classname="tests.test_voice_evidence_v2_2.TestListSpeakersReclassify" name="test_list_sorted_newest_first" time="0.062" /><testcase classname="tests.test_voice_evidence_v2_2.TestListSpeakersReclassify" name="test_add_speaker" time="0.091" /><testcase classname="tests.test_voice_evidence_v2_2.TestListSpeakersReclassify" name="test_reclassify_preserves_reviewed" time="4.021" /><testcase classname="tests.test_voice_evidence_v2_2.TestUpload" name="test_upload_response_schema" time="0.000" /><testcase classname="tests.test_voice_evidence_v2_2.TestUpload" name="test_voice_memo_event_exists_immediately" time="0.045" /><testcase classname="tests.test_voice_evidence_v2_2.TestGuardrail" name="test_no_downstream_event_before_review" time="0.000" /><testcase classname="tests.test_voice_evidence_v2_2.TestSensitivityMapping" name="test_placeholder" time="0.000" /><testcase classname="tests.test_voice_evidence_v2_2.TestAccessControl" name="test_stranger_403_on_audio" time="0.490" /><testcase classname="tests.test_voice_evidence_v2_2.TestPipeline" name="test_transcription_done" time="11.078" /><testcase classname="tests.test_voice_evidence_v2_2.TestPipeline" name="test_moments_done_with_valid_schema" time="0.000" /><testcase classname="tests.test_voice_evidence_v2_2.TestPipeline" name="test_playback_url" time="0.300" /></testsuite></testsuites>