<?xml version="1.0" encoding="utf-8"?><testsuites name="pytest tests"><testsuite name="pytest" errors="0" failures="0" skipped="2" tests="21" time="12.974" timestamp="2026-08-08T03:08:03.779818+00:00" hostname="agent-env-c6110a55-a323-4984-b57c-abea565ec2a9"><testcase classname="tests.test_voice_evidence_v2_2.TestModuleSurface" name="test_media_evidence_imports" time="0.001" /><testcase classname="tests.test_voice_evidence_v2_2.TestModuleSurface" name="test_server_imports_asyncio_and_pydub_reachable" time="0.335" /><testcase classname="tests.test_voice_evidence_v2_2.TestModuleSurface" name="test_split_fast_path" time="0.132" /><testcase classname="tests.test_voice_evidence_v2_2.TestReviewFlows" name="test_review_unknown_action_400" time="8.094" /><testcase classname="tests.test_voice_evidence_v2_2.TestPipeline" name="test_transcription_done" time="7.546" /><testcase classname="tests.test_voice_evidence_v2_2.TestPipeline" name="test_moments_done_with_valid_schema" time="0.000" /><testcase classname="tests.test_voice_evidence_v2_2.TestPipeline" name="test_playback_url" time="0.548" /><testcase classname="tests.test_voice_evidence_v2_2.TestReviewFlows" name="test_review_unknown_moment_404" time="0.458" /><testcase classname="tests.test_voice_evidence_v2_2.TestReviewFlows" name="test_confirm_harmony_emits_chord_progression_changed" time="0.132" /><testcase classname="tests.test_voice_evidence_v2_2.TestListSpeakersReclassify" name="test_list_sorted_newest_first" time="0.053" /><testcase classname="tests.test_voice_evidence_v2_2.TestListSpeakersReclassify" name="test_add_speaker" time="0.097" /><testcase classname="tests.test_voice_evidence_v2_2.TestReviewFlows" name="test_dispute_rights_no_downstream" time="0.232" /><testcase classname="tests.test_voice_evidence_v2_2.TestListSpeakersReclassify" name="test_reclassify_preserves_reviewed" time="3.721" /><testcase classname="tests.test_voice_evidence_v2_2.TestReviewFlows" name="test_final_approval_confirm_is_sensitive_and_hides_excerpt" time="0.185" /><testcase classname="tests.test_voice_evidence_v2_2.TestReviewFlows" name="test_annotate_no_downstream" time="0.071"><skipped type="pytest.skip" message="no unconfirmed moment left">/app/backend/tests/test_voice_evidence_v2_2.py:305: no unconfirmed moment left</skipped></testcase><testcase classname="tests.test_voice_evidence_v2_2.TestReviewFlows" name="test_correct_maps_to_new_kind" time="0.065"><skipped type="pytest.skip" message="no unconfirmed moment left to correct">/app/backend/tests/test_voice_evidence_v2_2.py:322: no unconfirmed moment left to correct</skipped></testcase><testcase classname="tests.test_voice_evidence_v2_2.TestGuardrail" name="test_no_downstream_event_before_review" time="0.000" /><testcase classname="tests.test_voice_evidence_v2_2.TestSensitivityMapping" name="test_placeholder" time="0.000" /><testcase classname="tests.test_voice_evidence_v2_2.TestAccessControl" name="test_stranger_403_on_audio" time="0.549" /><testcase classname="tests.test_voice_evidence_v2_2.TestUpload" name="test_upload_response_schema" time="0.000" /><testcase classname="tests.test_voice_evidence_v2_2.TestUpload" name="test_voice_memo_event_exists_immediately" time="0.048" /></testsuite></testsuites>