<?xml version="1.0" encoding="utf-8"?><testsuites name="pytest tests"><testsuite name="pytest" errors="0" failures="0" skipped="0" tests="29" time="5.097" timestamp="2026-07-09T02:40:29.821734+00:00" hostname="agent-env-9e832fac-017a-4050-8c7c-f93ea3588b4d"><testcase classname="tests.backend_test" name="test_login_invalid_password" time="0.263" /><testcase classname="tests.backend_test" name="test_login_valid_returns_user_and_cookie" time="0.234" /><testcase classname="tests.backend_test" name="test_auth_me_with_cookie" time="0.272" /><testcase classname="tests.backend_test" name="test_protected_requires_auth" time="0.002" /><testcase classname="tests.backend_test" name="test_register_and_logout" time="0.311" /><testcase classname="tests.backend_test" name="test_dashboard_overview_shape" time="0.007" /><testcase classname="tests.backend_test" name="test_transactions_crud" time="0.102" /><testcase classname="tests.backend_test" name="test_income_summary" time="0.049" /><testcase classname="tests.backend_test" name="test_expenses_summary" time="0.012" /><testcase classname="tests.backend_test" name="test_royalties" time="0.044" /><testcase classname="tests.backend_test" name="test_songs" time="0.044" /><testcase classname="tests.backend_test" name="test_contracts" time="0.044" /><testcase classname="tests.backend_test" name="test_invoices_list_and_create" time="0.087" /><testcase classname="tests.backend_test" name="test_budgets" time="0.088" /><testcase classname="tests.backend_test" name="test_taxes" time="0.045" /><testcase classname="tests.backend_test" name="test_business_profile" time="0.043" /><testcase classname="tests.backend_test" name="test_funding" time="0.044" /><testcase classname="tests.backend_test" name="test_pnl" time="0.046" /><testcase classname="tests.backend_test" name="test_cashflow" time="0.045" /><testcase classname="tests.backend_test" name="test_vault" time="0.044" /><testcase classname="tests.backend_test" name="test_ecosystem" time="0.043" /><testcase classname="tests.backend_test" name="test_aiah_stream" time="2.298" /><testcase classname="tests.backend_test" name="test_grants_opportunities" time="0.045" /><testcase classname="tests.backend_test" name="test_grants_applications" time="0.044" /><testcase classname="tests.backend_test" name="test_grants_summary" time="0.047" /><testcase classname="tests.backend_test" name="test_projects_list" time="0.044" /><testcase classname="tests.backend_test" name="test_project_detail" time="0.089" /><testcase classname="tests.backend_test" name="test_project_create" time="0.044" /><testcase classname="tests.backend_test" name="test_project_not_found" time="0.043" /></testsuite></testsuites>