<?xml version="1.0" encoding="utf-8"?><testsuites name="pytest tests"><testsuite name="pytest" errors="0" failures="1" skipped="0" tests="26" time="8.703" timestamp="2026-08-07T18:44:53.400830+00:00" hostname="agent-env-7da660fb-3ae1-4ff1-aed8-20db644e811c"><testcase classname="tests.backend_test.TestCommerce" name="test_cart_quote_no_coupon" time="0.464" /><testcase classname="tests.backend_test.TestAuth" name="test_login_admin" time="0.465" /><testcase classname="tests.backend_test.TestCommerce" name="test_cart_quote_coupon_creator10" time="0.274" /><testcase classname="tests.backend_test.TestAuth" name="test_login_demo" time="0.273" /><testcase classname="tests.backend_test.TestCommerce" name="test_validate_coupon" time="0.359" /><testcase classname="tests.backend_test.TestAuth" name="test_login_bad_password" time="0.283" /><testcase classname="tests.backend_test.TestAuth" name="test_me_requires_auth" time="0.149" /><testcase classname="tests.backend_test.TestCommerce" name="test_wishlist_toggle" time="0.997" /><testcase classname="tests.backend_test.TestAuth" name="test_me_with_session" time="0.536" /><testcase classname="tests.backend_test.TestAuth" name="test_register_and_logout" time="0.328"><failure message="AssertionError: Internal Server Error&#10;assert 500 == 200&#10; +  where 500 = &lt;Response [500]&gt;.status_code">tests/backend_test.py:100: in test_register_and_logout
    assert r.status_code == 200, r.text
E   AssertionError: Internal Server Error
E   assert 500 == 200
E    +  where 500 = &lt;Response [500]&gt;.status_code</failure></testcase><testcase classname="tests.backend_test.TestAuth" name="test_admin_rbac" time="0.050" /><testcase classname="tests.backend_test.TestCommerce" name="test_orders_require_auth" time="0.104" /><testcase classname="tests.backend_test.TestCatalog" name="test_departments_19" time="0.045" /><testcase classname="tests.backend_test.TestCatalog" name="test_products_list_and_filter" time="0.143" /><testcase classname="tests.backend_test.TestCommerce" name="test_my_orders_authenticated" time="0.047" /><testcase classname="tests.backend_test.TestCatalog" name="test_product_detail" time="0.316" /><testcase classname="tests.backend_test.TestAdmin" name="test_stats" time="0.368" /><testcase classname="tests.backend_test.TestCatalog" name="test_collections_campaigns_recs" time="0.187" /><testcase classname="tests.backend_test.TestAdmin" name="test_product_crud" time="0.400" /><testcase classname="tests.backend_test.TestCatalog" name="test_add_review_requires_auth" time="0.204" /><testcase classname="tests.backend_test.TestPayments" name="test_create_checkout_session" time="0.990" /><testcase classname="tests.backend_test.TestAdmin" name="test_coupon_crud" time="0.857" /><testcase classname="tests.backend_test.TestAdmin" name="test_orders_and_customers" time="0.172" /><testcase classname="tests.backend_test.TestPayments" name="test_checkout_empty_cart" time="0.046" /><testcase classname="tests.backend_test.TestHealth" name="test_root" time="1.227" /><testcase classname="tests.backend_test.TestAIAH" name="test_chat_returns_reply" time="4.123" /></testsuite></testsuites>