<?xml version="1.0" encoding="utf-8"?><testsuites name="pytest tests"><testsuite name="pytest" errors="0" failures="0" skipped="0" tests="16" time="9.788" timestamp="2026-07-09T20:01:07.678432+00:00" hostname="agent-env-a46d3142-517b-47d9-bb6c-70b686da31bc"><testcase classname="tests.backend_test" name="test_health" time="0.290" /><testcase classname="tests.backend_test" name="test_demo_accounts" time="0.137" /><testcase classname="tests.backend_test" name="test_login_wrong_password" time="0.344" /><testcase classname="tests.backend_test" name="test_auth_me" time="0.449" /><testcase classname="tests.backend_test" name="test_dashboard" time="0.481" /><testcase classname="tests.backend_test" name="test_readiness" time="0.123" /><testcase classname="tests.backend_test" name="test_portfolio_assembled" time="0.137" /><testcase classname="tests.backend_test" name="test_resume_get_and_put" time="0.214" /><testcase classname="tests.backend_test" name="test_opportunities_filters" time="0.219" /><testcase classname="tests.backend_test" name="test_application_lifecycle" time="0.595" /><testcase classname="tests.backend_test" name="test_interviews" time="0.567" /><testcase classname="tests.backend_test" name="test_graduate_outcomes" time="0.114" /><testcase classname="tests.backend_test" name="test_employers_list" time="0.104" /><testcase classname="tests.backend_test" name="test_candidates_forbidden_for_student" time="0.107" /><testcase classname="tests.backend_test" name="test_candidates_for_employer" time="0.452" /><testcase classname="tests.backend_test" name="test_coach_stream" time="4.890" /></testsuite></testsuites>