<?xml version="1.0" encoding="utf-8"?><testsuites name="pytest tests"><testsuite name="pytest" errors="0" failures="0" skipped="0" tests="13" time="7.699" timestamp="2026-07-31T22:52:08.617340+00:00" hostname="agent-env-1299a457-71d3-4182-b984-55bd081ccaed"><testcase classname="tests.test_media_chat" name="test_media_requires_auth" time="0.670" /><testcase classname="tests.test_media_chat" name="test_media_post_requires_admin" time="0.431" /><testcase classname="tests.test_media_chat" name="test_media_source_detection[https://www.youtube.com/watch?v=dQw4w9WgXcQ-youtube]" time="0.518" /><testcase classname="tests.test_media_chat" name="test_media_source_detection[https://youtu.be/abc-youtube]" time="0.105" /><testcase classname="tests.test_media_chat" name="test_media_source_detection[https://vimeo.com/12345-vimeo]" time="0.100" /><testcase classname="tests.test_media_chat" name="test_media_source_detection[https://cdn.example.com/clip.mp4-direct_video]" time="0.102" /><testcase classname="tests.test_media_chat" name="test_media_source_detection[https://cdn.example.com/song.mp3-direct_audio]" time="0.106" /><testcase classname="tests.test_media_chat" name="test_media_crud_and_filters" time="1.205" /><testcase classname="tests.test_media_chat" name="test_media_for_circle_and_workshops" time="0.513" /><testcase classname="tests.test_media_chat" name="test_circle_detail_shape" time="0.205" /><testcase classname="tests.test_media_chat" name="test_chat_requires_rsvp_and_flow" time="1.892" /><testcase classname="tests.test_media_chat" name="test_circle_detail_hides_attendees_for_non_rsvp" time="0.500" /><testcase classname="tests.test_media_chat" name="test_circle_messages_delete_404" time="0.809" /></testsuite></testsuites>