<?xml version="1.0" encoding="utf-8"?><testsuites name="pytest tests"><testsuite name="pytest" errors="0" failures="0" skipped="0" tests="135" time="153.778" timestamp="2026-07-31T23:51:49.076819+00:00" hostname="agent-env-1299a457-71d3-4182-b984-55bd081ccaed"><testcase classname="tests.test_lifestyle" name="test_lifestyle_requires_auth" time="1.139" /><testcase classname="tests.test_programs" name="test_regression_endpoints_200[/api/auth/me]" time="0.498" /><testcase classname="tests.test_programs" name="test_regression_endpoints_200[/api/checkins/today]" time="0.140" /><testcase classname="tests.test_programs" name="test_regression_endpoints_200[/api/checkins/week]" time="0.219" /><testcase classname="tests.test_programs" name="test_regression_endpoints_200[/api/recommendations]" time="0.101" /><testcase classname="tests.test_programs" name="test_regression_endpoints_200[/api/events/upcoming]" time="0.135" /><testcase classname="tests.test_programs" name="test_regression_endpoints_200[/api/rotating-message]" time="0.102" /><testcase classname="tests.test_programs" name="test_regression_endpoints_200[/api/lifestyle/nutrition/today]" time="0.267" /><testcase classname="tests.test_lifestyle" name="test_foods_library" time="0.425" /><testcase classname="tests.test_programs" name="test_regression_endpoints_200[/api/lifestyle/mindfulness/activities]" time="0.100" /><testcase classname="tests.test_lifestyle" name="test_foods_query_filter" time="0.100" /><testcase classname="tests.test_programs" name="test_regression_endpoints_200[/api/lifestyle/movement/activities]" time="0.113" /><testcase classname="tests.test_programs" name="test_regression_endpoints_200[/api/lifestyle/summary]" time="0.310" /><testcase classname="tests.test_lifestyle" name="test_custom_food_scoped" time="0.618" /><testcase classname="tests.test_programs" name="test_pathways_list" time="0.110" /><testcase classname="tests.test_programs" name="test_pathway_detail_vocal" time="0.103" /><testcase classname="tests.test_programs" name="test_lesson_vocal_hydro" time="0.111" /><testcase classname="tests.test_lifestyle" name="test_meal_totals" time="0.245" /><testcase classname="tests.test_programs" name="test_lesson_read_new_sets_read" time="0.269" /><testcase classname="tests.test_lifestyle" name="test_meals_filter_by_date" time="0.109" /><testcase classname="tests.test_programs" name="test_lesson_read_preserves_higher_status" time="0.217" /><testcase classname="tests.test_lifestyle" name="test_meal_duplicate" time="0.434" /><testcase classname="tests.test_programs" name="test_lesson_launch_then_reflect_earns_credit" time="0.197" /><testcase classname="tests.test_lifestyle" name="test_meal_copy_yesterday" time="0.372" /><testcase classname="tests.test_programs" name="test_reflect_without_launch_no_credit" time="0.446" /><testcase classname="tests.test_lifestyle" name="test_saved_meals_crud" time="0.307" /><testcase classname="tests.test_programs" name="test_learning_credits_has_seed" time="0.106" /><testcase classname="tests.test_programs" name="test_learning_current_not_completed" time="0.163" /><testcase classname="tests.test_programs" name="test_rituals_list_and_complete" time="0.198" /><testcase classname="tests.test_lifestyle" name="test_hydration_sum" time="0.320" /><testcase classname="tests.test_programs" name="test_recovery_list_and_complete" time="0.205" /><testcase classname="tests.test_lifestyle" name="test_targets_default_and_put" time="0.299" /><testcase classname="tests.test_programs" name="test_circles_list_jaylen_has_two_rsvps" time="0.098" /><testcase classname="tests.test_programs" name="test_circles_mine_returns_only_rsvped" time="0.108" /><testcase classname="tests.test_programs" name="test_circles_rsvp_toggle" time="0.319" /><testcase classname="tests.test_lifestyle" name="test_targets_reject_unsafe" time="0.233" /><testcase classname="tests.test_lifestyle" name="test_targets_estimate_blocks" time="0.810" /><testcase classname="tests.test_programs" name="test_circles_capacity_full_returns_400" time="74.116" /><testcase classname="tests.test_lifestyle" name="test_targets_estimate_valid" time="0.093" /><testcase classname="tests.test_lifestyle" name="test_nutrition_today_shape" time="0.329" /><testcase classname="tests.test_lifestyle" name="test_nutrition_reflection_upsert" time="0.435" /><testcase classname="tests.test_lifestyle" name="test_affirmations_list" time="0.111" /><testcase classname="tests.test_lifestyle" name="test_affirmations_filter" time="0.373" /><testcase classname="tests.test_lifestyle" name="test_affirmations_today" time="0.097" /><testcase classname="tests.test_lifestyle" name="test_affirmation_toggle_and_reflection" time="0.553" /><testcase classname="tests.test_lifestyle" name="test_jaylen_seeded_favorites" time="0.291" /><testcase classname="tests.test_lifestyle" name="test_mindfulness_list" time="68.150" /><testcase classname="tests.test_lifestyle" name="test_mindfulness_complete" time="0.484" /><testcase classname="tests.test_lifestyle" name="test_movement_list" time="0.320" /><testcase classname="tests.test_lifestyle" name="test_movement_today_personalized" time="0.099" /><testcase classname="tests.test_lifestyle" name="test_movement_complete" time="0.322" /><testcase classname="tests.test_lifestyle" name="test_routines_crud" time="0.589" /><testcase classname="tests.test_lifestyle" name="test_lifestyle_summary" time="0.281" /><testcase classname="tests.test_lifestyle" name="test_privacy_meals_scope" time="0.511" /><testcase classname="tests.test_media_chat" name="test_media_requires_auth" time="0.503" /><testcase classname="tests.test_programs" name="test_support_resources" time="0.096" /><testcase classname="tests.test_programs" name="test_support_message_flow" time="0.425" /><testcase classname="tests.test_media_chat" name="test_media_post_requires_admin" time="0.410" /><testcase classname="tests.test_programs" name="test_wellness_habits_and_log" time="0.809" /><testcase classname="tests.test_media_chat" name="test_media_source_detection[https://www.youtube.com/watch?v=dQw4w9WgXcQ-youtube]" time="0.416" /><testcase classname="tests.test_media_chat" name="test_media_source_detection[https://youtu.be/abc-youtube]" time="0.109" /><testcase classname="tests.test_media_chat" name="test_media_source_detection[https://vimeo.com/12345-vimeo]" time="0.110" /><testcase classname="tests.test_media_chat" name="test_media_source_detection[https://cdn.example.com/clip.mp4-direct_video]" time="0.096" /><testcase classname="tests.test_programs" name="test_journal_seed_and_crud" time="0.339" /><testcase classname="tests.test_media_chat" name="test_media_source_detection[https://cdn.example.com/song.mp3-direct_audio]" time="0.145" /><testcase classname="tests.test_media_chat" name="test_media_crud_and_filters" time="1.214" /><testcase classname="tests.test_programs" name="test_rhythms_30_days" time="0.120" /><testcase classname="tests.test_programs" name="test_consent_default_false" time="0.099" /><testcase classname="tests.test_programs" name="test_consent_put_partial" time="0.203" /><testcase classname="tests.test_programs" name="test_admin_students_forbidden_for_student" time="0.126" /><testcase classname="tests.test_programs" name="test_admin_students_ok" time="0.113" /><testcase classname="tests.test_programs" name="test_admin_aggregate" time="0.110" /><testcase classname="tests.test_programs" name="test_admin_consented_reflections_default_hides_jaylen" time="0.100" /><testcase classname="tests.test_programs" name="test_ancr_status" time="0.135" /><testcase classname="tests.test_programs" name="test_require_auth[/api/learning/pathways]" time="0.097" /><testcase classname="tests.test_media_chat" name="test_media_for_circle_and_workshops" time="0.554" /><testcase classname="tests.test_programs" name="test_require_auth[/api/performance/rituals]" time="0.105" /><testcase classname="tests.test_programs" name="test_require_auth[/api/recovery/sessions]" time="0.154" /><testcase classname="tests.test_programs" name="test_require_auth[/api/circles]" time="0.095" /><testcase classname="tests.test_programs" name="test_require_auth[/api/support/resources]" time="0.104" /><testcase classname="tests.test_programs" name="test_require_auth[/api/wellness/habits]" time="0.099" /><testcase classname="tests.test_programs" name="test_require_auth[/api/wellness/journal]" time="0.108" /><testcase classname="tests.test_media_chat" name="test_circle_detail_shape" time="0.206" /><testcase classname="tests.test_programs" name="test_require_auth[/api/wellness/rhythms]" time="0.096" /><testcase classname="tests.test_media_chat" name="test_chat_requires_rsvp_and_flow" time="38.332" /><testcase classname="tests.test_programs" name="test_require_auth[/api/consent]" time="0.100" /><testcase classname="tests.test_programs" name="test_cross_user_privacy_habits" time="0.236" /><testcase classname="tests.backend_test" name="test_login_demo" time="0.317" /><testcase classname="tests.backend_test" name="test_login_invalid" time="0.320" /><testcase classname="tests.backend_test" name="test_me" time="68.350" /><testcase classname="tests.test_media_chat" name="test_circle_detail_hides_attendees_for_non_rsvp" time="0.535" /><testcase classname="tests.test_media_chat" name="test_circle_messages_delete_404" time="0.813" /><testcase classname="tests.test_iteration7.TestPlaylists" name="test_list_playlists_initial" time="0.419" /><testcase classname="tests.test_iteration7.TestPlaylists" name="test_student_create_forbidden" time="0.099" /><testcase classname="tests.test_iteration7.TestPlaylists" name="test_admin_create" time="0.421" /><testcase classname="tests.test_iteration7.TestPlaylists" name="test_get_playlist_detail" time="0.096" /><testcase classname="tests.test_iteration7.TestPlaylists" name="test_filter_by_category" time="0.202" /><testcase classname="tests.test_iteration7.TestPlaylists" name="test_student_update_forbidden" time="0.102" /><testcase classname="tests.test_iteration7.TestPlaylists" name="test_admin_update" time="0.099" /><testcase classname="tests.test_iteration7.TestPlaylists" name="test_add_media_idempotent" time="0.562" /><testcase classname="tests.test_iteration7.TestPlaylists" name="test_student_delete_forbidden" time="0.103" /><testcase classname="tests.test_iteration7.TestPlaylists" name="test_zz_admin_delete_cleanup" time="0.304" /><testcase classname="tests.test_iteration7.TestPlaylists" name="test_requires_auth" time="0.097" /><testcase classname="tests.test_join_url_scheme" name="test_rejects_dangerous_schemes[javascript:alert(1)]" time="0.795" /><testcase classname="tests.test_join_url_scheme" name="test_rejects_dangerous_schemes[data:text/html,evil]" time="0.292" /><testcase classname="tests.test_join_url_scheme" name="test_rejects_dangerous_schemes[vbscript:msgbox]" time="0.294" /><testcase classname="tests.test_join_url_scheme" name="test_rejects_dangerous_schemes[file:///etc/passwd]" time="0.310" /><testcase classname="tests.test_join_url_scheme" name="test_rejects_dangerous_schemes[JavaScript:alert(1)]" time="0.318" /><testcase classname="tests.test_join_url_scheme" name="test_accepts_https" time="0.204" /><testcase classname="tests.test_join_url_scheme" name="test_accepts_http" time="0.100" /><testcase classname="tests.test_join_url_scheme" name="test_null_clears" time="0.312" /><testcase classname="tests.test_join_url_scheme" name="test_empty_string_clears" time="0.102" /><testcase classname="tests.test_join_url_scheme" name="test_bare_hostname_rejected" time="0.224" /><testcase classname="tests.test_iteration7.TestRegression" name="test_pathways" time="0.420" /><testcase classname="tests.test_iteration7.TestRegression" name="test_circles_list" time="0.102" /><testcase classname="tests.test_iteration7.TestRegression" name="test_media_list" time="0.102" /><testcase classname="tests.test_iteration7.TestRegression" name="test_support" time="0.103" /><testcase classname="tests.test_iteration7.TestRegression" name="test_consent" time="0.096" /><testcase classname="tests.test_regex_fix" name="test_regex_wildcard_does_not_match_all" time="0.530" /><testcase classname="tests.test_regex_fix" name="test_regex_paren_metacharacter_literal" time="0.097" /><testcase classname="tests.test_regex_fix" name="test_ordinary_search_still_works" time="0.097" /><testcase classname="tests.test_regex_fix" name="test_ordinary_search_case_insensitive" time="0.191" /><testcase classname="tests.test_focused_fixes" name="test_learning_current_shape" time="0.457" /><testcase classname="tests.test_focused_fixes" name="test_consent_partial_put_merges_defaults" time="0.158" /><testcase classname="tests.test_iteration7.TestCircleJoinUrl" name="test_set_and_clear" time="1.173" /><testcase classname="tests.test_iteration7.TestAncrStatus" name="test_shape" time="0.097" /><testcase classname="tests.backend_test" name="test_me_no_token" time="0.177" /><testcase classname="tests.backend_test" name="test_checkins_today" time="0.100" /><testcase classname="tests.backend_test" name="test_checkins_upsert" time="0.308" /><testcase classname="tests.backend_test" name="test_checkins_week" time="0.117" /><testcase classname="tests.backend_test" name="test_recommendations" time="0.096" /><testcase classname="tests.backend_test" name="test_events_upcoming" time="0.101" /><testcase classname="tests.backend_test" name="test_learning_current" time="0.106" /><testcase classname="tests.backend_test" name="test_rotating_message" time="0.093" /><testcase classname="tests.backend_test" name="test_protected_401" time="0.492" /></testsuite></testsuites>