<?xml version="1.0" encoding="utf-8"?><testsuites name="pytest tests"><testsuite name="pytest" errors="0" failures="0" skipped="1" tests="103" time="84.548" timestamp="2026-07-31T22:52:20.685697+00:00" hostname="agent-env-1299a457-71d3-4182-b984-55bd081ccaed"><testcase classname="tests.test_lifestyle" name="test_lifestyle_requires_auth" time="1.083" /><testcase classname="tests.test_programs" name="test_regression_endpoints_200[/api/auth/me]" time="0.526" /><testcase classname="tests.test_programs" name="test_regression_endpoints_200[/api/checkins/today]" time="0.144" /><testcase classname="tests.test_programs" name="test_regression_endpoints_200[/api/checkins/week]" time="0.100" /><testcase classname="tests.test_programs" name="test_regression_endpoints_200[/api/recommendations]" time="0.100" /><testcase classname="tests.test_programs" name="test_regression_endpoints_200[/api/events/upcoming]" time="0.149" /><testcase classname="tests.test_programs" name="test_regression_endpoints_200[/api/rotating-message]" time="0.139" /><testcase classname="tests.test_programs" name="test_regression_endpoints_200[/api/lifestyle/nutrition/today]" time="0.267" /><testcase classname="tests.test_programs" name="test_regression_endpoints_200[/api/lifestyle/mindfulness/activities]" time="0.100" /><testcase classname="tests.test_lifestyle" name="test_foods_library" time="0.486" /><testcase classname="tests.test_programs" name="test_regression_endpoints_200[/api/lifestyle/movement/activities]" time="0.097" /><testcase classname="tests.test_lifestyle" name="test_foods_query_filter" time="0.121" /><testcase classname="tests.test_programs" name="test_regression_endpoints_200[/api/lifestyle/summary]" time="0.141" /><testcase classname="tests.test_programs" name="test_pathways_list" time="0.279" /><testcase classname="tests.test_lifestyle" name="test_custom_food_scoped" time="0.649" /><testcase classname="tests.test_programs" name="test_pathway_detail_vocal" time="0.114" /><testcase classname="tests.test_programs" name="test_lesson_vocal_hydro" time="0.101" /><testcase classname="tests.test_programs" name="test_lesson_read_new_sets_read" time="0.232" /><testcase classname="tests.test_lifestyle" name="test_meal_totals" time="0.238" /><testcase classname="tests.test_programs" name="test_lesson_read_preserves_higher_status" time="0.215" /><testcase classname="tests.test_lifestyle" name="test_meals_filter_by_date" time="0.106" /><testcase classname="tests.test_lifestyle" name="test_meal_duplicate" time="0.608" /><testcase classname="tests.test_programs" name="test_lesson_launch_then_reflect_earns_credit" time="0.245" /><testcase classname="tests.test_programs" name="test_reflect_without_launch_no_credit" time="0.447" /><testcase classname="tests.test_lifestyle" name="test_meal_copy_yesterday" time="0.199" /><testcase classname="tests.test_programs" name="test_learning_credits_has_seed" time="0.096" /><testcase classname="tests.test_lifestyle" name="test_saved_meals_crud" time="0.320" /><testcase classname="tests.test_programs" name="test_learning_current_not_completed" time="0.102" /><testcase classname="tests.test_programs" name="test_rituals_list_and_complete" time="0.211" /><testcase classname="tests.test_lifestyle" name="test_hydration_sum" time="0.339" /><testcase classname="tests.test_programs" name="test_recovery_list_and_complete" time="0.232" /><testcase classname="tests.test_programs" name="test_circles_list_jaylen_has_two_rsvps" time="0.133" /><testcase classname="tests.test_lifestyle" name="test_targets_default_and_put" time="36.128" /><testcase classname="tests.test_programs" name="test_circles_mine_returns_only_rsvped" time="0.103" /><testcase classname="tests.test_programs" name="test_circles_rsvp_toggle" time="68.596" /><testcase classname="tests.test_lifestyle" name="test_targets_reject_unsafe" time="0.293" /><testcase classname="tests.test_lifestyle" name="test_targets_estimate_blocks" time="0.410" /><testcase classname="tests.test_lifestyle" name="test_targets_estimate_valid" time="0.113" /><testcase classname="tests.test_lifestyle" name="test_nutrition_today_shape" time="0.857" /><testcase classname="tests.test_lifestyle" name="test_nutrition_reflection_upsert" time="0.318" /><testcase classname="tests.test_lifestyle" name="test_affirmations_list" time="0.101" /><testcase classname="tests.test_lifestyle" name="test_affirmations_filter" time="0.215" /><testcase classname="tests.test_lifestyle" name="test_affirmations_today" time="0.096" /><testcase classname="tests.test_lifestyle" name="test_affirmation_toggle_and_reflection" time="0.435" /><testcase classname="tests.test_lifestyle" name="test_jaylen_seeded_favorites" time="0.101" /><testcase classname="tests.test_lifestyle" name="test_mindfulness_list" time="0.097" /><testcase classname="tests.test_lifestyle" name="test_mindfulness_complete" time="0.196" /><testcase classname="tests.test_lifestyle" name="test_movement_list" time="0.109" /><testcase classname="tests.test_lifestyle" name="test_movement_today_personalized" time="0.115" /><testcase classname="tests.test_lifestyle" name="test_movement_complete" time="0.112" /><testcase classname="tests.test_lifestyle" name="test_routines_crud" time="0.313" /><testcase classname="tests.test_lifestyle" name="test_lifestyle_summary" time="0.118" /><testcase classname="tests.test_lifestyle" name="test_privacy_meals_scope" time="0.293" /><testcase classname="tests.test_media_chat" name="test_media_requires_auth" time="0.507" /><testcase classname="tests.test_media_chat" name="test_media_post_requires_admin" time="0.467" /><testcase classname="tests.test_media_chat" name="test_media_source_detection[https://www.youtube.com/watch?v=dQw4w9WgXcQ-youtube]" time="0.429" /><testcase classname="tests.test_media_chat" name="test_media_source_detection[https://youtu.be/abc-youtube]" time="0.102" /><testcase classname="tests.test_media_chat" name="test_media_source_detection[https://vimeo.com/12345-vimeo]" time="0.111" /><testcase classname="tests.test_media_chat" name="test_media_source_detection[https://cdn.example.com/clip.mp4-direct_video]" time="0.106" /><testcase classname="tests.test_media_chat" name="test_media_source_detection[https://cdn.example.com/song.mp3-direct_audio]" time="0.096" /><testcase classname="tests.test_media_chat" name="test_media_crud_and_filters" time="1.113" /><testcase classname="tests.test_media_chat" name="test_media_for_circle_and_workshops" time="0.492" /><testcase classname="tests.test_media_chat" name="test_circle_detail_shape" time="0.209" /><testcase classname="tests.test_media_chat" name="test_chat_requires_rsvp_and_flow" time="1.958" /><testcase classname="tests.test_media_chat" name="test_circle_detail_hides_attendees_for_non_rsvp" time="0.440"><skipped type="pytest.skip" message="student is RSVPed to all circles">/app/backend/tests/test_media_chat.py:309: student is RSVPed to all circles</skipped></testcase><testcase classname="tests.test_media_chat" name="test_circle_messages_delete_404" time="0.805" /><testcase classname="tests.backend_test" name="test_login_demo" time="0.318" /><testcase classname="tests.backend_test" name="test_login_invalid" time="0.319" /><testcase classname="tests.backend_test" name="test_me" time="0.421" /><testcase classname="tests.backend_test" name="test_me_no_token" time="0.097" /><testcase classname="tests.backend_test" name="test_checkins_today" time="0.095" /><testcase classname="tests.backend_test" name="test_checkins_upsert" time="0.291" /><testcase classname="tests.backend_test" name="test_checkins_week" time="0.098" /><testcase classname="tests.backend_test" name="test_recommendations" time="0.103" /><testcase classname="tests.backend_test" name="test_events_upcoming" time="0.101" /><testcase classname="tests.backend_test" name="test_learning_current" time="0.101" /><testcase classname="tests.backend_test" name="test_rotating_message" time="0.106" /><testcase classname="tests.backend_test" name="test_protected_401" time="0.522" /><testcase classname="tests.test_focused_fixes" name="test_learning_current_shape" time="0.422" /><testcase classname="tests.test_focused_fixes" name="test_consent_partial_put_merges_defaults" time="0.172" /><testcase classname="tests.test_programs" name="test_circles_capacity_full_returns_400" time="7.951" /><testcase classname="tests.test_programs" name="test_support_resources" time="0.098" /><testcase classname="tests.test_programs" name="test_support_message_flow" time="0.210" /><testcase classname="tests.test_programs" name="test_wellness_habits_and_log" time="0.539" /><testcase classname="tests.test_programs" name="test_journal_seed_and_crud" time="0.311" /><testcase classname="tests.test_programs" name="test_rhythms_30_days" time="0.095" /><testcase classname="tests.test_programs" name="test_consent_default_false" time="0.094" /><testcase classname="tests.test_programs" name="test_consent_put_partial" time="0.194" /><testcase classname="tests.test_programs" name="test_admin_students_forbidden_for_student" time="0.093" /><testcase classname="tests.test_programs" name="test_admin_students_ok" time="0.099" /><testcase classname="tests.test_programs" name="test_admin_aggregate" time="0.101" /><testcase classname="tests.test_programs" name="test_admin_consented_reflections_default_hides_jaylen" time="0.104" /><testcase classname="tests.test_programs" name="test_ancr_status" time="0.105" /><testcase classname="tests.test_programs" name="test_require_auth[/api/learning/pathways]" time="0.093" /><testcase classname="tests.test_programs" name="test_require_auth[/api/performance/rituals]" time="0.096" /><testcase classname="tests.test_programs" name="test_require_auth[/api/recovery/sessions]" time="0.098" /><testcase classname="tests.test_programs" name="test_require_auth[/api/circles]" time="0.104" /><testcase classname="tests.test_programs" name="test_require_auth[/api/support/resources]" time="0.093" /><testcase classname="tests.test_programs" name="test_require_auth[/api/wellness/habits]" time="0.096" /><testcase classname="tests.test_programs" name="test_require_auth[/api/wellness/journal]" time="0.111" /><testcase classname="tests.test_programs" name="test_require_auth[/api/wellness/rhythms]" time="0.113" /><testcase classname="tests.test_programs" name="test_require_auth[/api/consent]" time="0.093" /><testcase classname="tests.test_programs" name="test_cross_user_privacy_habits" time="0.206" /></testsuite></testsuites>