<?xml version="1.0" encoding="utf-8"?><testsuites name="pytest tests"><testsuite name="pytest" errors="0" failures="0" skipped="0" tests="90" time="105.531" timestamp="2026-07-31T22:33:54.101897+00:00" hostname="agent-env-1299a457-71d3-4182-b984-55bd081ccaed"><testcase classname="tests.test_lifestyle" name="test_lifestyle_requires_auth" time="13.425" /><testcase classname="tests.test_programs" name="test_regression_endpoints_200[/api/auth/me]" time="0.530" /><testcase classname="tests.test_programs" name="test_regression_endpoints_200[/api/checkins/today]" time="0.115" /><testcase classname="tests.test_programs" name="test_regression_endpoints_200[/api/checkins/week]" time="0.103" /><testcase classname="tests.test_programs" name="test_regression_endpoints_200[/api/recommendations]" time="5.302" /><testcase classname="tests.test_programs" name="test_regression_endpoints_200[/api/events/upcoming]" time="3.253" /><testcase classname="tests.test_programs" name="test_regression_endpoints_200[/api/rotating-message]" time="0.138" /><testcase classname="tests.test_programs" name="test_regression_endpoints_200[/api/lifestyle/nutrition/today]" time="0.103" /><testcase classname="tests.test_programs" name="test_regression_endpoints_200[/api/lifestyle/mindfulness/activities]" time="2.163" /><testcase classname="tests.test_programs" name="test_regression_endpoints_200[/api/lifestyle/movement/activities]" time="0.156" /><testcase classname="tests.test_programs" name="test_regression_endpoints_200[/api/lifestyle/summary]" time="0.109" /><testcase classname="tests.test_programs" name="test_pathways_list" time="0.101" /><testcase classname="tests.test_programs" name="test_pathway_detail_vocal" time="11.344" /><testcase classname="tests.test_lifestyle" name="test_foods_library" time="3.531" /><testcase classname="tests.test_lifestyle" name="test_foods_query_filter" time="0.159" /><testcase classname="tests.test_programs" name="test_lesson_vocal_hydro" time="68.217" /><testcase classname="tests.test_lifestyle" name="test_custom_food_scoped" time="68.984" /><testcase classname="tests.test_lifestyle" name="test_meal_totals" time="0.220" /><testcase classname="tests.test_lifestyle" name="test_meals_filter_by_date" time="0.125" /><testcase classname="tests.test_lifestyle" name="test_meal_duplicate" time="0.441" /><testcase classname="tests.test_lifestyle" name="test_meal_copy_yesterday" time="0.230" /><testcase classname="tests.test_lifestyle" name="test_saved_meals_crud" time="0.362" /><testcase classname="tests.test_lifestyle" name="test_hydration_sum" time="0.354" /><testcase classname="tests.test_lifestyle" name="test_targets_default_and_put" time="0.351" /><testcase classname="tests.test_lifestyle" name="test_targets_reject_unsafe" time="0.231" /><testcase classname="tests.test_lifestyle" name="test_targets_estimate_blocks" time="0.433" /><testcase classname="tests.test_lifestyle" name="test_targets_estimate_valid" time="0.122" /><testcase classname="tests.test_lifestyle" name="test_nutrition_today_shape" time="0.113" /><testcase classname="tests.test_lifestyle" name="test_nutrition_reflection_upsert" time="0.355" /><testcase classname="tests.test_lifestyle" name="test_affirmations_list" time="0.123" /><testcase classname="tests.test_lifestyle" name="test_affirmations_filter" time="0.215" /><testcase classname="tests.test_lifestyle" name="test_affirmations_today" time="0.103" /><testcase classname="tests.test_lifestyle" name="test_affirmation_toggle_and_reflection" time="0.474" /><testcase classname="tests.test_lifestyle" name="test_jaylen_seeded_favorites" time="0.108" /><testcase classname="tests.test_lifestyle" name="test_mindfulness_list" time="0.122" /><testcase classname="tests.test_lifestyle" name="test_mindfulness_complete" time="0.263" /><testcase classname="tests.test_lifestyle" name="test_movement_list" time="0.142" /><testcase classname="tests.test_lifestyle" name="test_movement_today_personalized" time="0.102" /><testcase classname="tests.test_lifestyle" name="test_movement_complete" time="0.106" /><testcase classname="tests.test_lifestyle" name="test_routines_crud" time="0.332" /><testcase classname="tests.test_lifestyle" name="test_lifestyle_summary" time="0.109" /><testcase classname="tests.test_programs" name="test_lesson_read_new_sets_read" time="0.204" /><testcase classname="tests.test_lifestyle" name="test_privacy_meals_scope" time="0.369" /><testcase classname="tests.test_programs" name="test_lesson_read_preserves_higher_status" time="0.207" /><testcase classname="tests.backend_test" name="test_login_demo" time="0.349" /><testcase classname="tests.test_programs" name="test_lesson_launch_then_reflect_earns_credit" time="0.657" /><testcase classname="tests.backend_test" name="test_login_invalid" time="0.325" /><testcase classname="tests.backend_test" name="test_me" time="0.595" /><testcase classname="tests.test_programs" name="test_reflect_without_launch_no_credit" time="0.658" /><testcase classname="tests.backend_test" name="test_me_no_token" time="0.155" /><testcase classname="tests.test_programs" name="test_learning_credits_has_seed" time="0.116" /><testcase classname="tests.backend_test" name="test_checkins_today" time="0.094" /><testcase classname="tests.test_programs" name="test_learning_current_not_completed" time="0.134" /><testcase classname="tests.backend_test" name="test_checkins_upsert" time="0.348" /><testcase classname="tests.test_programs" name="test_rituals_list_and_complete" time="0.230" /><testcase classname="tests.test_programs" name="test_recovery_list_and_complete" time="0.211" /><testcase classname="tests.backend_test" name="test_checkins_week" time="0.114" /><testcase classname="tests.backend_test" name="test_recommendations" time="0.134" /><testcase classname="tests.test_programs" name="test_circles_list_jaylen_has_two_rsvps" time="0.098" /><testcase classname="tests.backend_test" name="test_events_upcoming" time="0.141" /><testcase classname="tests.test_programs" name="test_circles_mine_returns_only_rsvped" time="0.173" /><testcase classname="tests.backend_test" name="test_learning_current" time="0.095" /><testcase classname="tests.test_programs" name="test_circles_rsvp_toggle" time="0.492" /><testcase classname="tests.backend_test" name="test_rotating_message" time="0.111" /><testcase classname="tests.backend_test" name="test_protected_401" time="0.767" /><testcase classname="tests.test_programs" name="test_circles_capacity_full_returns_400" time="6.568" /><testcase classname="tests.test_focused_fixes" name="test_learning_current_shape" time="0.600" /><testcase classname="tests.test_focused_fixes" name="test_consent_partial_put_merges_defaults" time="0.252" /><testcase classname="tests.test_programs" name="test_support_resources" time="0.101" /><testcase classname="tests.test_programs" name="test_support_message_flow" time="0.239" /><testcase classname="tests.test_programs" name="test_wellness_habits_and_log" time="0.549" /><testcase classname="tests.test_programs" name="test_journal_seed_and_crud" time="0.352" /><testcase classname="tests.test_programs" name="test_rhythms_30_days" time="0.126" /><testcase classname="tests.test_programs" name="test_consent_default_false" time="0.121" /><testcase classname="tests.test_programs" name="test_consent_put_partial" time="0.218" /><testcase classname="tests.test_programs" name="test_admin_students_forbidden_for_student" time="0.135" /><testcase classname="tests.test_programs" name="test_admin_students_ok" time="0.117" /><testcase classname="tests.test_programs" name="test_admin_aggregate" time="0.099" /><testcase classname="tests.test_programs" name="test_admin_consented_reflections_default_hides_jaylen" time="0.136" /><testcase classname="tests.test_programs" name="test_ancr_status" time="0.129" /><testcase classname="tests.test_programs" name="test_require_auth[/api/learning/pathways]" time="0.115" /><testcase classname="tests.test_programs" name="test_require_auth[/api/performance/rituals]" time="0.107" /><testcase classname="tests.test_programs" name="test_require_auth[/api/recovery/sessions]" time="0.096" /><testcase classname="tests.test_programs" name="test_require_auth[/api/circles]" time="0.128" /><testcase classname="tests.test_programs" name="test_require_auth[/api/support/resources]" time="0.112" /><testcase classname="tests.test_programs" name="test_require_auth[/api/wellness/habits]" time="0.096" /><testcase classname="tests.test_programs" name="test_require_auth[/api/wellness/journal]" time="0.123" /><testcase classname="tests.test_programs" name="test_require_auth[/api/wellness/rhythms]" time="0.112" /><testcase classname="tests.test_programs" name="test_require_auth[/api/consent]" time="0.114" /><testcase classname="tests.test_programs" name="test_cross_user_privacy_habits" time="0.230" /></testsuite></testsuites>