<?xml version="1.0" encoding="utf-8"?><testsuites name="pytest tests"><testsuite name="pytest" errors="0" failures="0" skipped="0" tests="18" time="3.722" timestamp="2026-07-31T23:45:01.305860+00:00" hostname="agent-env-1299a457-71d3-4182-b984-55bd081ccaed"><testcase classname="tests.test_iteration7.TestRegression" name="test_pathways" time="0.643" /><testcase classname="tests.test_iteration7.TestPlaylists" name="test_list_playlists_initial" time="0.755" /><testcase classname="tests.test_iteration7.TestRegression" name="test_circles_list" time="0.140" /><testcase classname="tests.test_iteration7.TestPlaylists" name="test_student_create_forbidden" time="0.102" /><testcase classname="tests.test_iteration7.TestRegression" name="test_media_list" time="0.099" /><testcase classname="tests.test_iteration7.TestRegression" name="test_support" time="0.109" /><testcase classname="tests.test_iteration7.TestRegression" name="test_consent" time="0.262" /><testcase classname="tests.test_iteration7.TestPlaylists" name="test_admin_create" time="0.721" /><testcase classname="tests.test_iteration7.TestCircleJoinUrl" name="test_set_and_clear" time="0.878" /><testcase classname="tests.test_iteration7.TestPlaylists" name="test_get_playlist_detail" time="0.095" /><testcase classname="tests.test_iteration7.TestPlaylists" name="test_filter_by_category" time="0.298" /><testcase classname="tests.test_iteration7.TestPlaylists" name="test_student_update_forbidden" time="0.102" /><testcase classname="tests.test_iteration7.TestPlaylists" name="test_admin_update" time="0.103" /><testcase classname="tests.test_iteration7.TestAncrStatus" name="test_shape" time="0.102" /><testcase classname="tests.test_iteration7.TestPlaylists" name="test_add_media_idempotent" time="0.525" /><testcase classname="tests.test_iteration7.TestPlaylists" name="test_student_delete_forbidden" time="0.100" /><testcase classname="tests.test_iteration7.TestPlaylists" name="test_zz_admin_delete_cleanup" time="0.306" /><testcase classname="tests.test_iteration7.TestPlaylists" name="test_requires_auth" time="0.096" /></testsuite></testsuites>