<?xml version="1.0" encoding="utf-8"?><testsuites name="pytest tests"><testsuite name="pytest" errors="0" failures="0" skipped="0" tests="41" time="82.974" timestamp="2026-07-31T20:38:53.769121+00:00" hostname="agent-env-1299a457-71d3-4182-b984-55bd081ccaed"><testcase classname="tests.backend_test" name="test_login_demo" time="0.431" /><testcase classname="tests.test_lifestyle" name="test_lifestyle_requires_auth" time="1.384" /><testcase classname="tests.backend_test" name="test_login_invalid" time="0.329" /><testcase classname="tests.backend_test" name="test_me" time="0.423" /><testcase classname="tests.backend_test" name="test_me_no_token" time="0.147" /><testcase classname="tests.backend_test" name="test_checkins_today" time="0.104" /><testcase classname="tests.backend_test" name="test_checkins_upsert" time="0.476" /><testcase classname="tests.test_lifestyle" name="test_foods_library" time="0.443" /><testcase classname="tests.test_lifestyle" name="test_foods_query_filter" time="0.150" /><testcase classname="tests.backend_test" name="test_checkins_week" time="0.110" /><testcase classname="tests.backend_test" name="test_recommendations" time="0.284" /><testcase classname="tests.test_lifestyle" name="test_custom_food_scoped" time="0.652" /><testcase classname="tests.backend_test" name="test_events_upcoming" time="0.117" /><testcase classname="tests.backend_test" name="test_learning_current" time="0.115" /><testcase classname="tests.backend_test" name="test_rotating_message" time="0.097" /><testcase classname="tests.test_lifestyle" name="test_meal_totals" time="0.221" /><testcase classname="tests.backend_test" name="test_protected_401" time="0.592" /><testcase classname="tests.test_lifestyle" name="test_meals_filter_by_date" time="0.111" /><testcase classname="tests.test_lifestyle" name="test_meal_duplicate" time="0.435" /><testcase classname="tests.test_lifestyle" name="test_meal_copy_yesterday" time="0.213" /><testcase classname="tests.test_lifestyle" name="test_saved_meals_crud" time="0.313" /><testcase classname="tests.test_lifestyle" name="test_hydration_sum" time="0.338" /><testcase classname="tests.test_lifestyle" name="test_targets_default_and_put" time="0.376" /><testcase classname="tests.test_lifestyle" name="test_targets_reject_unsafe" time="0.237" /><testcase classname="tests.test_lifestyle" name="test_targets_estimate_blocks" time="2.558" /><testcase classname="tests.test_lifestyle" name="test_targets_estimate_valid" time="0.107" /><testcase classname="tests.test_lifestyle" name="test_nutrition_today_shape" time="35.915" /><testcase classname="tests.test_lifestyle" name="test_nutrition_reflection_upsert" time="36.531" /><testcase classname="tests.test_lifestyle" name="test_affirmations_list" time="0.111" /><testcase classname="tests.test_lifestyle" name="test_affirmations_filter" time="0.208" /><testcase classname="tests.test_lifestyle" name="test_affirmations_today" time="0.118" /><testcase classname="tests.test_lifestyle" name="test_affirmation_toggle_and_reflection" time="0.454" /><testcase classname="tests.test_lifestyle" name="test_jaylen_seeded_favorites" time="0.104" /><testcase classname="tests.test_lifestyle" name="test_mindfulness_list" time="0.122" /><testcase classname="tests.test_lifestyle" name="test_mindfulness_complete" time="0.217" /><testcase classname="tests.test_lifestyle" name="test_movement_list" time="0.109" /><testcase classname="tests.test_lifestyle" name="test_movement_today_personalized" time="0.111" /><testcase classname="tests.test_lifestyle" name="test_movement_complete" time="0.102" /><testcase classname="tests.test_lifestyle" name="test_routines_crud" time="0.311" /><testcase classname="tests.test_lifestyle" name="test_lifestyle_summary" time="0.118" /><testcase classname="tests.test_lifestyle" name="test_privacy_meals_scope" time="0.305" /></testsuite></testsuites>