<?xml version="1.0" encoding="utf-8"?><testsuites name="pytest tests"><testsuite name="pytest" errors="0" failures="0" skipped="0" tests="47" time="16.593" timestamp="2026-07-31T22:27:29.857988+00:00" hostname="agent-env-1299a457-71d3-4182-b984-55bd081ccaed"><testcase classname="tests.test_programs" name="test_regression_endpoints_200[/api/auth/me]" time="0.519" /><testcase classname="tests.test_programs" name="test_regression_endpoints_200[/api/checkins/today]" time="0.099" /><testcase classname="tests.test_programs" name="test_regression_endpoints_200[/api/checkins/week]" time="0.114" /><testcase classname="tests.test_programs" name="test_regression_endpoints_200[/api/recommendations]" time="0.120" /><testcase classname="tests.test_programs" name="test_regression_endpoints_200[/api/events/upcoming]" time="0.099" /><testcase classname="tests.test_programs" name="test_regression_endpoints_200[/api/rotating-message]" time="0.100" /><testcase classname="tests.test_programs" name="test_regression_endpoints_200[/api/lifestyle/nutrition/today]" time="0.102" /><testcase classname="tests.test_programs" name="test_regression_endpoints_200[/api/lifestyle/mindfulness/activities]" time="0.112" /><testcase classname="tests.test_programs" name="test_regression_endpoints_200[/api/lifestyle/movement/activities]" time="0.100" /><testcase classname="tests.test_programs" name="test_regression_endpoints_200[/api/lifestyle/summary]" time="0.100" /><testcase classname="tests.test_programs" name="test_pathways_list" time="0.132" /><testcase classname="tests.test_programs" name="test_pathway_detail_vocal" time="0.114" /><testcase classname="tests.test_programs" name="test_lesson_vocal_hydro" time="0.124" /><testcase classname="tests.test_programs" name="test_lesson_read_new_sets_read" time="0.229" /><testcase classname="tests.test_programs" name="test_lesson_read_preserves_higher_status" time="0.204" /><testcase classname="tests.test_programs" name="test_lesson_launch_then_reflect_earns_credit" time="0.235" /><testcase classname="tests.test_programs" name="test_reflect_without_launch_no_credit" time="0.452" /><testcase classname="tests.test_programs" name="test_learning_credits_has_seed" time="0.111" /><testcase classname="tests.test_programs" name="test_learning_current_not_completed" time="0.130" /><testcase classname="tests.test_programs" name="test_rituals_list_and_complete" time="0.213" /><testcase classname="tests.test_programs" name="test_recovery_list_and_complete" time="0.219" /><testcase classname="tests.test_programs" name="test_circles_list_jaylen_has_two_rsvps" time="0.112" /><testcase classname="tests.test_programs" name="test_circles_mine_returns_only_rsvped" time="0.112" /><testcase classname="tests.test_programs" name="test_circles_rsvp_toggle" time="0.356" /><testcase classname="tests.test_programs" name="test_circles_capacity_full_returns_400" time="8.321" /><testcase classname="tests.test_programs" name="test_support_resources" time="0.095" /><testcase classname="tests.test_programs" name="test_support_message_flow" time="0.238" /><testcase classname="tests.test_programs" name="test_wellness_habits_and_log" time="0.579" /><testcase classname="tests.test_programs" name="test_journal_seed_and_crud" time="0.355" /><testcase classname="tests.test_programs" name="test_rhythms_30_days" time="0.102" /><testcase classname="tests.test_programs" name="test_consent_default_false" time="0.098" /><testcase classname="tests.test_programs" name="test_consent_put_partial" time="0.199" /><testcase classname="tests.test_programs" name="test_admin_students_forbidden_for_student" time="0.111" /><testcase classname="tests.test_programs" name="test_admin_students_ok" time="0.112" /><testcase classname="tests.test_programs" name="test_admin_aggregate" time="0.118" /><testcase classname="tests.test_programs" name="test_admin_consented_reflections_default_hides_jaylen" time="0.115" /><testcase classname="tests.test_programs" name="test_ancr_status" time="0.113" /><testcase classname="tests.test_programs" name="test_require_auth[/api/learning/pathways]" time="0.125" /><testcase classname="tests.test_programs" name="test_require_auth[/api/performance/rituals]" time="0.107" /><testcase classname="tests.test_programs" name="test_require_auth[/api/recovery/sessions]" time="0.111" /><testcase classname="tests.test_programs" name="test_require_auth[/api/circles]" time="0.095" /><testcase classname="tests.test_programs" name="test_require_auth[/api/support/resources]" time="0.106" /><testcase classname="tests.test_programs" name="test_require_auth[/api/wellness/habits]" time="0.119" /><testcase classname="tests.test_programs" name="test_require_auth[/api/wellness/journal]" time="0.100" /><testcase classname="tests.test_programs" name="test_require_auth[/api/wellness/rhythms]" time="0.113" /><testcase classname="tests.test_programs" name="test_require_auth[/api/consent]" time="0.118" /><testcase classname="tests.test_programs" name="test_cross_user_privacy_habits" time="0.232" /></testsuite></testsuites>