<?xml version="1.0" encoding="utf-8"?><testsuites name="pytest tests"><testsuite name="pytest" errors="0" failures="0" skipped="0" tests="12" time="5.817" timestamp="2026-07-31T19:32:33.911038+00:00" hostname="agent-env-1299a457-71d3-4182-b984-55bd081ccaed"><testcase classname="tests.backend_test" name="test_login_demo" time="0.539" /><testcase classname="tests.backend_test" name="test_login_invalid" time="0.428" /><testcase classname="tests.backend_test" name="test_me" time="2.378" /><testcase classname="tests.backend_test" name="test_me_no_token" time="0.147" /><testcase classname="tests.backend_test" name="test_checkins_today" time="0.116" /><testcase classname="tests.backend_test" name="test_checkins_upsert" time="0.380" /><testcase classname="tests.backend_test" name="test_checkins_week" time="0.107" /><testcase classname="tests.backend_test" name="test_recommendations" time="0.108" /><testcase classname="tests.backend_test" name="test_events_upcoming" time="0.103" /><testcase classname="tests.backend_test" name="test_learning_current" time="0.104" /><testcase classname="tests.backend_test" name="test_rotating_message" time="0.111" /><testcase classname="tests.backend_test" name="test_protected_401" time="0.768" /></testsuite></testsuites>